* T-Spice 13.00 Simulation	Fri Sep 06 19:27:02 2019	C:\Users\ARJUN\AppData\Local\Temp\TB_SRAM_6T_8BIT.sp
* Command line: tspice -o C:\Users\ARJUN\AppData\Local\Temp\TB_SRAM_6T_8BIT.out C:\Users\ARJUN\AppData\Local\Temp\TB_SRAM_6T_8BIT.sp 
* T-Spice Win32 13.00.20080321.01:01:33

*SEDIT: Alter blocks = 0

* Accuracy and Convergence options:
* numndset|dchold = 100
* 
* Timestep and Integration options:
*  relq|relchgtol = 0.0005
* 
* Model Evaluation options:
*            dcap = 2                    defnrb = 0 [sq]               defnrd = 0 [sq]
*          defnrs = 0 [sq]                 tnom = 25 [deg C]
* 
* General options:
*            temp = 25 [deg C]          threads = 4
* 
* Output options:
*           acout = 1                    ingold = 0
* 


*  Device and node counts:
*             MOSFETs - 64                MOSFET geometries - 4       
*                BJTs - 0                             JFETs - 0       
*             MESFETs - 0                            Diodes - 0       
*          Capacitors - 0                         Resistors - 0       
*           Inductors - 0                  Mutual inductors - 0       
*  Transmission lines - 0        Coupled transmission lines - 0       
*     Voltage sources - 10                  Current sources - 0       
*                VCVS - 0                              VCCS - 0       
*                CCVS - 0                              CCCS - 0       
*    V-control switch - 0                  I-control switch - 0       
*       Macro devices - 0        External C model instances - 0       
*         HDL devices - 0       
*         Subcircuits - 0              Subcircuit instances - 17      
*   Independent nodes - 280                  Boundary nodes - 11      
*         Total nodes - 291     


*SEDIT: Alter=0
*SEDIT: Analysis types DCOP 0 ACMODEL 0 AC 0 TRANSIENT 1 TRANSFER 0 NOISE 0 

*WEDIT: .tran   2e-006   3e-006
TRANSIENT ANALYSIS
Time<s>           v(WL)<V>   v(BL_1)<V>   v(BL_2)<V>    v(Q_1)<V>    v(Q_2)<V>   v(QB_1)<V>   v(QB_2)<V>
 0.000000e+000  0.0000e+000  0.0000e+000  0.0000e+000  2.1676e-001  2.1676e-001  2.1667e-001  2.1667e-001
 1.000000e-009  0.0000e+000  0.0000e+000  0.0000e+000  2.1676e-001  2.1676e-001  2.1667e-001  2.1667e-001
 1.100000e-008  0.0000e+000  0.0000e+000  0.0000e+000  2.1676e-001  2.1676e-001  2.1667e-001  2.1667e-001
 4.000000e-008  0.0000e+000  0.0000e+000  0.0000e+000  2.1676e-001  2.1676e-001  2.1667e-001  2.1667e-001
 4.100000e-008  4.0000e-001  0.0000e+000  0.0000e+000  3.7518e-002  3.7518e-002  3.3389e-001  3.3389e-001
 4.150000e-008  4.0000e-001  0.0000e+000  0.0000e+000  1.5074e-002  1.5074e-002  3.6207e-001  3.6207e-001
 4.350763e-008  4.0000e-001  0.0000e+000  0.0000e+000  6.5690e-003  6.5690e-003  3.8356e-001  3.8356e-001
 4.451145e-008  4.0000e-001  0.0000e+000  0.0000e+000  5.1913e-003  5.1913e-003  3.8854e-001  3.8854e-001
 4.740855e-008  4.0000e-001  0.0000e+000  0.0000e+000  5.3987e-003  5.3987e-003  3.8866e-001  3.8866e-001
 6.000000e-008  4.0000e-001  0.0000e+000  0.0000e+000  5.2157e-003  5.2157e-003  3.8855e-001  3.8855e-001
 6.100000e-008  4.0000e-001  0.0000e+000  4.0000e-001  5.2942e-003  3.6215e-002  3.8860e-001  3.7789e-001
 6.150000e-008  4.0000e-001  0.0000e+000  4.0000e-001  5.3027e-003  4.7035e-002  3.8860e-001  3.5406e-001
 6.175000e-008  4.0000e-001  0.0000e+000  4.0000e-001  5.3043e-003  5.3316e-002  3.8860e-001  3.4020e-001
 6.425000e-008  4.0000e-001  0.0000e+000  4.0000e-001  5.3058e-003  1.9540e-001  3.8861e-001  9.1506e-002
 6.550000e-008  4.0000e-001  0.0000e+000  4.0000e-001  5.3047e-003  3.4112e-001  3.8860e-001  2.2963e-002
 6.612499e-008  4.0000e-001  0.0000e+000  4.0000e-001  5.3053e-003  3.7828e-001  3.8860e-001  1.3943e-002
 6.807346e-008  4.0000e-001  0.0000e+000  4.0000e-001  5.3050e-003  3.9099e-001  3.8860e-001  6.0546e-003
 7.846197e-008  4.0000e-001  0.0000e+000  4.0000e-001  5.3053e-003  3.8676e-001  3.8860e-001  9.7605e-003
 8.000000e-008  4.0000e-001  0.0000e+000  4.0000e-001  5.3051e-003  3.8872e-001  3.8860e-001  7.2877e-003
 8.100000e-008  0.0000e+000  4.0000e-001  4.0000e-001  6.1771e-003  3.8722e-001  3.8738e-001  6.7372e-003
 8.150000e-008  0.0000e+000  4.0000e-001  4.0000e-001  8.6016e-003  3.8817e-001  3.8832e-001  8.8319e-003
 8.519668e-008  0.0000e+000  4.0000e-001  4.0000e-001  9.8733e-003  3.8826e-001  3.8828e-001  9.8929e-003
 1.200000e-007  0.0000e+000  4.0000e-001  4.0000e-001  1.0112e-002  3.8817e-001  3.8814e-001  1.0081e-002
 1.210000e-007  4.0000e-001  4.0000e-001  4.0000e-001  4.6649e-002  3.8967e-001  3.4711e-001  1.0724e-002
 1.215000e-007  4.0000e-001  4.0000e-001  4.0000e-001  6.1305e-002  3.8877e-001  3.2148e-001  8.9015e-003
 1.235092e-007  4.0000e-001  4.0000e-001  4.0000e-001  2.9914e-001  3.8861e-001  6.0369e-002  8.0954e-003
 1.245138e-007  4.0000e-001  4.0000e-001  4.0000e-001  3.7277e-001  3.8862e-001  1.5648e-002  7.9587e-003
 1.250161e-007  4.0000e-001  4.0000e-001  4.0000e-001  3.8281e-001  3.8865e-001  1.0628e-002  7.9885e-003
 1.263605e-007  4.0000e-001  4.0000e-001  4.0000e-001  3.8917e-001  3.8865e-001  7.5695e-003  7.9848e-003
 1.314422e-007  4.0000e-001  4.0000e-001  4.0000e-001  3.8834e-001  3.8865e-001  8.3125e-003  7.9868e-003
 1.339831e-007  4.0000e-001  4.0000e-001  4.0000e-001  3.8874e-001  3.8865e-001  7.7725e-003  7.9853e-003
 1.400000e-007  4.0000e-001  4.0000e-001  4.0000e-001  3.8861e-001  3.8865e-001  8.1735e-003  7.9864e-003
 1.410000e-007  4.0000e-001  4.0000e-001  0.0000e+000  3.8862e-001  2.3045e-001  8.0107e-003  5.8785e-002
 1.414999e-007  4.0000e-001  4.0000e-001  0.0000e+000  3.8863e-001  1.1809e-001  7.9953e-003  9.2729e-002
 1.417499e-007  4.0000e-001  4.0000e-001  0.0000e+000  3.8864e-001  7.9539e-002  7.9918e-003  1.1606e-001
 1.442499e-007  4.0000e-001  4.0000e-001  0.0000e+000  3.8866e-001 -1.2041e-003  7.9834e-003  3.7146e-001
 1.454999e-007  4.0000e-001  4.0000e-001  0.0000e+000  3.8865e-001  1.0361e-002  7.9863e-003  3.9353e-001
 1.461249e-007  4.0000e-001  4.0000e-001  0.0000e+000  3.8865e-001  3.1469e-003  7.9858e-003  3.8769e-001
 1.480735e-007  4.0000e-001  4.0000e-001  0.0000e+000  3.8865e-001  6.9123e-003  7.9860e-003  3.8948e-001
 1.584626e-007  4.0000e-001  4.0000e-001  0.0000e+000  3.8865e-001  3.7987e-003  7.9858e-003  3.8777e-001
 1.600000e-007  4.0000e-001  4.0000e-001  0.0000e+000  3.8865e-001  6.3494e-003  7.9860e-003  3.8925e-001
 1.610000e-007  0.0000e+000  0.0000e+000  0.0000e+000  3.8713e-001  6.4101e-003  6.9367e-003  3.8747e-001
 1.615000e-007  0.0000e+000  0.0000e+000  0.0000e+000  3.8810e-001  8.6798e-003  8.9215e-003  3.8833e-001
 1.651966e-007  0.0000e+000  0.0000e+000  0.0000e+000  3.8824e-001  9.8741e-003  9.9083e-003  3.8828e-001
 1.999999e-007  0.0000e+000  0.0000e+000  0.0000e+000  3.8817e-001  1.0099e-002  1.0078e-002  3.8815e-001
 2.014714e-007  4.0000e-001  0.0000e+000  0.0000e+000  8.8553e-002  6.7574e-003  1.1845e-001  3.8895e-001
 2.022072e-007  4.0000e-001  0.0000e+000  0.0000e+000  2.9808e-002  5.5584e-003  2.7111e-001  3.8853e-001
 2.025751e-007  4.0000e-001  0.0000e+000  0.0000e+000  1.3402e-002  5.2941e-003  3.3745e-001  3.8849e-001
 2.034335e-007  4.0000e-001  0.0000e+000  0.0000e+000  6.7274e-003  5.3221e-003  3.8568e-001  3.8861e-001
 2.051841e-007  4.0000e-001  0.0000e+000  0.0000e+000  4.6020e-003  5.2935e-003  3.8918e-001  3.8860e-001
 2.076571e-007  4.0000e-001  0.0000e+000  0.0000e+000  5.8043e-003  5.3143e-003  3.8848e-001  3.8861e-001
 2.088935e-007  4.0000e-001  0.0000e+000  0.0000e+000  5.0313e-003  5.2994e-003  3.8848e-001  3.8860e-001
 2.149582e-007  4.0000e-001  0.0000e+000  0.0000e+000  5.5539e-003  5.3104e-003  3.8873e-001  3.8861e-001
 2.179906e-007  4.0000e-001  0.0000e+000  0.0000e+000  5.1002e-003  5.3008e-003  3.8849e-001  3.8860e-001
 2.200000e-007  4.0000e-001  0.0000e+000  0.0000e+000  5.4594e-003  5.3085e-003  3.8870e-001  3.8861e-001
 2.210000e-007  4.0000e-001  0.0000e+000  4.0000e-001  5.3241e-003  3.6233e-002  3.8862e-001  3.7790e-001
 2.215000e-007  4.0000e-001  0.0000e+000  4.0000e-001  5.3093e-003  4.7041e-002  3.8861e-001  3.5406e-001
 2.217500e-007  4.0000e-001  0.0000e+000  4.0000e-001  5.3067e-003  5.3320e-002  3.8861e-001  3.4020e-001
 2.242500e-007  4.0000e-001  0.0000e+000  4.0000e-001  5.3040e-003  1.9539e-001  3.8860e-001  9.1506e-002
 2.255000e-007  4.0000e-001  0.0000e+000  4.0000e-001  5.3059e-003  3.4112e-001  3.8861e-001  2.2964e-002
 2.261250e-007  4.0000e-001  0.0000e+000  4.0000e-001  5.3049e-003  3.7828e-001  3.8860e-001  1.3943e-002
 2.280734e-007  4.0000e-001  0.0000e+000  4.0000e-001  5.3054e-003  3.9099e-001  3.8860e-001  6.0545e-003
 2.384616e-007  4.0000e-001  0.0000e+000  4.0000e-001  5.3050e-003  3.8676e-001  3.8860e-001  9.7606e-003
 2.400000e-007  4.0000e-001  0.0000e+000  4.0000e-001  5.3053e-003  3.8872e-001  3.8860e-001  7.2875e-003
 2.410000e-007  1.0603e-014  4.0000e-001  4.0000e-001  6.1771e-003  3.8722e-001  3.8738e-001  6.7371e-003
 2.415000e-007  0.0000e+000  4.0000e-001  4.0000e-001  8.6016e-003  3.8817e-001  3.8832e-001  8.8318e-003
 2.451966e-007  0.0000e+000  4.0000e-001  4.0000e-001  9.8733e-003  3.8826e-001  3.8828e-001  9.8929e-003
 2.800000e-007  1.0588e-014  4.0000e-001  4.0000e-001  1.0112e-002  3.8817e-001  3.8814e-001  1.0081e-002
 2.810000e-007  4.0000e-001  4.0000e-001  4.0000e-001  4.6649e-002  3.8967e-001  3.4711e-001  1.0724e-002
 2.815000e-007  4.0000e-001  4.0000e-001  4.0000e-001  6.1305e-002  3.8877e-001  3.2148e-001  8.9015e-003
 2.835092e-007  4.0000e-001  4.0000e-001  4.0000e-001  2.9914e-001  3.8861e-001  6.0369e-002  8.0954e-003
 2.845138e-007  4.0000e-001  4.0000e-001  4.0000e-001  3.7277e-001  3.8862e-001  1.5648e-002  7.9587e-003
 2.850161e-007  4.0000e-001  4.0000e-001  4.0000e-001  3.8281e-001  3.8865e-001  1.0628e-002  7.9885e-003
 2.863605e-007  4.0000e-001  4.0000e-001  4.0000e-001  3.8917e-001  3.8865e-001  7.5695e-003  7.9848e-003
 2.914422e-007  4.0000e-001  4.0000e-001  4.0000e-001  3.8834e-001  3.8865e-001  8.3125e-003  7.9868e-003
 2.939831e-007  4.0000e-001  4.0000e-001  4.0000e-001  3.8874e-001  3.8865e-001  7.7725e-003  7.9853e-003
 3.000000e-007  4.0000e-001  4.0000e-001  4.0000e-001  3.8861e-001  3.8865e-001  8.1735e-003  7.9864e-003
 3.002881e-007  4.0000e-001  4.0000e-001  2.8475e-001  3.8859e-001  3.8822e-001  8.0418e-003  6.5273e-003
 3.010000e-007  4.0000e-001  4.0000e-001  0.0000e+000  3.8862e-001  2.9580e-001  8.0011e-003  4.3666e-002
 3.013559e-007  4.0000e-001  4.0000e-001  0.0000e+000  3.8863e-001  2.1653e-001  7.9940e-003  6.5349e-002
 3.015339e-007  4.0000e-001  4.0000e-001  0.0000e+000  3.8864e-001  1.7468e-001  7.9918e-003  7.5830e-002
 3.033135e-007  4.0000e-001  4.0000e-001  0.0000e+000  3.8865e-001  1.3767e-002  7.9843e-003  3.1243e-001
 3.042034e-007  4.0000e-001  4.0000e-001  0.0000e+000  3.8865e-001  7.8474e-003  7.9859e-003  3.8568e-001
 3.046483e-007  4.0000e-001  4.0000e-001  0.0000e+000  3.8865e-001  5.2156e-003  7.9858e-003  3.8685e-001
 3.058331e-007  4.0000e-001  4.0000e-001  0.0000e+000  3.8865e-001  5.5216e-003  7.9859e-003  3.8889e-001
 3.076869e-007  4.0000e-001  4.0000e-001  0.0000e+000  3.8865e-001  5.1333e-003  7.9859e-003  3.8845e-001
 3.086138e-007  4.0000e-001  4.0000e-001  0.0000e+000  3.8865e-001  5.4024e-003  7.9859e-003  3.8867e-001
 3.151074e-007  4.0000e-001  4.0000e-001  0.0000e+000  3.8865e-001  5.2160e-003  7.9859e-003  3.8855e-001
 3.200000e-007  4.0000e-001  4.0000e-001  0.0000e+000  3.8865e-001  5.3845e-003  7.9859e-003  3.8866e-001
 3.600000e-007  0.0000e+000  0.0000e+000  0.0000e+000  3.8818e-001  9.8638e-003  9.8967e-003  3.8820e-001
 3.614560e-007  4.0000e-001  0.0000e+000  0.0000e+000  9.1434e-002  6.7480e-003  1.1491e-001  3.8899e-001
 3.621840e-007  4.0000e-001  0.0000e+000  0.0000e+000  3.1090e-002  5.5572e-003  2.6456e-001  3.8855e-001
 3.625480e-007  4.0000e-001  0.0000e+000  0.0000e+000  1.3897e-002  5.2938e-003  3.3315e-001  3.8850e-001
 3.633832e-007  4.0000e-001  0.0000e+000  0.0000e+000  6.9468e-003  5.3215e-003  3.8483e-001  3.8861e-001
 3.651209e-007  4.0000e-001  0.0000e+000  0.0000e+000  4.5357e-003  5.2940e-003  3.8938e-001  3.8860e-001
 3.676019e-007  4.0000e-001  0.0000e+000  0.0000e+000  5.8433e-003  5.3139e-003  3.8840e-001  3.8861e-001
 3.688424e-007  4.0000e-001  0.0000e+000  0.0000e+000  5.0166e-003  5.2997e-003  3.8848e-001  3.8860e-001
 3.751736e-007  4.0000e-001  0.0000e+000  0.0000e+000  5.5681e-003  5.3102e-003  3.8873e-001  3.8861e-001
 3.783392e-007  4.0000e-001  0.0000e+000  0.0000e+000  5.0872e-003  5.3009e-003  3.8849e-001  3.8860e-001
 3.800000e-007  4.0000e-001  0.0000e+000  0.0000e+000  5.4592e-003  5.3082e-003  3.8870e-001  3.8861e-001
 3.810000e-007  4.0000e-001  0.0000e+000  4.0000e-001  5.3241e-003  3.6233e-002  3.8862e-001  3.7790e-001
 3.815000e-007  4.0000e-001  0.0000e+000  4.0000e-001  5.3093e-003  4.7041e-002  3.8861e-001  3.5406e-001
 3.817500e-007  4.0000e-001  0.0000e+000  4.0000e-001  5.3067e-003  5.3320e-002  3.8861e-001  3.4020e-001
 3.842500e-007  4.0000e-001  0.0000e+000  4.0000e-001  5.3040e-003  1.9539e-001  3.8860e-001  9.1506e-002
 3.855000e-007  4.0000e-001  0.0000e+000  4.0000e-001  5.3059e-003  3.4112e-001  3.8861e-001  2.2964e-002
 3.861250e-007  4.0000e-001  0.0000e+000  4.0000e-001  5.3049e-003  3.7828e-001  3.8860e-001  1.3943e-002
 3.880734e-007  4.0000e-001  0.0000e+000  4.0000e-001  5.3054e-003  3.9099e-001  3.8860e-001  6.0545e-003
 3.984616e-007  4.0000e-001  0.0000e+000  4.0000e-001  5.3050e-003  3.8676e-001  3.8860e-001  9.7606e-003
 4.000000e-007  4.0000e-001  0.0000e+000  4.0000e-001  5.3053e-003  3.8872e-001  3.8860e-001  7.2875e-003
 4.010000e-007  0.0000e+000  4.0000e-001  4.0000e-001  6.1771e-003  3.8722e-001  3.8738e-001  6.7371e-003
 4.015000e-007  0.0000e+000  4.0000e-001  4.0000e-001  8.6016e-003  3.8817e-001  3.8832e-001  8.8318e-003
 4.051966e-007  0.0000e+000  4.0000e-001  4.0000e-001  9.8733e-003  3.8826e-001  3.8828e-001  9.8929e-003
 4.400000e-007  0.0000e+000  4.0000e-001  4.0000e-001  1.0112e-002  3.8817e-001  3.8814e-001  1.0081e-002
 4.410000e-007  4.0000e-001  4.0000e-001  4.0000e-001  4.6649e-002  3.8967e-001  3.4711e-001  1.0724e-002
 4.415000e-007  4.0000e-001  4.0000e-001  4.0000e-001  6.1305e-002  3.8877e-001  3.2148e-001  8.9015e-003
 4.435092e-007  4.0000e-001  4.0000e-001  4.0000e-001  2.9914e-001  3.8861e-001  6.0369e-002  8.0954e-003
 4.445138e-007  4.0000e-001  4.0000e-001  4.0000e-001  3.7277e-001  3.8862e-001  1.5648e-002  7.9587e-003
 4.450161e-007  4.0000e-001  4.0000e-001  4.0000e-001  3.8281e-001  3.8865e-001  1.0628e-002  7.9885e-003
 4.463605e-007  4.0000e-001  4.0000e-001  4.0000e-001  3.8917e-001  3.8865e-001  7.5695e-003  7.9848e-003
 4.514422e-007  4.0000e-001  4.0000e-001  4.0000e-001  3.8834e-001  3.8865e-001  8.3125e-003  7.9868e-003
 4.539831e-007  4.0000e-001  4.0000e-001  4.0000e-001  3.8874e-001  3.8865e-001  7.7725e-003  7.9853e-003
 4.600000e-007  4.0000e-001  4.0000e-001  4.0000e-001  3.8861e-001  3.8865e-001  8.1735e-003  7.9864e-003
 4.610000e-007  4.0000e-001  4.0000e-001  0.0000e+000  3.8862e-001  2.3045e-001  8.0107e-003  5.8785e-002
 4.615000e-007  4.0000e-001  4.0000e-001  0.0000e+000  3.8863e-001  1.1809e-001  7.9953e-003  9.2729e-002
 4.617499e-007  4.0000e-001  4.0000e-001  0.0000e+000  3.8864e-001  7.9539e-002  7.9918e-003  1.1606e-001
 4.642499e-007  4.0000e-001  4.0000e-001  0.0000e+000  3.8866e-001 -1.2041e-003  7.9834e-003  3.7146e-001
 4.654999e-007  4.0000e-001  4.0000e-001  0.0000e+000  3.8865e-001  1.0361e-002  7.9863e-003  3.9353e-001
 4.661249e-007  4.0000e-001  4.0000e-001  0.0000e+000  3.8865e-001  3.1469e-003  7.9858e-003  3.8769e-001
 4.680735e-007  4.0000e-001  4.0000e-001  0.0000e+000  3.8865e-001  6.9123e-003  7.9860e-003  3.8948e-001
 4.784626e-007  4.0000e-001  4.0000e-001  0.0000e+000  3.8865e-001  3.7987e-003  7.9858e-003  3.8777e-001
 4.799999e-007  4.0000e-001  4.0000e-001  0.0000e+000  3.8865e-001  6.3494e-003  7.9860e-003  3.8925e-001
 4.953736e-007  0.0000e+000  0.0000e+000  0.0000e+000  3.8814e-001  9.6860e-003  9.7419e-003  3.8819e-001
 5.030604e-007  0.0000e+000  0.0000e+000  0.0000e+000  3.8821e-001  9.9762e-003  9.9855e-003  3.8822e-001
 5.200000e-007  7.9409e-015  0.0000e+000  0.0000e+000  3.8820e-001  1.0001e-002  1.0004e-002  3.8821e-001
 5.209999e-007  4.0000e-001  0.0000e+000  0.0000e+000  2.2181e-001  7.3394e-003  6.5200e-002  3.8918e-001
 5.215000e-007  4.0000e-001  0.0000e+000  0.0000e+000  1.0981e-001  5.7781e-003  9.9638e-002  3.8855e-001
 5.235077e-007  4.0000e-001  0.0000e+000  0.0000e+000  1.5415e-002  5.3441e-003  3.4462e-001  3.8856e-001
 5.245116e-007  4.0000e-001  0.0000e+000  0.0000e+000  5.1358e-003  5.2902e-003  3.8793e-001  3.8860e-001
 5.250135e-007  4.0000e-001  0.0000e+000  0.0000e+000  5.4167e-003  5.3095e-003  3.8849e-001  3.8861e-001
 5.263495e-007  4.0000e-001  0.0000e+000  0.0000e+000  5.2492e-003  5.3023e-003  3.8860e-001  3.8860e-001
 5.313682e-007  4.0000e-001  0.0000e+000  0.0000e+000  5.3542e-003  5.3077e-003  3.8862e-001  3.8861e-001
 5.338776e-007  4.0000e-001  0.0000e+000  0.0000e+000  5.2670e-003  5.3031e-003  3.8859e-001  3.8860e-001
 5.400000e-007  4.0000e-001  0.0000e+000  0.0000e+000  5.3397e-003  5.3070e-003  3.8862e-001  3.8861e-001
 5.410000e-007  4.0000e-001  0.0000e+000  4.0000e-001  5.3096e-003  3.6232e-002  3.8861e-001  3.7790e-001
 5.415000e-007  4.0000e-001  0.0000e+000  4.0000e-001  5.3062e-003  4.7041e-002  3.8860e-001  3.5406e-001
 5.417500e-007  4.0000e-001  0.0000e+000  4.0000e-001  5.3056e-003  5.3320e-002  3.8860e-001  3.4020e-001
 5.442500e-007  4.0000e-001  0.0000e+000  4.0000e-001  5.3049e-003  1.9539e-001  3.8860e-001  9.1506e-002
 5.455000e-007  4.0000e-001  0.0000e+000  4.0000e-001  5.3053e-003  3.4112e-001  3.8860e-001  2.2964e-002
 5.461250e-007  4.0000e-001  0.0000e+000  4.0000e-001  5.3051e-003  3.7828e-001  3.8860e-001  1.3943e-002
 5.480735e-007  4.0000e-001  0.0000e+000  4.0000e-001  5.3052e-003  3.9099e-001  3.8860e-001  6.0544e-003
 5.584626e-007  4.0000e-001  0.0000e+000  4.0000e-001  5.3051e-003  3.8676e-001  3.8860e-001  9.7607e-003
 5.599999e-007  4.0000e-001  0.0000e+000  4.0000e-001  5.3052e-003  3.8872e-001  3.8860e-001  7.2879e-003
 5.753736e-007  0.0000e+000  4.0000e-001  4.0000e-001  9.6701e-003  3.8816e-001  3.8818e-001  9.7179e-003
 5.830604e-007  0.0000e+000  4.0000e-001  4.0000e-001  9.9812e-003  3.8822e-001  3.8821e-001  9.9785e-003
 6.000000e-007  0.0000e+000  4.0000e-001  4.0000e-001  1.0008e-002  3.8821e-001  3.8820e-001  9.9992e-003
 6.014841e-007  4.0000e-001  4.0000e-001  4.0000e-001  5.5270e-002  3.8935e-001  3.3288e-001  9.9460e-003
 6.022261e-007  4.0000e-001  4.0000e-001  4.0000e-001  7.7517e-002  3.8868e-001  2.8799e-001  8.4857e-003
 6.025972e-007  4.0000e-001  4.0000e-001  4.0000e-001  8.9339e-002  3.8854e-001  2.6068e-001  8.0704e-003
 6.034737e-007  4.0000e-001  4.0000e-001  4.0000e-001  1.1847e-001  3.8863e-001  1.7140e-001  7.9793e-003
 6.052369e-007  4.0000e-001  4.0000e-001  4.0000e-001  3.0201e-001  3.8866e-001  4.1223e-002  7.9924e-003
 6.077105e-007  4.0000e-001  4.0000e-001  4.0000e-001  4.0219e-001  3.8865e-001  6.2295e-003  7.9805e-003
 6.089472e-007  4.0000e-001  4.0000e-001  4.0000e-001  3.8647e-001  3.8865e-001  7.0295e-003  7.9893e-003
 6.148757e-007  4.0000e-001  4.0000e-001  4.0000e-001  3.9035e-001  3.8865e-001  8.8761e-003  7.9828e-003
 6.178400e-007  4.0000e-001  4.0000e-001  4.0000e-001  3.8759e-001  3.8865e-001  7.2183e-003  7.9884e-003
 6.200000e-007  4.0000e-001  4.0000e-001  4.0000e-001  3.8925e-001  3.8865e-001  8.5564e-003  7.9839e-003
 6.209999e-007  4.0000e-001  4.0000e-001  2.1205e-014  3.8878e-001  2.3045e-001  8.0711e-003  5.8784e-002
 6.215000e-007  4.0000e-001  4.0000e-001  0.0000e+000  3.8870e-001  1.1809e-001  8.0073e-003  9.2728e-002
 6.217500e-007  4.0000e-001  4.0000e-001  0.0000e+000  3.8868e-001  7.9540e-002  7.9938e-003  1.1606e-001
 6.242500e-007  4.0000e-001  4.0000e-001  0.0000e+000  3.8864e-001 -1.2040e-003  7.9785e-003  3.7146e-001
 6.255000e-007  4.0000e-001  4.0000e-001  0.0000e+000  3.8866e-001  1.0361e-002  7.9905e-003  3.9353e-001
 6.261250e-007  4.0000e-001  4.0000e-001  0.0000e+000  3.8865e-001  3.1469e-003  7.9849e-003  3.8769e-001
 6.280734e-007  4.0000e-001  4.0000e-001  0.0000e+000  3.8865e-001  6.9123e-003  7.9865e-003  3.8948e-001
 6.384616e-007  4.0000e-001  4.0000e-001  0.0000e+000  3.8865e-001  3.7987e-003  7.9853e-003  3.8777e-001
 6.400000e-007  4.0000e-001  4.0000e-001  0.0000e+000  3.8865e-001  6.3496e-003  7.9862e-003  3.8925e-001
 6.410000e-007  0.0000e+000  0.0000e+000  0.0000e+000  3.8713e-001  6.4101e-003  6.9368e-003  3.8747e-001
 6.414999e-007  0.0000e+000  0.0000e+000  0.0000e+000  3.8810e-001  8.6799e-003  8.9215e-003  3.8833e-001
 6.451966e-007  0.0000e+000  0.0000e+000  0.0000e+000  3.8824e-001  9.8741e-003  9.9083e-003  3.8828e-001
 6.799999e-007  0.0000e+000  0.0000e+000  0.0000e+000  3.8817e-001  1.0099e-002  1.0078e-002  3.8815e-001
 6.814714e-007  4.0000e-001  0.0000e+000  0.0000e+000  8.8553e-002  6.7574e-003  1.1845e-001  3.8895e-001
 6.822072e-007  4.0000e-001  0.0000e+000  0.0000e+000  2.9808e-002  5.5584e-003  2.7111e-001  3.8853e-001
 6.825751e-007  4.0000e-001  0.0000e+000  0.0000e+000  1.3402e-002  5.2941e-003  3.3745e-001  3.8849e-001
 6.834335e-007  4.0000e-001  0.0000e+000  0.0000e+000  6.7274e-003  5.3221e-003  3.8568e-001  3.8861e-001
 6.851841e-007  4.0000e-001  0.0000e+000  0.0000e+000  4.6020e-003  5.2935e-003  3.8918e-001  3.8860e-001
 6.876571e-007  4.0000e-001  0.0000e+000  0.0000e+000  5.8043e-003  5.3143e-003  3.8848e-001  3.8861e-001
 6.888935e-007  4.0000e-001  0.0000e+000  0.0000e+000  5.0313e-003  5.2994e-003  3.8848e-001  3.8860e-001
 6.949582e-007  4.0000e-001  0.0000e+000  0.0000e+000  5.5539e-003  5.3104e-003  3.8873e-001  3.8861e-001
 6.979906e-007  4.0000e-001  0.0000e+000  0.0000e+000  5.1002e-003  5.3008e-003  3.8849e-001  3.8860e-001
 7.000000e-007  4.0000e-001  0.0000e+000  2.1176e-014  5.4594e-003  5.3085e-003  3.8870e-001  3.8861e-001
 7.010000e-007  4.0000e-001  0.0000e+000  4.0000e-001  5.3241e-003  3.6233e-002  3.8862e-001  3.7790e-001
 7.015000e-007  4.0000e-001  0.0000e+000  4.0000e-001  5.3093e-003  4.7041e-002  3.8861e-001  3.5406e-001
 7.017500e-007  4.0000e-001  0.0000e+000  4.0000e-001  5.3067e-003  5.3320e-002  3.8861e-001  3.4020e-001
 7.042499e-007  4.0000e-001  0.0000e+000  4.0000e-001  5.3040e-003  1.9539e-001  3.8860e-001  9.1506e-002
 7.054999e-007  4.0000e-001  0.0000e+000  4.0000e-001  5.3059e-003  3.4112e-001  3.8861e-001  2.2964e-002
 7.061249e-007  4.0000e-001  0.0000e+000  4.0000e-001  5.3049e-003  3.7828e-001  3.8860e-001  1.3943e-002
 7.080734e-007  4.0000e-001  0.0000e+000  4.0000e-001  5.3054e-003  3.9099e-001  3.8860e-001  6.0545e-003
 7.184616e-007  4.0000e-001  0.0000e+000  4.0000e-001  5.3050e-003  3.8676e-001  3.8860e-001  9.7606e-003
 7.200000e-007  4.0000e-001  0.0000e+000  4.0000e-001  5.3053e-003  3.8872e-001  3.8860e-001  7.2875e-003
 7.209999e-007  1.0603e-014  4.0000e-001  4.0000e-001  6.1771e-003  3.8722e-001  3.8738e-001  6.7371e-003
 7.215000e-007  0.0000e+000  4.0000e-001  4.0000e-001  8.6016e-003  3.8817e-001  3.8832e-001  8.8318e-003
 7.251966e-007  0.0000e+000  4.0000e-001  4.0000e-001  9.8733e-003  3.8826e-001  3.8828e-001  9.8929e-003
 7.600000e-007  1.0588e-014  4.0000e-001  4.0000e-001  1.0112e-002  3.8817e-001  3.8814e-001  1.0081e-002
 7.610000e-007  4.0000e-001  4.0000e-001  4.0000e-001  4.6649e-002  3.8967e-001  3.4711e-001  1.0724e-002
 7.615000e-007  4.0000e-001  4.0000e-001  4.0000e-001  6.1305e-002  3.8877e-001  3.2148e-001  8.9015e-003
 7.635092e-007  4.0000e-001  4.0000e-001  4.0000e-001  2.9914e-001  3.8861e-001  6.0369e-002  8.0954e-003
 7.645138e-007  4.0000e-001  4.0000e-001  4.0000e-001  3.7277e-001  3.8862e-001  1.5648e-002  7.9587e-003
 7.650161e-007  4.0000e-001  4.0000e-001  4.0000e-001  3.8281e-001  3.8865e-001  1.0628e-002  7.9885e-003
 7.663605e-007  4.0000e-001  4.0000e-001  4.0000e-001  3.8917e-001  3.8865e-001  7.5695e-003  7.9848e-003
 7.714422e-007  4.0000e-001  4.0000e-001  4.0000e-001  3.8834e-001  3.8865e-001  8.3125e-003  7.9868e-003
 7.739831e-007  4.0000e-001  4.0000e-001  4.0000e-001  3.8874e-001  3.8865e-001  7.7725e-003  7.9853e-003
 7.800000e-007  4.0000e-001  4.0000e-001  4.0000e-001  3.8861e-001  3.8865e-001  8.1735e-003  7.9864e-003
 7.810000e-007  4.0000e-001  4.0000e-001  0.0000e+000  3.8862e-001  2.3045e-001  8.0107e-003  5.8785e-002
 7.815000e-007  4.0000e-001  4.0000e-001  0.0000e+000  3.8863e-001  1.1809e-001  7.9953e-003  9.2729e-002
 7.817500e-007  4.0000e-001  4.0000e-001  0.0000e+000  3.8864e-001  7.9539e-002  7.9918e-003  1.1606e-001
 7.842499e-007  4.0000e-001  4.0000e-001  0.0000e+000  3.8866e-001 -1.2041e-003  7.9834e-003  3.7146e-001
 7.854999e-007  4.0000e-001  4.0000e-001  0.0000e+000  3.8865e-001  1.0361e-002  7.9863e-003  3.9353e-001
 7.861249e-007  4.0000e-001  4.0000e-001  0.0000e+000  3.8865e-001  3.1469e-003  7.9858e-003  3.8769e-001
 7.880735e-007  4.0000e-001  4.0000e-001  0.0000e+000  3.8865e-001  6.9123e-003  7.9860e-003  3.8948e-001
 7.984626e-007  4.0000e-001  4.0000e-001  0.0000e+000  3.8865e-001  3.7987e-003  7.9858e-003  3.8777e-001
 7.999999e-007  4.0000e-001  4.0000e-001  0.0000e+000  3.8865e-001  6.3494e-003  7.9860e-003  3.8925e-001
 8.153736e-007  0.0000e+000  0.0000e+000  0.0000e+000  3.8814e-001  9.6860e-003  9.7419e-003  3.8819e-001
 8.230604e-007  0.0000e+000  0.0000e+000  0.0000e+000  3.8821e-001  9.9762e-003  9.9855e-003  3.8822e-001
 8.400000e-007  7.9409e-015  0.0000e+000  0.0000e+000  3.8820e-001  1.0001e-002  1.0004e-002  3.8821e-001
 8.410000e-007  4.0000e-001  0.0000e+000  0.0000e+000  2.2181e-001  7.3394e-003  6.5200e-002  3.8918e-001
 8.414999e-007  4.0000e-001  0.0000e+000  0.0000e+000  1.0981e-001  5.7781e-003  9.9638e-002  3.8855e-001
 8.435077e-007  4.0000e-001  0.0000e+000  0.0000e+000  1.5415e-002  5.3441e-003  3.4462e-001  3.8856e-001
 8.445116e-007  4.0000e-001  0.0000e+000  0.0000e+000  5.1358e-003  5.2902e-003  3.8793e-001  3.8860e-001
 8.450135e-007  4.0000e-001  0.0000e+000  0.0000e+000  5.4167e-003  5.3095e-003  3.8849e-001  3.8861e-001
 8.463495e-007  4.0000e-001  0.0000e+000  0.0000e+000  5.2492e-003  5.3023e-003  3.8860e-001  3.8860e-001
 8.513682e-007  4.0000e-001  0.0000e+000  0.0000e+000  5.3542e-003  5.3077e-003  3.8862e-001  3.8861e-001
 8.538776e-007  4.0000e-001  0.0000e+000  0.0000e+000  5.2670e-003  5.3031e-003  3.8859e-001  3.8860e-001
 8.600000e-007  4.0000e-001  0.0000e+000  0.0000e+000  5.3397e-003  5.3070e-003  3.8862e-001  3.8861e-001
 8.610000e-007  4.0000e-001  0.0000e+000  4.0000e-001  5.3096e-003  3.6232e-002  3.8861e-001  3.7790e-001
 8.615000e-007  4.0000e-001  0.0000e+000  4.0000e-001  5.3062e-003  4.7041e-002  3.8860e-001  3.5406e-001
 8.617500e-007  4.0000e-001  0.0000e+000  4.0000e-001  5.3056e-003  5.3320e-002  3.8860e-001  3.4020e-001
 8.642500e-007  4.0000e-001  0.0000e+000  4.0000e-001  5.3049e-003  1.9539e-001  3.8860e-001  9.1506e-002
 8.655000e-007  4.0000e-001  0.0000e+000  4.0000e-001  5.3053e-003  3.4112e-001  3.8860e-001  2.2964e-002
 8.661250e-007  4.0000e-001  0.0000e+000  4.0000e-001  5.3051e-003  3.7828e-001  3.8860e-001  1.3943e-002
 8.680735e-007  4.0000e-001  0.0000e+000  4.0000e-001  5.3052e-003  3.9099e-001  3.8860e-001  6.0544e-003
 8.784626e-007  4.0000e-001  0.0000e+000  4.0000e-001  5.3051e-003  3.8676e-001  3.8860e-001  9.7607e-003
 8.800000e-007  4.0000e-001  2.1176e-014  4.0000e-001  5.3052e-003  3.8872e-001  3.8860e-001  7.2879e-003
 8.810000e-007  0.0000e+000  4.0000e-001  4.0000e-001  6.1771e-003  3.8722e-001  3.8738e-001  6.7373e-003
 8.815000e-007  0.0000e+000  4.0000e-001  4.0000e-001  8.6016e-003  3.8817e-001  3.8832e-001  8.8319e-003
 8.851966e-007  0.0000e+000  4.0000e-001  4.0000e-001  9.8733e-003  3.8826e-001  3.8828e-001  9.8929e-003
 9.200000e-007  0.0000e+000  4.0000e-001  4.0000e-001  1.0112e-002  3.8817e-001  3.8814e-001  1.0081e-002
 9.214714e-007  4.0000e-001  4.0000e-001  4.0000e-001  5.5114e-002  3.8934e-001  3.3314e-001  9.9724e-003
 9.222072e-007  4.0000e-001  4.0000e-001  4.0000e-001  7.7135e-002  3.8868e-001  2.8895e-001  8.4966e-003
 9.225750e-007  4.0000e-001  4.0000e-001  4.0000e-001  8.8840e-002  3.8853e-001  2.6211e-001  8.0752e-003
 9.234335e-007  4.0000e-001  4.0000e-001  4.0000e-001  1.1708e-001  3.8863e-001  1.7525e-001  7.9797e-003
 9.251842e-007  4.0000e-001  4.0000e-001  4.0000e-001  2.9813e-001  3.8866e-001  4.3242e-002  7.9925e-003
 9.276572e-007  4.0000e-001  4.0000e-001  4.0000e-001  4.0164e-001  3.8865e-001  6.2425e-003  7.9804e-003
 9.288936e-007  4.0000e-001  4.0000e-001  4.0000e-001  3.8663e-001  3.8865e-001  7.0923e-003  7.9893e-003
 9.349581e-007  4.0000e-001  4.0000e-001  4.0000e-001  3.9024e-001  3.8865e-001  8.8172e-003  7.9828e-003
 9.379903e-007  4.0000e-001  4.0000e-001  4.0000e-001  3.8765e-001  3.8865e-001  7.2702e-003  7.9885e-003
 9.400000e-007  4.0000e-001  4.0000e-001  4.0000e-001  3.8919e-001  3.8865e-001  8.5024e-003  7.9839e-003
 9.410000e-007  4.0000e-001  4.0000e-001  2.1205e-014  3.8876e-001  2.3045e-001  8.0650e-003  5.8784e-002
 9.415000e-007  4.0000e-001  4.0000e-001  0.0000e+000  3.8869e-001  1.1809e-001  8.0062e-003  9.2728e-002
 9.417500e-007  4.0000e-001  4.0000e-001  0.0000e+000  3.8867e-001  7.9540e-002  7.9936e-003  1.1606e-001
 9.442500e-007  4.0000e-001  4.0000e-001  0.0000e+000  3.8864e-001 -1.2040e-003  7.9789e-003  3.7146e-001
 9.455000e-007  4.0000e-001  4.0000e-001  0.0000e+000  3.8866e-001  1.0361e-002  7.9901e-003  3.9353e-001
 9.461250e-007  4.0000e-001  4.0000e-001  0.0000e+000  3.8865e-001  3.1469e-003  7.9850e-003  3.8769e-001
 9.480734e-007  4.0000e-001  4.0000e-001  0.0000e+000  3.8865e-001  6.9123e-003  7.9864e-003  3.8948e-001
 9.584616e-007  4.0000e-001  4.0000e-001  0.0000e+000  3.8865e-001  3.7987e-003  7.9854e-003  3.8777e-001
 9.600000e-007  4.0000e-001  4.0000e-001  0.0000e+000  3.8865e-001  6.3496e-003  7.9862e-003  3.8925e-001
 9.610000e-007  0.0000e+000  0.0000e+000  0.0000e+000  3.8713e-001  6.4101e-003  6.9368e-003  3.8747e-001
 9.615000e-007  0.0000e+000  0.0000e+000  0.0000e+000  3.8810e-001  8.6799e-003  8.9215e-003  3.8833e-001
 9.651966e-007  0.0000e+000  0.0000e+000  0.0000e+000  3.8824e-001  9.8741e-003  9.9083e-003  3.8828e-001
 1.000000e-006  2.9117e-014  0.0000e+000  0.0000e+000  3.8817e-001  1.0099e-002  1.0078e-002  3.8815e-001
 1.001000e-006  4.0000e-001  0.0000e+000  0.0000e+000  2.2160e-001  7.3543e-003  6.5256e-002  3.8915e-001
 1.001500e-006  4.0000e-001  0.0000e+000  0.0000e+000  1.0966e-001  5.7833e-003  9.9724e-002  3.8853e-001
 1.003508e-006  4.0000e-001  0.0000e+000  0.0000e+000  1.5397e-002  5.3449e-003  3.4467e-001  3.8856e-001
 1.004513e-006  4.0000e-001  0.0000e+000  0.0000e+000  5.1354e-003  5.2901e-003  3.8795e-001  3.8860e-001
 1.005015e-006  4.0000e-001  0.0000e+000  0.0000e+000  5.4152e-003  5.3095e-003  3.8849e-001  3.8861e-001
 1.006358e-006  4.0000e-001  0.0000e+000  0.0000e+000  5.2495e-003  5.3023e-003  3.8860e-001  3.8860e-001
 1.011430e-006  4.0000e-001  0.0000e+000  0.0000e+000  5.3540e-003  5.3077e-003  3.8862e-001  3.8861e-001
 1.013965e-006  4.0000e-001  0.0000e+000  0.0000e+000  5.2671e-003  5.3031e-003  3.8859e-001  3.8860e-001
 1.020000e-006  4.0000e-001  0.0000e+000  0.0000e+000  5.3396e-003  5.3070e-003  3.8862e-001  3.8861e-001
 1.020271e-006  4.0000e-001  0.0000e+000  1.0862e-001  5.3172e-003  2.3131e-002  3.8861e-001  3.9348e-001
 1.021000e-006  4.0000e-001  0.0000e+000  4.0000e-001  5.3072e-003  3.7793e-002  3.8860e-001  3.8442e-001
 1.021364e-006  4.0000e-001  0.0000e+000  4.0000e-001  5.3058e-003  4.3406e-002  3.8860e-001  3.6598e-001
 1.021546e-006  4.0000e-001  0.0000e+000  4.0000e-001  5.3055e-003  4.7088e-002  3.8860e-001  3.5484e-001
 1.023367e-006  4.0000e-001  0.0000e+000  4.0000e-001  5.3050e-003  1.0638e-001  3.8860e-001  1.7696e-001
 1.024278e-006  4.0000e-001  0.0000e+000  4.0000e-001  5.3052e-003  1.6294e-001  3.8860e-001  9.4684e-002
 1.024733e-006  4.0000e-001  0.0000e+000  4.0000e-001  5.3051e-003  2.2141e-001  3.8860e-001  6.3203e-002
 1.025865e-006  4.0000e-001  0.0000e+000  4.0000e-001  5.3052e-003  3.5871e-001  3.8860e-001  1.9060e-002
 1.027700e-006  4.0000e-001  0.0000e+000  4.0000e-001  5.3051e-003  3.9492e-001  3.8860e-001  6.7936e-003
 1.028618e-006  4.0000e-001  0.0000e+000  4.0000e-001  5.3052e-003  3.8880e-001  3.8860e-001  7.3742e-003
 1.035672e-006  4.0000e-001  0.0000e+000  4.0000e-001  5.3051e-003  3.8860e-001  3.8860e-001  8.5102e-003
 1.040000e-006  4.0000e-001  4.2352e-014  4.0000e-001  5.3052e-003  3.8862e-001  3.8860e-001  7.5473e-003
 1.041000e-006  1.0603e-014  4.0000e-001  4.0000e-001  6.1771e-003  3.8716e-001  3.8738e-001  6.8158e-003
 1.041500e-006  0.0000e+000  4.0000e-001  4.0000e-001  8.6016e-003  3.8814e-001  3.8832e-001  8.8681e-003
 1.045196e-006  0.0000e+000  4.0000e-001  4.0000e-001  9.8733e-003  3.8825e-001  3.8828e-001  9.8973e-003
 1.080000e-006  0.0000e+000  4.0000e-001  4.0000e-001  1.0112e-002  3.8818e-001  3.8814e-001  1.0077e-002
 1.081000e-006  4.0000e-001  4.0000e-001  4.0000e-001  4.6649e-002  3.8967e-001  3.4711e-001  1.0723e-002
 1.081500e-006  4.0000e-001  4.0000e-001  4.0000e-001  6.1305e-002  3.8877e-001  3.2148e-001  8.9011e-003
 1.083509e-006  4.0000e-001  4.0000e-001  4.0000e-001  2.9912e-001  3.8861e-001  6.0379e-002  8.0953e-003
 1.084513e-006  4.0000e-001  4.0000e-001  4.0000e-001  3.7276e-001  3.8862e-001  1.5652e-002  7.9587e-003
 1.085015e-006  4.0000e-001  4.0000e-001  4.0000e-001  3.8281e-001  3.8865e-001  1.0630e-002  7.9885e-003
 1.086359e-006  4.0000e-001  4.0000e-001  4.0000e-001  3.8917e-001  3.8865e-001  7.5697e-003  7.9848e-003
 1.091437e-006  4.0000e-001  4.0000e-001  4.0000e-001  3.8834e-001  3.8865e-001  8.3123e-003  7.9868e-003
 1.093976e-006  4.0000e-001  4.0000e-001  4.0000e-001  3.8873e-001  3.8865e-001  7.7726e-003  7.9853e-003
 1.100000e-006  4.0000e-001  4.0000e-001  4.0000e-001  3.8861e-001  3.8865e-001  8.1734e-003  7.9864e-003
 1.101000e-006  4.0000e-001  4.0000e-001  0.0000e+000  3.8862e-001  2.3045e-001  8.0106e-003  5.8785e-002
 1.101500e-006  4.0000e-001  4.0000e-001  0.0000e+000  3.8863e-001  1.1809e-001  7.9953e-003  9.2729e-002
 1.101750e-006  4.0000e-001  4.0000e-001  0.0000e+000  3.8864e-001  7.9539e-002  7.9918e-003  1.1606e-001
 1.104250e-006  4.0000e-001  4.0000e-001  0.0000e+000  3.8866e-001 -1.2041e-003  7.9834e-003  3.7146e-001
 1.105500e-006  4.0000e-001  4.0000e-001  0.0000e+000  3.8865e-001  1.0361e-002  7.9863e-003  3.9353e-001
 1.106125e-006  4.0000e-001  4.0000e-001  0.0000e+000  3.8865e-001  3.1469e-003  7.9858e-003  3.8769e-001
 1.108073e-006  4.0000e-001  4.0000e-001  0.0000e+000  3.8865e-001  6.9123e-003  7.9860e-003  3.8948e-001
 1.118462e-006  4.0000e-001  4.0000e-001  0.0000e+000  3.8865e-001  3.7987e-003  7.9858e-003  3.8777e-001
 1.120000e-006  4.0000e-001  4.0000e-001  0.0000e+000  3.8865e-001  6.3494e-003  7.9860e-003  3.8925e-001
 1.135373e-006  0.0000e+000  0.0000e+000  0.0000e+000  3.8814e-001  9.6860e-003  9.7419e-003  3.8819e-001
 1.143060e-006  0.0000e+000  0.0000e+000  0.0000e+000  3.8821e-001  9.9762e-003  9.9855e-003  3.8822e-001
 1.160000e-006  7.9409e-015  0.0000e+000  0.0000e+000  3.8820e-001  1.0001e-002  1.0004e-002  3.8821e-001
 1.161000e-006  4.0000e-001  0.0000e+000  0.0000e+000  2.2181e-001  7.3394e-003  6.5200e-002  3.8918e-001
 1.161500e-006  4.0000e-001  0.0000e+000  0.0000e+000  1.0981e-001  5.7781e-003  9.9638e-002  3.8855e-001
 1.163507e-006  4.0000e-001  0.0000e+000  0.0000e+000  1.5415e-002  5.3441e-003  3.4462e-001  3.8856e-001
 1.164511e-006  4.0000e-001  0.0000e+000  0.0000e+000  5.1358e-003  5.2902e-003  3.8793e-001  3.8860e-001
 1.165013e-006  4.0000e-001  0.0000e+000  0.0000e+000  5.4167e-003  5.3095e-003  3.8849e-001  3.8861e-001
 1.166349e-006  4.0000e-001  0.0000e+000  0.0000e+000  5.2492e-003  5.3023e-003  3.8860e-001  3.8860e-001
 1.171368e-006  4.0000e-001  0.0000e+000  0.0000e+000  5.3542e-003  5.3077e-003  3.8862e-001  3.8861e-001
 1.173877e-006  4.0000e-001  0.0000e+000  0.0000e+000  5.2670e-003  5.3031e-003  3.8859e-001  3.8860e-001
 1.180000e-006  4.0000e-001  0.0000e+000  4.2352e-014  5.3397e-003  5.3070e-003  3.8862e-001  3.8861e-001
 1.181000e-006  4.0000e-001  0.0000e+000  4.0000e-001  5.3096e-003  3.6232e-002  3.8861e-001  3.7790e-001
 1.181500e-006  4.0000e-001  0.0000e+000  4.0000e-001  5.3062e-003  4.7041e-002  3.8860e-001  3.5406e-001
 1.181750e-006  4.0000e-001  0.0000e+000  4.0000e-001  5.3056e-003  5.3320e-002  3.8860e-001  3.4020e-001
 1.184250e-006  4.0000e-001  0.0000e+000  4.0000e-001  5.3049e-003  1.9539e-001  3.8860e-001  9.1506e-002
 1.185500e-006  4.0000e-001  0.0000e+000  4.0000e-001  5.3053e-003  3.4112e-001  3.8860e-001  2.2964e-002
 1.186125e-006  4.0000e-001  0.0000e+000  4.0000e-001  5.3051e-003  3.7828e-001  3.8860e-001  1.3943e-002
 1.188073e-006  4.0000e-001  0.0000e+000  4.0000e-001  5.3052e-003  3.9099e-001  3.8860e-001  6.0544e-003
 1.198462e-006  4.0000e-001  0.0000e+000  4.0000e-001  5.3051e-003  3.8676e-001  3.8860e-001  9.7607e-003
 1.200000e-006  4.0000e-001  2.1176e-014  4.0000e-001  5.3052e-003  3.8872e-001  3.8860e-001  7.2879e-003
 1.201000e-006  3.1752e-014  4.0000e-001  4.0000e-001  6.1771e-003  3.8722e-001  3.8738e-001  6.7373e-003
 1.201500e-006  0.0000e+000  4.0000e-001  4.0000e-001  8.6016e-003  3.8817e-001  3.8832e-001  8.8319e-003
 1.205196e-006  0.0000e+000  4.0000e-001  4.0000e-001  9.8733e-003  3.8826e-001  3.8828e-001  9.8929e-003
 1.240000e-006  3.1764e-014  4.0000e-001  4.0000e-001  1.0112e-002  3.8817e-001  3.8814e-001  1.0081e-002
 1.241000e-006  4.0000e-001  4.0000e-001  4.0000e-001  4.6649e-002  3.8967e-001  3.4711e-001  1.0724e-002
 1.241500e-006  4.0000e-001  4.0000e-001  4.0000e-001  6.1305e-002  3.8877e-001  3.2148e-001  8.9015e-003
 1.243509e-006  4.0000e-001  4.0000e-001  4.0000e-001  2.9914e-001  3.8861e-001  6.0369e-002  8.0954e-003
 1.244513e-006  4.0000e-001  4.0000e-001  4.0000e-001  3.7277e-001  3.8862e-001  1.5648e-002  7.9587e-003
 1.245016e-006  4.0000e-001  4.0000e-001  4.0000e-001  3.8281e-001  3.8865e-001  1.0628e-002  7.9885e-003
 1.246360e-006  4.0000e-001  4.0000e-001  4.0000e-001  3.8917e-001  3.8865e-001  7.5695e-003  7.9848e-003
 1.251442e-006  4.0000e-001  4.0000e-001  4.0000e-001  3.8834e-001  3.8865e-001  8.3125e-003  7.9868e-003
 1.253983e-006  4.0000e-001  4.0000e-001  4.0000e-001  3.8874e-001  3.8865e-001  7.7725e-003  7.9853e-003
 1.260000e-006  4.0000e-001  4.0000e-001  4.0000e-001  3.8861e-001  3.8865e-001  8.1735e-003  7.9864e-003
 1.260288e-006  4.0000e-001  4.0000e-001  2.8475e-001  3.8859e-001  3.8822e-001  8.0418e-003  6.5273e-003
 1.261000e-006  4.0000e-001  4.0000e-001  0.0000e+000  3.8862e-001  2.9580e-001  8.0011e-003  4.3666e-002
 1.261355e-006  4.0000e-001  4.0000e-001  0.0000e+000  3.8863e-001  2.1653e-001  7.9940e-003  6.5349e-002
 1.261533e-006  4.0000e-001  4.0000e-001  0.0000e+000  3.8864e-001  1.7468e-001  7.9918e-003  7.5830e-002
 1.263313e-006  4.0000e-001  4.0000e-001  0.0000e+000  3.8865e-001  1.3767e-002  7.9843e-003  3.1243e-001
 1.264203e-006  4.0000e-001  4.0000e-001  0.0000e+000  3.8865e-001  7.8474e-003  7.9859e-003  3.8568e-001
 1.264648e-006  4.0000e-001  4.0000e-001  0.0000e+000  3.8865e-001  5.2156e-003  7.9858e-003  3.8685e-001
 1.265833e-006  4.0000e-001  4.0000e-001  0.0000e+000  3.8865e-001  5.5216e-003  7.9859e-003  3.8889e-001
 1.267686e-006  4.0000e-001  4.0000e-001  0.0000e+000  3.8865e-001  5.1333e-003  7.9859e-003  3.8845e-001
 1.268613e-006  4.0000e-001  4.0000e-001  0.0000e+000  3.8865e-001  5.4024e-003  7.9859e-003  3.8867e-001
 1.275107e-006  4.0000e-001  4.0000e-001  0.0000e+000  3.8865e-001  5.2160e-003  7.9859e-003  3.8855e-001
 1.280000e-006  4.0000e-001  4.0000e-001  0.0000e+000  3.8865e-001  5.3845e-003  7.9859e-003  3.8866e-001
 1.320000e-006  0.0000e+000  0.0000e+000  0.0000e+000  3.8818e-001  9.8638e-003  9.8967e-003  3.8820e-001
 1.321000e-006  4.0000e-001  0.0000e+000  0.0000e+000  2.2196e-001  7.3221e-003  6.5141e-002  3.8919e-001
 1.321500e-006  4.0000e-001  0.0000e+000  0.0000e+000  1.0992e-001  5.7732e-003  9.9561e-002  3.8856e-001
 1.323506e-006  4.0000e-001  0.0000e+000  0.0000e+000  1.5429e-002  5.3435e-003  3.4458e-001  3.8856e-001
 1.324510e-006  4.0000e-001  0.0000e+000  0.0000e+000  5.1358e-003  5.2903e-003  3.8792e-001  3.8860e-001
 1.325012e-006  4.0000e-001  0.0000e+000  0.0000e+000  5.4177e-003  5.3094e-003  3.8849e-001  3.8861e-001
 1.326343e-006  4.0000e-001  0.0000e+000  0.0000e+000  5.2489e-003  5.3023e-003  3.8860e-001  3.8860e-001
 1.331329e-006  4.0000e-001  0.0000e+000  0.0000e+000  5.3544e-003  5.3077e-003  3.8862e-001  3.8861e-001
 1.333821e-006  4.0000e-001  0.0000e+000  0.0000e+000  5.2670e-003  5.3031e-003  3.8859e-001  3.8860e-001
 1.340000e-006  4.0000e-001  0.0000e+000  2.1176e-014  5.3398e-003  5.3070e-003  3.8862e-001  3.8861e-001
 1.341000e-006  4.0000e-001  0.0000e+000  4.0000e-001  5.3096e-003  3.6232e-002  3.8861e-001  3.7790e-001
 1.341499e-006  4.0000e-001  0.0000e+000  4.0000e-001  5.3062e-003  4.7041e-002  3.8860e-001  3.5406e-001
 1.341749e-006  4.0000e-001  0.0000e+000  4.0000e-001  5.3056e-003  5.3320e-002  3.8860e-001  3.4020e-001
 1.344249e-006  4.0000e-001  0.0000e+000  4.0000e-001  5.3049e-003  1.9539e-001  3.8860e-001  9.1506e-002
 1.345499e-006  4.0000e-001  0.0000e+000  4.0000e-001  5.3053e-003  3.4112e-001  3.8860e-001  2.2964e-002
 1.346124e-006  4.0000e-001  0.0000e+000  4.0000e-001  5.3051e-003  3.7828e-001  3.8860e-001  1.3943e-002
 1.348073e-006  4.0000e-001  0.0000e+000  4.0000e-001  5.3052e-003  3.9099e-001  3.8860e-001  6.0544e-003
 1.358462e-006  4.0000e-001  0.0000e+000  4.0000e-001  5.3051e-003  3.8676e-001  3.8860e-001  9.7607e-003
 1.360000e-006  4.0000e-001  0.0000e+000  4.0000e-001  5.3052e-003  3.8872e-001  3.8860e-001  7.2879e-003
 1.361000e-006  0.0000e+000  4.0000e-001  4.0000e-001  6.1771e-003  3.8722e-001  3.8738e-001  6.7373e-003
 1.361500e-006  0.0000e+000  4.0000e-001  4.0000e-001  8.6016e-003  3.8817e-001  3.8832e-001  8.8319e-003
 1.365196e-006  0.0000e+000  4.0000e-001  4.0000e-001  9.8733e-003  3.8826e-001  3.8828e-001  9.8929e-003
 1.400000e-006  1.0588e-014  4.0000e-001  4.0000e-001  1.0112e-002  3.8817e-001  3.8814e-001  1.0081e-002
 1.401000e-006  4.0000e-001  4.0000e-001  4.0000e-001  4.6649e-002  3.8967e-001  3.4711e-001  1.0724e-002
 1.401500e-006  4.0000e-001  4.0000e-001  4.0000e-001  6.1305e-002  3.8877e-001  3.2148e-001  8.9015e-003
 1.403509e-006  4.0000e-001  4.0000e-001  4.0000e-001  2.9914e-001  3.8861e-001  6.0369e-002  8.0954e-003
 1.404513e-006  4.0000e-001  4.0000e-001  4.0000e-001  3.7277e-001  3.8862e-001  1.5648e-002  7.9587e-003
 1.405016e-006  4.0000e-001  4.0000e-001  4.0000e-001  3.8281e-001  3.8865e-001  1.0628e-002  7.9885e-003
 1.406360e-006  4.0000e-001  4.0000e-001  4.0000e-001  3.8917e-001  3.8865e-001  7.5695e-003  7.9848e-003
 1.411442e-006  4.0000e-001  4.0000e-001  4.0000e-001  3.8834e-001  3.8865e-001  8.3125e-003  7.9868e-003
 1.413983e-006  4.0000e-001  4.0000e-001  4.0000e-001  3.8874e-001  3.8865e-001  7.7725e-003  7.9853e-003
 1.420000e-006  4.0000e-001  4.0000e-001  4.0000e-001  3.8861e-001  3.8865e-001  8.1735e-003  7.9864e-003
 1.420288e-006  4.0000e-001  4.0000e-001  2.8475e-001  3.8859e-001  3.8822e-001  8.0418e-003  6.5273e-003
 1.421000e-006  4.0000e-001  4.0000e-001  0.0000e+000  3.8862e-001  2.9580e-001  8.0011e-003  4.3666e-002
 1.421355e-006  4.0000e-001  4.0000e-001  0.0000e+000  3.8863e-001  2.1653e-001  7.9940e-003  6.5349e-002
 1.421533e-006  4.0000e-001  4.0000e-001  0.0000e+000  3.8864e-001  1.7468e-001  7.9918e-003  7.5830e-002
 1.423313e-006  4.0000e-001  4.0000e-001  0.0000e+000  3.8865e-001  1.3767e-002  7.9843e-003  3.1243e-001
 1.424203e-006  4.0000e-001  4.0000e-001  0.0000e+000  3.8865e-001  7.8474e-003  7.9859e-003  3.8568e-001
 1.424648e-006  4.0000e-001  4.0000e-001  0.0000e+000  3.8865e-001  5.2156e-003  7.9858e-003  3.8685e-001
 1.425833e-006  4.0000e-001  4.0000e-001  0.0000e+000  3.8865e-001  5.5216e-003  7.9859e-003  3.8889e-001
 1.427686e-006  4.0000e-001  4.0000e-001  0.0000e+000  3.8865e-001  5.1333e-003  7.9859e-003  3.8845e-001
 1.428613e-006  4.0000e-001  4.0000e-001  0.0000e+000  3.8865e-001  5.4024e-003  7.9859e-003  3.8867e-001
 1.435107e-006  4.0000e-001  4.0000e-001  0.0000e+000  3.8865e-001  5.2160e-003  7.9859e-003  3.8855e-001
 1.440000e-006  4.0000e-001  4.0000e-001  0.0000e+000  3.8865e-001  5.3845e-003  7.9859e-003  3.8866e-001
 1.441000e-006  2.1205e-014  2.1205e-014  0.0000e+000  3.8713e-001  6.1914e-003  6.9367e-003  3.8739e-001
 1.441500e-006  0.0000e+000  0.0000e+000  0.0000e+000  3.8810e-001  8.6034e-003  8.9215e-003  3.8832e-001
 1.445196e-006  0.0000e+000  0.0000e+000  0.0000e+000  3.8824e-001  9.8679e-003  9.9083e-003  3.8828e-001
 1.480000e-006  0.0000e+000  0.0000e+000  0.0000e+000  3.8817e-001  1.0105e-002  1.0078e-002  3.8815e-001
 1.481471e-006  4.0000e-001  0.0000e+000  0.0000e+000  8.8556e-002  6.7580e-003  1.1844e-001  3.8895e-001
 1.482207e-006  4.0000e-001  0.0000e+000  0.0000e+000  2.9809e-002  5.5586e-003  2.7110e-001  3.8853e-001
 1.482575e-006  4.0000e-001  0.0000e+000  0.0000e+000  1.3402e-002  5.2942e-003  3.3744e-001  3.8849e-001
 1.483433e-006  4.0000e-001  0.0000e+000  0.0000e+000  6.7276e-003  5.3221e-003  3.8568e-001  3.8861e-001
 1.485184e-006  4.0000e-001  0.0000e+000  0.0000e+000  4.6020e-003  5.2935e-003  3.8918e-001  3.8860e-001
 1.487657e-006  4.0000e-001  0.0000e+000  0.0000e+000  5.8044e-003  5.3143e-003  3.8848e-001  3.8861e-001
 1.488893e-006  4.0000e-001  0.0000e+000  0.0000e+000  5.0313e-003  5.2994e-003  3.8848e-001  3.8860e-001
 1.494958e-006  4.0000e-001  0.0000e+000  0.0000e+000  5.5539e-003  5.3104e-003  3.8873e-001  3.8861e-001
 1.497990e-006  4.0000e-001  0.0000e+000  0.0000e+000  5.1002e-003  5.3008e-003  3.8849e-001  3.8860e-001
 1.500000e-006  4.0000e-001  0.0000e+000  0.0000e+000  5.4594e-003  5.3085e-003  3.8870e-001  3.8861e-001
 1.501000e-006  4.0000e-001  0.0000e+000  4.0000e-001  5.3241e-003  3.6233e-002  3.8862e-001  3.7790e-001
 1.501500e-006  4.0000e-001  0.0000e+000  4.0000e-001  5.3093e-003  4.7041e-002  3.8861e-001  3.5406e-001
 1.501750e-006  4.0000e-001  0.0000e+000  4.0000e-001  5.3067e-003  5.3320e-002  3.8861e-001  3.4020e-001
 1.504250e-006  4.0000e-001  0.0000e+000  4.0000e-001  5.3040e-003  1.9539e-001  3.8860e-001  9.1506e-002
 1.505500e-006  4.0000e-001  0.0000e+000  4.0000e-001  5.3059e-003  3.4112e-001  3.8861e-001  2.2964e-002
 1.506125e-006  4.0000e-001  0.0000e+000  4.0000e-001  5.3049e-003  3.7828e-001  3.8860e-001  1.3943e-002
 1.508073e-006  4.0000e-001  0.0000e+000  4.0000e-001  5.3054e-003  3.9099e-001  3.8860e-001  6.0545e-003
 1.518461e-006  4.0000e-001  0.0000e+000  4.0000e-001  5.3050e-003  3.8676e-001  3.8860e-001  9.7606e-003
 1.520000e-006  4.0000e-001  0.0000e+000  4.0000e-001  5.3053e-003  3.8872e-001  3.8860e-001  7.2875e-003
 1.521000e-006  7.4107e-014  4.0000e-001  4.0000e-001  6.1771e-003  3.8722e-001  3.8738e-001  6.7371e-003
 1.521499e-006  0.0000e+000  4.0000e-001  4.0000e-001  8.6016e-003  3.8817e-001  3.8832e-001  8.8318e-003
 1.525196e-006  0.0000e+000  4.0000e-001  4.0000e-001  9.8733e-003  3.8826e-001  3.8828e-001  9.8929e-003
 1.560000e-006  0.0000e+000  4.0000e-001  4.0000e-001  1.0112e-002  3.8817e-001  3.8814e-001  1.0081e-002
 1.561000e-006  4.0000e-001  4.0000e-001  4.0000e-001  4.6649e-002  3.8967e-001  3.4711e-001  1.0724e-002
 1.561500e-006  4.0000e-001  4.0000e-001  4.0000e-001  6.1305e-002  3.8877e-001  3.2148e-001  8.9015e-003
 1.563509e-006  4.0000e-001  4.0000e-001  4.0000e-001  2.9914e-001  3.8861e-001  6.0369e-002  8.0954e-003
 1.564513e-006  4.0000e-001  4.0000e-001  4.0000e-001  3.7277e-001  3.8862e-001  1.5648e-002  7.9587e-003
 1.565016e-006  4.0000e-001  4.0000e-001  4.0000e-001  3.8281e-001  3.8865e-001  1.0628e-002  7.9885e-003
 1.566360e-006  4.0000e-001  4.0000e-001  4.0000e-001  3.8917e-001  3.8865e-001  7.5695e-003  7.9848e-003
 1.571442e-006  4.0000e-001  4.0000e-001  4.0000e-001  3.8834e-001  3.8865e-001  8.3125e-003  7.9868e-003
 1.573983e-006  4.0000e-001  4.0000e-001  4.0000e-001  3.8874e-001  3.8865e-001  7.7725e-003  7.9853e-003
 1.580000e-006  4.0000e-001  4.0000e-001  4.0000e-001  3.8861e-001  3.8865e-001  8.1735e-003  7.9864e-003
 1.581000e-006  4.0000e-001  4.0000e-001  2.1205e-014  3.8862e-001  2.3045e-001  8.0107e-003  5.8785e-002
 1.581500e-006  4.0000e-001  4.0000e-001  0.0000e+000  3.8863e-001  1.1809e-001  7.9953e-003  9.2729e-002
 1.581750e-006  4.0000e-001  4.0000e-001  0.0000e+000  3.8864e-001  7.9539e-002  7.9918e-003  1.1606e-001
 1.584250e-006  4.0000e-001  4.0000e-001  0.0000e+000  3.8866e-001 -1.2041e-003  7.9834e-003  3.7146e-001
 1.585500e-006  4.0000e-001  4.0000e-001  0.0000e+000  3.8865e-001  1.0361e-002  7.9863e-003  3.9353e-001
 1.586125e-006  4.0000e-001  4.0000e-001  0.0000e+000  3.8865e-001  3.1469e-003  7.9858e-003  3.8769e-001
 1.588073e-006  4.0000e-001  4.0000e-001  0.0000e+000  3.8865e-001  6.9123e-003  7.9860e-003  3.8948e-001
 1.598462e-006  4.0000e-001  4.0000e-001  0.0000e+000  3.8865e-001  3.7987e-003  7.9858e-003  3.8777e-001
 1.600000e-006  4.0000e-001  4.0000e-001  0.0000e+000  3.8865e-001  6.3494e-003  7.9860e-003  3.8925e-001
 1.601000e-006  4.2355e-014  4.2355e-014  0.0000e+000  3.8713e-001  6.4101e-003  6.9367e-003  3.8747e-001
 1.601500e-006  0.0000e+000  0.0000e+000  0.0000e+000  3.8810e-001  8.6798e-003  8.9215e-003  3.8833e-001
 1.605196e-006  0.0000e+000  0.0000e+000  0.0000e+000  3.8824e-001  9.8741e-003  9.9083e-003  3.8828e-001
 1.640000e-006  2.9117e-014  0.0000e+000  0.0000e+000  3.8817e-001  1.0099e-002  1.0078e-002  3.8815e-001
 1.641000e-006  4.0000e-001  0.0000e+000  0.0000e+000  2.2160e-001  7.3543e-003  6.5256e-002  3.8915e-001
 1.641500e-006  4.0000e-001  0.0000e+000  0.0000e+000  1.0966e-001  5.7833e-003  9.9724e-002  3.8853e-001
 1.643508e-006  4.0000e-001  0.0000e+000  0.0000e+000  1.5397e-002  5.3449e-003  3.4467e-001  3.8856e-001
 1.644513e-006  4.0000e-001  0.0000e+000  0.0000e+000  5.1354e-003  5.2901e-003  3.8795e-001  3.8860e-001
 1.645015e-006  4.0000e-001  0.0000e+000  0.0000e+000  5.4152e-003  5.3095e-003  3.8849e-001  3.8861e-001
 1.646358e-006  4.0000e-001  0.0000e+000  0.0000e+000  5.2495e-003  5.3023e-003  3.8860e-001  3.8860e-001
 1.651430e-006  4.0000e-001  0.0000e+000  0.0000e+000  5.3540e-003  5.3077e-003  3.8862e-001  3.8861e-001
 1.653965e-006  4.0000e-001  0.0000e+000  0.0000e+000  5.2671e-003  5.3031e-003  3.8859e-001  3.8860e-001
 1.660000e-006  4.0000e-001  0.0000e+000  0.0000e+000  5.3396e-003  5.3070e-003  3.8862e-001  3.8861e-001
 1.660271e-006  4.0000e-001  0.0000e+000  1.0862e-001  5.3172e-003  2.3131e-002  3.8861e-001  3.9348e-001
 1.661000e-006  4.0000e-001  0.0000e+000  4.0000e-001  5.3072e-003  3.7793e-002  3.8860e-001  3.8442e-001
 1.661364e-006  4.0000e-001  0.0000e+000  4.0000e-001  5.3058e-003  4.3406e-002  3.8860e-001  3.6598e-001
 1.661546e-006  4.0000e-001  0.0000e+000  4.0000e-001  5.3055e-003  4.7088e-002  3.8860e-001  3.5484e-001
 1.663367e-006  4.0000e-001  0.0000e+000  4.0000e-001  5.3050e-003  1.0638e-001  3.8860e-001  1.7696e-001
 1.664278e-006  4.0000e-001  0.0000e+000  4.0000e-001  5.3052e-003  1.6294e-001  3.8860e-001  9.4684e-002
 1.664733e-006  4.0000e-001  0.0000e+000  4.0000e-001  5.3051e-003  2.2141e-001  3.8860e-001  6.3203e-002
 1.665865e-006  4.0000e-001  0.0000e+000  4.0000e-001  5.3052e-003  3.5871e-001  3.8860e-001  1.9060e-002
 1.667700e-006  4.0000e-001  0.0000e+000  4.0000e-001  5.3051e-003  3.9492e-001  3.8860e-001  6.7936e-003
 1.668618e-006  4.0000e-001  0.0000e+000  4.0000e-001  5.3052e-003  3.8880e-001  3.8860e-001  7.3742e-003
 1.675672e-006  4.0000e-001  0.0000e+000  4.0000e-001  5.3051e-003  3.8860e-001  3.8860e-001  8.5102e-003
 1.680000e-006  4.0000e-001  0.0000e+000  4.0000e-001  5.3052e-003  3.8862e-001  3.8860e-001  7.5473e-003
 1.720000e-006  0.0000e+000  4.0000e-001  4.0000e-001  9.8553e-003  3.8819e-001  3.8821e-001  9.8866e-003
 1.721000e-006  4.0000e-001  4.0000e-001  4.0000e-001  4.6502e-002  3.8970e-001  3.4737e-001  1.0688e-002
 1.721500e-006  4.0000e-001  4.0000e-001  4.0000e-001  6.1150e-002  3.8879e-001  3.2177e-001  8.8875e-003
 1.723507e-006  4.0000e-001  4.0000e-001  4.0000e-001  2.9839e-001  3.8861e-001  6.0733e-002  8.0932e-003
 1.724510e-006  4.0000e-001  4.0000e-001  4.0000e-001  3.7248e-001  3.8863e-001  1.5775e-002  7.9588e-003
 1.725012e-006  4.0000e-001  4.0000e-001  4.0000e-001  3.8270e-001  3.8865e-001  1.0679e-002  7.9884e-003
 1.726344e-006  4.0000e-001  4.0000e-001  4.0000e-001  3.8915e-001  3.8865e-001  7.5746e-003  7.9848e-003
 1.731331e-006  4.0000e-001  4.0000e-001  4.0000e-001  3.8835e-001  3.8865e-001  8.3078e-003  7.9868e-003
 1.733825e-006  4.0000e-001  4.0000e-001  4.0000e-001  3.8873e-001  3.8865e-001  7.7654e-003  7.9853e-003
 1.740000e-006  4.0000e-001  4.0000e-001  4.0000e-001  3.8862e-001  3.8865e-001  8.1800e-003  7.9864e-003
 1.741000e-006  4.0000e-001  4.0000e-001  4.2355e-014  3.8862e-001  2.3045e-001  8.0121e-003  5.8785e-002
 1.741499e-006  4.0000e-001  4.0000e-001  0.0000e+000  3.8863e-001  1.1809e-001  7.9958e-003  9.2729e-002
 1.741749e-006  4.0000e-001  4.0000e-001  0.0000e+000  3.8864e-001  7.9540e-002  7.9920e-003  1.1606e-001
 1.744249e-006  4.0000e-001  4.0000e-001  0.0000e+000  3.8866e-001 -1.2041e-003  7.9832e-003  3.7146e-001
 1.745499e-006  4.0000e-001  4.0000e-001  0.0000e+000  3.8865e-001  1.0361e-002  7.9863e-003  3.9353e-001
 1.746124e-006  4.0000e-001  4.0000e-001  0.0000e+000  3.8865e-001  3.1469e-003  7.9858e-003  3.8769e-001
 1.748073e-006  4.0000e-001  4.0000e-001  0.0000e+000  3.8865e-001  6.9123e-003  7.9860e-003  3.8948e-001
 1.758462e-006  4.0000e-001  4.0000e-001  0.0000e+000  3.8865e-001  3.7987e-003  7.9858e-003  3.8777e-001
 1.760000e-006  4.0000e-001  4.0000e-001  0.0000e+000  3.8865e-001  6.3494e-003  7.9860e-003  3.8925e-001
 1.775373e-006  0.0000e+000  0.0000e+000  0.0000e+000  3.8814e-001  9.6860e-003  9.7419e-003  3.8819e-001
 1.783060e-006  0.0000e+000  0.0000e+000  0.0000e+000  3.8821e-001  9.9762e-003  9.9855e-003  3.8822e-001
 1.800000e-006  7.9409e-015  0.0000e+000  0.0000e+000  3.8820e-001  1.0001e-002  1.0004e-002  3.8821e-001
 1.801000e-006  4.0000e-001  0.0000e+000  0.0000e+000  2.2181e-001  7.3394e-003  6.5200e-002  3.8918e-001
 1.801500e-006  4.0000e-001  0.0000e+000  0.0000e+000  1.0981e-001  5.7781e-003  9.9638e-002  3.8855e-001
 1.803507e-006  4.0000e-001  0.0000e+000  0.0000e+000  1.5415e-002  5.3441e-003  3.4462e-001  3.8856e-001
 1.804511e-006  4.0000e-001  0.0000e+000  0.0000e+000  5.1358e-003  5.2902e-003  3.8793e-001  3.8860e-001
 1.805013e-006  4.0000e-001  0.0000e+000  0.0000e+000  5.4167e-003  5.3095e-003  3.8849e-001  3.8861e-001
 1.806349e-006  4.0000e-001  0.0000e+000  0.0000e+000  5.2492e-003  5.3023e-003  3.8860e-001  3.8860e-001
 1.811368e-006  4.0000e-001  0.0000e+000  0.0000e+000  5.3542e-003  5.3077e-003  3.8862e-001  3.8861e-001
 1.813877e-006  4.0000e-001  0.0000e+000  0.0000e+000  5.2670e-003  5.3031e-003  3.8859e-001  3.8860e-001
 1.820000e-006  4.0000e-001  0.0000e+000  0.0000e+000  5.3397e-003  5.3070e-003  3.8862e-001  3.8861e-001
 1.820271e-006  4.0000e-001  0.0000e+000  1.0863e-001  5.3172e-003  2.3133e-002  3.8861e-001  3.9348e-001
 1.821000e-006  4.0000e-001  0.0000e+000  4.0000e-001  5.3072e-003  3.7793e-002  3.8860e-001  3.8442e-001
 1.821364e-006  4.0000e-001  0.0000e+000  4.0000e-001  5.3058e-003  4.3405e-002  3.8860e-001  3.6598e-001
 1.8215463e-006  4.0000e-001  0.0000e+000  4.0000e-001  5.3055e-003  4.7087e-002  3.8860e-001  3.5484e-001
 1.823367e-006  4.0000e-001  0.0000e+000  4.0000e-001  5.3050e-003  1.0637e-001  3.8860e-001  1.7697e-001
 1.824277e-006  4.0000e-001  0.0000e+000  4.0000e-001  5.3052e-003  1.6292e-001  3.8860e-001  9.4699e-002
 1.824733e-006  4.0000e-001  0.0000e+000  4.0000e-001  5.3051e-003  2.2137e-001  3.8860e-001  6.3216e-002
 1.825864e-006  4.0000e-001  0.0000e+000  4.0000e-001  5.3052e-003  3.5870e-001  3.8860e-001  1.9062e-002
 1.827700e-006  4.0000e-001  0.0000e+000  4.0000e-001  5.3051e-003  3.9492e-001  3.8860e-001  6.7944e-003
 1.828618e-006  4.0000e-001  0.0000e+000  4.0000e-001  5.3052e-003  3.8880e-001  3.8860e-001  7.3735e-003
 1.835670e-006  4.0000e-001  0.0000e+000  4.0000e-001  5.3051e-003  3.8860e-001  3.8860e-001  8.5108e-003
 1.840000e-006  4.0000e-001  2.1176e-014  4.0000e-001  5.3052e-003  3.8862e-001  3.8860e-001  7.5468e-003
 1.841000e-006  3.1752e-014  4.0000e-001  4.0000e-001  6.1771e-003  3.8716e-001  3.8738e-001  6.8157e-003
 1.841500e-006  0.0000e+000  4.0000e-001  4.0000e-001  8.6016e-003  3.8814e-001  3.8832e-001  8.8681e-003
 1.845196e-006  0.0000e+000  4.0000e-001  4.0000e-001  9.8733e-003  3.8825e-001  3.8828e-001  9.8973e-003
 1.880000e-006  3.1764e-014  4.0000e-001  4.0000e-001  1.0112e-002  3.8818e-001  3.8814e-001  1.0077e-002
 1.881000e-006  4.0000e-001  4.0000e-001  4.0000e-001  4.6649e-002  3.8967e-001  3.4711e-001  1.0723e-002
 1.881500e-006  4.0000e-001  4.0000e-001  4.0000e-001  6.1305e-002  3.8877e-001  3.2148e-001  8.9011e-003
 1.883509e-006  4.0000e-001  4.0000e-001  4.0000e-001  2.9912e-001  3.8861e-001  6.0379e-002  8.0953e-003
 1.884513e-006  4.0000e-001  4.0000e-001  4.0000e-001  3.7276e-001  3.8862e-001  1.5652e-002  7.9587e-003
 1.885015e-006  4.0000e-001  4.0000e-001  4.0000e-001  3.8281e-001  3.8865e-001  1.0630e-002  7.9885e-003
 1.886359e-006  4.0000e-001  4.0000e-001  4.0000e-001  3.8917e-001  3.8865e-001  7.5697e-003  7.9848e-003
 1.891437e-006  4.0000e-001  4.0000e-001  4.0000e-001  3.8834e-001  3.8865e-001  8.3123e-003  7.9868e-003
 1.893976e-006  4.0000e-001  4.0000e-001  4.0000e-001  3.8873e-001  3.8865e-001  7.7726e-003  7.9853e-003
 1.900000e-006  4.0000e-001  4.0000e-001  4.0000e-001  3.8861e-001  3.8865e-001  8.1734e-003  7.9864e-003
 1.900288e-006  4.0000e-001  4.0000e-001  2.8475e-001  3.8859e-001  3.8822e-001  8.0418e-003  6.5273e-003
 1.901000e-006  4.0000e-001  4.0000e-001  0.0000e+000  3.8862e-001  2.9580e-001  8.0011e-003  4.3666e-002
 1.901355e-006  4.0000e-001  4.0000e-001  0.0000e+000  3.8863e-001  2.1653e-001  7.9940e-003  6.5348e-002
 1.9015338e-006  4.0000e-001  4.0000e-001  0.0000e+000  3.8864e-001  1.7469e-001  7.9918e-003  7.5830e-002
 1.903313e-006  4.0000e-001  4.0000e-001  0.0000e+000  3.8865e-001  1.3768e-002  7.9843e-003  3.1242e-001
 1.904203e-006  4.0000e-001  4.0000e-001  0.0000e+000  3.8865e-001  7.8474e-003  7.9859e-003  3.8568e-001
 1.904648e-006  4.0000e-001  4.0000e-001  0.0000e+000  3.8865e-001  5.2157e-003  7.9858e-003  3.8685e-001
 1.905833e-006  4.0000e-001  4.0000e-001  0.0000e+000  3.8865e-001  5.5216e-003  7.9859e-003  3.8889e-001
 1.907686e-006  4.0000e-001  4.0000e-001  0.0000e+000  3.8865e-001  5.1333e-003  7.9859e-003  3.8845e-001
 1.908613e-006  4.0000e-001  4.0000e-001  0.0000e+000  3.8865e-001  5.4024e-003  7.9859e-003  3.8867e-001
 1.915107e-006  4.0000e-001  4.0000e-001  0.0000e+000  3.8865e-001  5.2160e-003  7.9859e-003  3.8855e-001
 1.920000e-006  4.0000e-001  4.0000e-001  0.0000e+000  3.8865e-001  5.3844e-003  7.9859e-003  3.8866e-001
 1.921000e-006  8.4710e-014  8.4710e-014  0.0000e+000  3.8713e-001  6.1914e-003  6.9367e-003  3.8739e-001
 1.921499e-006  0.0000e+000  0.0000e+000  0.0000e+000  3.8810e-001  8.6034e-003  8.9215e-003  3.8832e-001
 1.925196e-006  0.0000e+000  0.0000e+000  0.0000e+000  3.8824e-001  9.8679e-003  9.9083e-003  3.8828e-001
 1.960000e-006  7.1468e-014  0.0000e+000  0.0000e+000  3.8817e-001  1.0105e-002  1.0078e-002  3.8815e-001
 1.961000e-006  4.0000e-001  0.0000e+000  0.0000e+000  2.2160e-001  7.3552e-003  6.5256e-002  3.8915e-001
 1.961499e-006  4.0000e-001  0.0000e+000  0.0000e+000  1.0966e-001  5.7835e-003  9.9724e-002  3.8853e-001
 1.963508e-006  4.0000e-001  0.0000e+000  0.0000e+000  1.5397e-002  5.3449e-003  3.4467e-001  3.8856e-001
 1.964513e-006  4.0000e-001  0.0000e+000  0.0000e+000  5.1354e-003  5.2901e-003  3.8795e-001  3.8860e-001
 1.965015e-006  4.0000e-001  0.0000e+000  0.0000e+000  5.4152e-003  5.3095e-003  3.8849e-001  3.8861e-001
 1.966358e-006  4.0000e-001  0.0000e+000  0.0000e+000  5.2495e-003  5.3023e-003  3.8860e-001  3.8860e-001
 1.971430e-006  4.0000e-001  0.0000e+000  0.0000e+000  5.3540e-003  5.3077e-003  3.8862e-001  3.8861e-001
 1.973966e-006  4.0000e-001  0.0000e+000  0.0000e+000  5.2671e-003  5.3031e-003  3.8859e-001  3.8860e-001
 1.980000e-006  4.0000e-001  0.0000e+000  2.1176e-014  5.3396e-003  5.3070e-003  3.8862e-001  3.8861e-001
 1.981000e-006  4.0000e-001  0.0000e+000  4.0000e-001  5.3096e-003  3.6232e-002  3.8861e-001  3.7790e-001
 1.981500e-006  4.0000e-001  0.0000e+000  4.0000e-001  5.3062e-003  4.7041e-002  3.8860e-001  3.5406e-001
 1.981750e-006  4.0000e-001  0.0000e+000  4.0000e-001  5.3056e-003  5.3320e-002  3.8860e-001  3.4020e-001
 1.984250e-006  4.0000e-001  0.0000e+000  4.0000e-001  5.3049e-003  1.9539e-001  3.8860e-001  9.1506e-002
 1.985500e-006  4.0000e-001  0.0000e+000  4.0000e-001  5.3053e-003  3.4112e-001  3.8860e-001  2.2964e-002
 1.986125e-006  4.0000e-001  0.0000e+000  4.0000e-001  5.3051e-003  3.7828e-001  3.8860e-001  1.3943e-002
 1.988073e-006  4.0000e-001  0.0000e+000  4.0000e-001  5.3052e-003  3.9099e-001  3.8860e-001  6.0544e-003
 1.998462e-006  4.0000e-001  0.0000e+000  4.0000e-001  5.3051e-003  3.8676e-001  3.8860e-001  9.7607e-003
 2.000000e-006  4.0000e-001  8.4703e-014  4.0000e-001  5.3052e-003  3.8872e-001  3.8860e-001  7.2879e-003
 2.001000e-006  5.2958e-014  4.0000e-001  4.0000e-001  6.1771e-003  3.8722e-001  3.8738e-001  6.7373e-003
 2.001499e-006  0.0000e+000  4.0000e-001  4.0000e-001  8.6016e-003  3.8817e-001  3.8832e-001  8.8319e-003
 2.005196e-006  0.0000e+000  4.0000e-001  4.0000e-001  9.8733e-003  3.8826e-001  3.8828e-001  9.8929e-003
 2.040000e-006  0.0000e+000  4.0000e-001  4.0000e-001  1.0112e-002  3.8817e-001  3.8814e-001  1.0081e-002
 2.041471e-006  4.0000e-001  4.0000e-001  4.0000e-001  5.5114e-002  3.8934e-001  3.3314e-001  9.9724e-003
 2.042207e-006  4.0000e-001  4.0000e-001  4.0000e-001  7.7135e-002  3.8868e-001  2.8895e-001  8.4966e-003
 2.042575e-006  4.0000e-001  4.0000e-001  4.0000e-001  8.8840e-002  3.8853e-001  2.6211e-001  8.0752e-003
 2.043433e-006  4.0000e-001  4.0000e-001  4.0000e-001  1.1708e-001  3.8863e-001  1.7525e-001  7.9797e-003
 2.045184e-006  4.0000e-001  4.0000e-001  4.0000e-001  2.9813e-001  3.8866e-001  4.3242e-002  7.9925e-003
 2.047657e-006  4.0000e-001  4.0000e-001  4.0000e-001  4.0164e-001  3.8865e-001  6.2425e-003  7.9804e-003
 2.048893e-006  4.0000e-001  4.0000e-001  4.0000e-001  3.8663e-001  3.8865e-001  7.0923e-003  7.9893e-003
 2.054958e-006  4.0000e-001  4.0000e-001  4.0000e-001  3.9024e-001  3.8865e-001  8.8172e-003  7.9828e-003
 2.057990e-006  4.0000e-001  4.0000e-001  4.0000e-001  3.8765e-001  3.8865e-001  7.2702e-003  7.9885e-003
 2.060000e-006  4.0000e-001  4.0000e-001  4.0000e-001  3.8919e-001  3.8865e-001  8.5024e-003  7.9839e-003
 2.061000e-006  4.0000e-001  4.0000e-001  0.0000e+000  3.8876e-001  2.3045e-001  8.0650e-003  5.8784e-002
 2.061500e-006  4.0000e-001  4.0000e-001  0.0000e+000  3.8869e-001  1.1809e-001  8.0062e-003  9.2728e-002
 2.061750e-006  4.0000e-001  4.0000e-001  0.0000e+000  3.8867e-001  7.9540e-002  7.9936e-003  1.1606e-001
 2.064250e-006  4.0000e-001  4.0000e-001  0.0000e+000  3.8864e-001 -1.2040e-003  7.9789e-003  3.7146e-001
 2.065500e-006  4.0000e-001  4.0000e-001  0.0000e+000  3.8866e-001  1.0361e-002  7.9901e-003  3.9353e-001
 2.066125e-006  4.0000e-001  4.0000e-001  0.0000e+000  3.8865e-001  3.1469e-003  7.9850e-003  3.8769e-001
 2.068073e-006  4.0000e-001  4.0000e-001  0.0000e+000  3.8865e-001  6.9123e-003  7.9864e-003  3.8948e-001
 2.078461e-006  4.0000e-001  4.0000e-001  0.0000e+000  3.8865e-001  3.7987e-003  7.9854e-003  3.8777e-001
 2.080000e-006  4.0000e-001  4.0000e-001  0.0000e+000  3.8865e-001  6.3496e-003  7.9862e-003  3.8925e-001
 2.095383e-006  0.0000e+000  0.0000e+000  0.0000e+000  3.8814e-001  9.6862e-003  9.7420e-003  3.8819e-001
 2.103075e-006  0.0000e+000  0.0000e+000  0.0000e+000  3.8821e-001  9.9762e-003  9.9855e-003  3.8822e-001
 2.120000e-006  0.0000e+000  0.0000e+000  0.0000e+000  3.8820e-001  1.0001e-002  1.0004e-002  3.8821e-001
 2.121484e-006  4.0000e-001  0.0000e+000  0.0000e+000  8.6568e-002  6.7354e-003  1.2100e-001  3.8897e-001
 2.122226e-006  4.0000e-001  0.0000e+000  0.0000e+000  2.8911e-002  5.5518e-003  2.7558e-001  3.8854e-001
 2.122597e-006  4.0000e-001  0.0000e+000  0.0000e+000  1.3059e-002  5.2925e-003  3.4031e-001  3.8850e-001
 2.123473e-006  4.0000e-001  0.0000e+000  0.0000e+000  6.5755e-003  5.3222e-003  3.8625e-001  3.8861e-001
 2.125236e-006  4.0000e-001  0.0000e+000  0.0000e+000  4.6500e-003  5.2932e-003  3.8905e-001  3.8860e-001
 2.127710e-006  4.0000e-001  0.0000e+000  0.0000e+000  5.7759e-003  5.3146e-003  3.8854e-001  3.8861e-001
 2.128947e-006  4.0000e-001  0.0000e+000  0.0000e+000  5.0424e-003  5.2993e-003  3.8848e-001  3.8860e-001
 2.134875e-006  4.0000e-001  0.0000e+000  0.0000e+000  5.5435e-003  5.3105e-003  3.8873e-001  3.8861e-001
 2.137840e-006  4.0000e-001  0.0000e+000  0.0000e+000  5.1094e-003  5.3007e-003  3.8849e-001  3.8860e-001
 2.140000e-006  4.0000e-001  0.0000e+000  0.0000e+000  5.4557e-003  5.3086e-003  3.8870e-001  3.8861e-001
 2.140279e-006  4.0000e-001  0.0000e+000  1.1178e-001  5.3553e-003  2.3459e-002  3.8863e-001  3.9352e-001
 2.141000e-006  4.0000e-001  0.0000e+000  4.0000e-001  5.3133e-003  3.7800e-002  3.8861e-001  3.8463e-001
 2.141360e-006  4.0000e-001  0.0000e+000  4.0000e-001  5.3075e-003  4.3283e-002  3.8861e-001  3.6640e-001
 2.1415404e-006  4.0000e-001  0.0000e+000  4.0000e-001  5.3062e-003  4.6888e-002  3.8860e-001  3.5535e-001
 2.143341e-006  4.0000e-001  0.0000e+000  4.0000e-001  5.3044e-003  1.0518e-001  3.8860e-001  1.8005e-001
 2.144242e-006  4.0000e-001  0.0000e+000  4.0000e-001  5.3055e-003  1.5914e-001  3.8861e-001  9.7775e-002
 2.144692e-006  4.0000e-001  0.0000e+000  4.0000e-001  5.3051e-003  2.1397e-001  3.8860e-001  6.5912e-002
 2.145848e-006  4.0000e-001  0.0000e+000  4.0000e-001  5.3052e-003  3.5630e-001  3.8860e-001  1.9436e-002
 2.147690e-006  4.0000e-001  0.0000e+000  4.0000e-001  5.3051e-003  3.9545e-001  3.8860e-001  6.9433e-003
 2.148611e-006  4.0000e-001  0.0000e+000  4.0000e-001  5.3052e-003  3.8874e-001  3.8860e-001  7.2467e-003
 2.155368e-006  4.0000e-001  0.0000e+000  4.0000e-001  5.3051e-003  3.8866e-001  3.8860e-001  8.6229e-003
 2.160000e-006  4.0000e-001  0.0000e+000  4.0000e-001  5.3052e-003  3.8856e-001  3.8860e-001  7.4386e-003
 2.161000e-006  0.0000e+000  4.0000e-001  4.0000e-001  6.1771e-003  3.8716e-001  3.8738e-001  6.7899e-003
 2.161500e-006  0.0000e+000  4.0000e-001  4.0000e-001  8.6016e-003  3.8814e-001  3.8832e-001  8.8586e-003
 2.165196e-006  0.0000e+000  4.0000e-001  4.0000e-001  9.8733e-003  3.8825e-001  3.8828e-001  9.8964e-003
 2.200000e-006  0.0000e+000  4.0000e-001  4.0000e-001  1.0112e-002  3.8818e-001  3.8814e-001  1.0078e-002
 2.201000e-006  4.0000e-001  4.0000e-001  4.0000e-001  4.6649e-002  3.8967e-001  3.4711e-001  1.0723e-002
 2.201500e-006  4.0000e-001  4.0000e-001  4.0000e-001  6.1305e-002  3.8877e-001  3.2148e-001  8.9011e-003
 2.203509e-006  4.0000e-001  4.0000e-001  4.0000e-001  2.9913e-001  3.8861e-001  6.0378e-002  8.0954e-003
 2.204513e-006  4.0000e-001  4.0000e-001  4.0000e-001  3.7276e-001  3.8862e-001  1.5652e-002  7.9587e-003
 2.205015e-006  4.0000e-001  4.0000e-001  4.0000e-001  3.8281e-001  3.8865e-001  1.0630e-002  7.9885e-003
 2.206359e-006  4.0000e-001  4.0000e-001  4.0000e-001  3.8917e-001  3.8865e-001  7.5697e-003  7.9848e-003
 2.211438e-006  4.0000e-001  4.0000e-001  4.0000e-001  3.8834e-001  3.8865e-001  8.3124e-003  7.9868e-003
 2.213977e-006  4.0000e-001  4.0000e-001  4.0000e-001  3.8873e-001  3.8865e-001  7.7726e-003  7.9853e-003
 2.220000e-006  4.0000e-001  4.0000e-001  4.0000e-001  3.8861e-001  3.8865e-001  8.1734e-003  7.9864e-003
 2.220288e-006  4.0000e-001  4.0000e-001  2.8475e-001  3.8859e-001  3.8822e-001  8.0418e-003  6.5273e-003
 2.221000e-006  4.0000e-001  4.0000e-001  2.1205e-014  3.8862e-001  2.9580e-001  8.0011e-003  4.3666e-002
 2.221355e-006  4.0000e-001  4.0000e-001  0.0000e+000  3.8863e-001  2.1653e-001  7.9940e-003  6.5348e-002
 2.2215338e-006  4.0000e-001  4.0000e-001  0.0000e+000  3.8864e-001  1.7469e-001  7.9918e-003  7.5830e-002
 2.223313e-006  4.0000e-001  4.0000e-001  0.0000e+000  3.8865e-001  1.3768e-002  7.9843e-003  3.1242e-001
 2.224203e-006  4.0000e-001  4.0000e-001  0.0000e+000  3.8865e-001  7.8474e-003  7.9859e-003  3.8568e-001
 2.224648e-006  4.0000e-001  4.0000e-001  0.0000e+000  3.8865e-001  5.2157e-003  7.9858e-003  3.8685e-001
 2.225833e-006  4.0000e-001  4.0000e-001  0.0000e+000  3.8865e-001  5.5216e-003  7.9859e-003  3.8889e-001
 2.227686e-006  4.0000e-001  4.0000e-001  0.0000e+000  3.8865e-001  5.1333e-003  7.9859e-003  3.8845e-001
 2.228613e-006  4.0000e-001  4.0000e-001  0.0000e+000  3.8865e-001  5.4024e-003  7.9859e-003  3.8867e-001
 2.235107e-006  4.0000e-001  4.0000e-001  0.0000e+000  3.8865e-001  5.2160e-003  7.9859e-003  3.8855e-001
 2.240000e-006  4.0000e-001  4.0000e-001  0.0000e+000  3.8865e-001  5.3844e-003  7.9859e-003  3.8866e-001
 2.241000e-006  0.0000e+000  0.0000e+000  0.0000e+000  3.8713e-001  6.1914e-003  6.9367e-003  3.8739e-001
 2.241500e-006  0.0000e+000  0.0000e+000  0.0000e+000  3.8810e-001  8.6034e-003  8.9215e-003  3.8832e-001
 2.245196e-006  0.0000e+000  0.0000e+000  0.0000e+000  3.8824e-001  9.8679e-003  9.9083e-003  3.8828e-001
 2.280000e-006  2.9117e-014  0.0000e+000  0.0000e+000  3.8817e-001  1.0105e-002  1.0078e-002  3.8815e-001
 2.281000e-006  4.0000e-001  0.0000e+000  0.0000e+000  2.2160e-001  7.3552e-003  6.5256e-002  3.8915e-001
 2.281500e-006  4.0000e-001  0.0000e+000  0.0000e+000  1.0966e-001  5.7835e-003  9.9724e-002  3.8853e-001
 2.283508e-006  4.0000e-001  0.0000e+000  0.0000e+000  1.5397e-002  5.3449e-003  3.4467e-001  3.8856e-001
 2.284513e-006  4.0000e-001  0.0000e+000  0.0000e+000  5.1354e-003  5.2901e-003  3.8795e-001  3.8860e-001
 2.285015e-006  4.0000e-001  0.0000e+000  0.0000e+000  5.4152e-003  5.3095e-003  3.8849e-001  3.8861e-001
 2.286358e-006  4.0000e-001  0.0000e+000  0.0000e+000  5.2495e-003  5.3023e-003  3.8860e-001  3.8860e-001
 2.291430e-006  4.0000e-001  0.0000e+000  0.0000e+000  5.3540e-003  5.3077e-003  3.8862e-001  3.8861e-001
 2.293966e-006  4.0000e-001  0.0000e+000  0.0000e+000  5.2671e-003  5.3031e-003  3.8859e-001  3.8860e-001
 2.300000e-006  4.0000e-001  0.0000e+000  0.0000e+000  5.3396e-003  5.3070e-003  3.8862e-001  3.8861e-001
 2.300271e-006  4.0000e-001  0.0000e+000  1.0862e-001  5.3172e-003  2.3131e-002  3.8861e-001  3.9348e-001
 2.301000e-006  4.0000e-001  0.0000e+000  4.0000e-001  5.3072e-003  3.7793e-002  3.8860e-001  3.8442e-001
 2.301364e-006  4.0000e-001  0.0000e+000  4.0000e-001  5.3058e-003  4.3406e-002  3.8860e-001  3.6598e-001
 2.3015463e-006  4.0000e-001  0.0000e+000  4.0000e-001  5.3055e-003  4.7088e-002  3.8860e-001  3.5484e-001
 2.303367e-006  4.0000e-001  0.0000e+000  4.0000e-001  5.3050e-003  1.0638e-001  3.8860e-001  1.7696e-001
 2.304278e-006  4.0000e-001  0.0000e+000  4.0000e-001  5.3052e-003  1.6294e-001  3.8860e-001  9.4684e-002
 2.304733e-006  4.0000e-001  0.0000e+000  4.0000e-001  5.3051e-003  2.2141e-001  3.8860e-001  6.3203e-002
 2.305865e-006  4.0000e-001  0.0000e+000  4.0000e-001  5.3052e-003  3.5871e-001  3.8860e-001  1.9060e-002
 2.307700e-006  4.0000e-001  0.0000e+000  4.0000e-001  5.3051e-003  3.9492e-001  3.8860e-001  6.7936e-003
 2.308618e-006  4.0000e-001  0.0000e+000  4.0000e-001  5.3052e-003  3.8880e-001  3.8860e-001  7.3742e-003
 2.315672e-006  4.0000e-001  0.0000e+000  4.0000e-001  5.3051e-003  3.8860e-001  3.8860e-001  8.5102e-003
 2.320000e-006  4.0000e-001  4.2352e-014  4.0000e-001  5.3052e-003  3.8862e-001  3.8860e-001  7.5473e-003
 2.321000e-006  0.0000e+000  4.0000e-001  4.0000e-001  6.1771e-003  3.8716e-001  3.8738e-001  6.8158e-003
 2.321500e-006  0.0000e+000  4.0000e-001  4.0000e-001  8.6016e-003  3.8814e-001  3.8832e-001  8.8681e-003
 2.325196e-006  0.0000e+000  4.0000e-001  4.0000e-001  9.8733e-003  3.8825e-001  3.8828e-001  9.8973e-003
 2.360000e-006  5.2940e-014  4.0000e-001  4.0000e-001  1.0112e-002  3.8818e-001  3.8814e-001  1.0077e-002
 2.361000e-006  4.0000e-001  4.0000e-001  4.0000e-001  4.6649e-002  3.8967e-001  3.4711e-001  1.0723e-002
 2.361500e-006  4.0000e-001  4.0000e-001  4.0000e-001  6.1305e-002  3.8877e-001  3.2148e-001  8.9011e-003
 2.363509e-006  4.0000e-001  4.0000e-001  4.0000e-001  2.9912e-001  3.8861e-001  6.0379e-002  8.0953e-003
 2.364513e-006  4.0000e-001  4.0000e-001  4.0000e-001  3.7276e-001  3.8862e-001  1.5652e-002  7.9587e-003
 2.365015e-006  4.0000e-001  4.0000e-001  4.0000e-001  3.8281e-001  3.8865e-001  1.0630e-002  7.9885e-003
 2.366359e-006  4.0000e-001  4.0000e-001  4.0000e-001  3.8917e-001  3.8865e-001  7.5697e-003  7.9848e-003
 2.371437e-006  4.0000e-001  4.0000e-001  4.0000e-001  3.8834e-001  3.8865e-001  8.3123e-003  7.9868e-003
 2.373976e-006  4.0000e-001  4.0000e-001  4.0000e-001  3.8873e-001  3.8865e-001  7.7726e-003  7.9853e-003
 2.380000e-006  4.0000e-001  4.0000e-001  4.0000e-001  3.8861e-001  3.8865e-001  8.1734e-003  7.9864e-003
 2.381000e-006  4.0000e-001  4.0000e-001  0.0000e+000  3.8862e-001  2.3045e-001  8.0106e-003  5.8785e-002
 2.381500e-006  4.0000e-001  4.0000e-001  0.0000e+000  3.8863e-001  1.1809e-001  7.9953e-003  9.2729e-002
 2.381750e-006  4.0000e-001  4.0000e-001  0.0000e+000  3.8864e-001  7.9539e-002  7.9918e-003  1.1606e-001
 2.384250e-006  4.0000e-001  4.0000e-001  0.0000e+000  3.8866e-001 -1.2041e-003  7.9834e-003  3.7146e-001
 2.385500e-006  4.0000e-001  4.0000e-001  0.0000e+000  3.8865e-001  1.0361e-002  7.9863e-003  3.9353e-001
 2.386125e-006  4.0000e-001  4.0000e-001  0.0000e+000  3.8865e-001  3.1469e-003  7.9858e-003  3.8769e-001
 2.388073e-006  4.0000e-001  4.0000e-001  0.0000e+000  3.8865e-001  6.9123e-003  7.9860e-003  3.8948e-001
 2.398462e-006  4.0000e-001  4.0000e-001  0.0000e+000  3.8865e-001  3.7987e-003  7.9858e-003  3.8777e-001
 2.400000e-006  4.0000e-001  4.0000e-001  0.0000e+000  3.8865e-001  6.3494e-003  7.9860e-003  3.8925e-001
 2.401000e-006  6.3560e-014  6.3560e-014  0.0000e+000  3.8713e-001  6.4101e-003  6.9367e-003  3.8747e-001
 2.401500e-006  0.0000e+000  0.0000e+000  0.0000e+000  3.8810e-001  8.6798e-003  8.9215e-003  3.8833e-001
 2.405196e-006  0.0000e+000  0.0000e+000  0.0000e+000  3.8824e-001  9.8741e-003  9.9083e-003  3.8828e-001
 2.440000e-006  0.0000e+000  0.0000e+000  0.0000e+000  3.8817e-001  1.0099e-002  1.0078e-002  3.8815e-001
 2.441471e-006  4.0000e-001  0.0000e+000  0.0000e+000  8.8553e-002  6.7574e-003  1.1845e-001  3.8895e-001
 2.442207e-006  4.0000e-001  0.0000e+000  0.0000e+000  2.9808e-002  5.5584e-003  2.7111e-001  3.8853e-001
 2.442575e-006  4.0000e-001  0.0000e+000  0.0000e+000  1.3402e-002  5.2941e-003  3.3745e-001  3.8849e-001
 2.443433e-006  4.0000e-001  0.0000e+000  0.0000e+000  6.7274e-003  5.3221e-003  3.8568e-001  3.8861e-001
 2.445184e-006  4.0000e-001  0.0000e+000  0.0000e+000  4.6020e-003  5.2935e-003  3.8918e-001  3.8860e-001
 2.447657e-006  4.0000e-001  0.0000e+000  0.0000e+000  5.8043e-003  5.3143e-003  3.8848e-001  3.8861e-001
 2.448893e-006  4.0000e-001  0.0000e+000  0.0000e+000  5.0313e-003  5.2994e-003  3.8848e-001  3.8860e-001
 2.454958e-006  4.0000e-001  0.0000e+000  0.0000e+000  5.5539e-003  5.3104e-003  3.8873e-001  3.8861e-001
 2.457990e-006  4.0000e-001  0.0000e+000  0.0000e+000  5.1002e-003  5.3008e-003  3.8849e-001  3.8860e-001
 2.460000e-006  4.0000e-001  0.0000e+000  4.2352e-014  5.4594e-003  5.3085e-003  3.8870e-001  3.8861e-001
 2.461000e-006  4.0000e-001  0.0000e+000  4.0000e-001  5.3241e-003  3.6233e-002  3.8862e-001  3.7790e-001
 2.461500e-006  4.0000e-001  0.0000e+000  4.0000e-001  5.3093e-003  4.7041e-002  3.8861e-001  3.5406e-001
 2.461750e-006  4.0000e-001  0.0000e+000  4.0000e-001  5.3067e-003  5.3320e-002  3.8861e-001  3.4020e-001
 2.464250e-006  4.0000e-001  0.0000e+000  4.0000e-001  5.3040e-003  1.9539e-001  3.8860e-001  9.1506e-002
 2.465500e-006  4.0000e-001  0.0000e+000  4.0000e-001  5.3059e-003  3.4112e-001  3.8861e-001  2.2964e-002
 2.466125e-006  4.0000e-001  0.0000e+000  4.0000e-001  5.3049e-003  3.7828e-001  3.8860e-001  1.3943e-002
 2.468073e-006  4.0000e-001  0.0000e+000  4.0000e-001  5.3054e-003  3.9099e-001  3.8860e-001  6.0545e-003
 2.478461e-006  4.0000e-001  0.0000e+000  4.0000e-001  5.3050e-003  3.8676e-001  3.8860e-001  9.7606e-003
 2.480000e-006  4.0000e-001  0.0000e+000  4.0000e-001  5.3053e-003  3.8872e-001  3.8860e-001  7.2875e-003
 2.495383e-006  0.0000e+000  4.0000e-001  4.0000e-001  9.6703e-003  3.8816e-001  3.8818e-001  9.7181e-003
 2.503075e-006  0.0000e+000  4.0000e-001  4.0000e-001  9.9813e-003  3.8822e-001  3.8821e-001  9.9785e-003
 2.520000e-006  0.0000e+000  4.0000e-001  4.0000e-001  1.0008e-002  3.8821e-001  3.8820e-001  9.9992e-003
 2.521484e-006  4.0000e-001  4.0000e-001  4.0000e-001  5.5270e-002  3.8935e-001  3.3288e-001  9.9460e-003
 2.522226e-006  4.0000e-001  4.0000e-001  4.0000e-001  7.7517e-002  3.8868e-001  2.8799e-001  8.4857e-003
 2.522597e-006  4.0000e-001  4.0000e-001  4.0000e-001  8.9339e-002  3.8854e-001  2.6068e-001  8.0704e-003
 2.523473e-006  4.0000e-001  4.0000e-001  4.0000e-001  1.1847e-001  3.8863e-001  1.7140e-001  7.9793e-003
 2.525236e-006  4.0000e-001  4.0000e-001  4.0000e-001  3.0201e-001  3.8866e-001  4.1223e-002  7.9924e-003
 2.527710e-006  4.0000e-001  4.0000e-001  4.0000e-001  4.0219e-001  3.8865e-001  6.2295e-003  7.9805e-003
 2.528947e-006  4.0000e-001  4.0000e-001  4.0000e-001  3.8647e-001  3.8865e-001  7.0295e-003  7.9893e-003
 2.534875e-006  4.0000e-001  4.0000e-001  4.0000e-001  3.9035e-001  3.8865e-001  8.8761e-003  7.9828e-003
 2.537840e-006  4.0000e-001  4.0000e-001  4.0000e-001  3.8759e-001  3.8865e-001  7.2183e-003  7.9884e-003
 2.540000e-006  4.0000e-001  4.0000e-001  4.0000e-001  3.8925e-001  3.8865e-001  8.5564e-003  7.9839e-003
 2.541000e-006  4.0000e-001  4.0000e-001  6.3560e-014  3.8878e-001  2.3045e-001  8.0711e-003  5.8784e-002
 2.541500e-006  4.0000e-001  4.0000e-001  0.0000e+000  3.8870e-001  1.1809e-001  8.0073e-003  9.2728e-002
 2.5417499e-006  4.0000e-001  4.0000e-001  0.0000e+000  3.8868e-001  7.9540e-002  7.9938e-003  1.1606e-001
 2.544249e-006  4.0000e-001  4.0000e-001  0.0000e+000  3.8864e-001 -1.2040e-003  7.9785e-003  3.7146e-001
 2.545499e-006  4.0000e-001  4.0000e-001  0.0000e+000  3.8866e-001  1.0361e-002  7.9905e-003  3.9353e-001
 2.546124e-006  4.0000e-001  4.0000e-001  0.0000e+000  3.8865e-001  3.1469e-003  7.9849e-003  3.8769e-001
 2.548073e-006  4.0000e-001  4.0000e-001  0.0000e+000  3.8865e-001  6.9123e-003  7.9865e-003  3.8948e-001
 2.558461e-006  4.0000e-001  4.0000e-001  0.0000e+000  3.8865e-001  3.7987e-003  7.9853e-003  3.8777e-001
 2.560000e-006  4.0000e-001  4.0000e-001  0.0000e+000  3.8865e-001  6.3496e-003  7.9862e-003  3.8925e-001
 2.575383e-006  0.0000e+000  0.0000e+000  0.0000e+000  3.8814e-001  9.6861e-003  9.7420e-003  3.8819e-001
 2.583075e-006  0.0000e+000  0.0000e+000  0.0000e+000  3.8821e-001  9.9762e-003  9.9855e-003  3.8822e-001
 2.600000e-006  0.0000e+000  0.0000e+000  0.0000e+000  3.8820e-001  1.0001e-002  1.0004e-002  3.8821e-001
 2.601000e-006  4.0000e-001  0.0000e+000  0.0000e+000  2.2181e-001  7.3393e-003  6.5200e-002  3.8918e-001
 2.601500e-006  4.0000e-001  0.0000e+000  0.0000e+000  1.0981e-001  5.7781e-003  9.9638e-002  3.8855e-001
 2.603507e-006  4.0000e-001  0.0000e+000  0.0000e+000  1.5415e-002  5.3441e-003  3.4462e-001  3.8856e-001
 2.604511e-006  4.0000e-001  0.0000e+000  0.0000e+000  5.1358e-003  5.2902e-003  3.8793e-001  3.8860e-001
 2.605013e-006  4.0000e-001  0.0000e+000  0.0000e+000  5.4167e-003  5.3095e-003  3.8849e-001  3.8861e-001
 2.606349e-006  4.0000e-001  0.0000e+000  0.0000e+000  5.2492e-003  5.3023e-003  3.8860e-001  3.8860e-001
 2.611368e-006  4.0000e-001  0.0000e+000  0.0000e+000  5.3542e-003  5.3077e-003  3.8862e-001  3.8861e-001
 2.613877e-006  4.0000e-001  0.0000e+000  0.0000e+000  5.2670e-003  5.3031e-003  3.8859e-001  3.8860e-001
 2.620000e-006  4.0000e-001  0.0000e+000  0.0000e+000  5.3397e-003  5.3070e-003  3.8862e-001  3.8861e-001
 2.620271e-006  4.0000e-001  0.0000e+000  1.0863e-001  5.3172e-003  2.3133e-002  3.8861e-001  3.9348e-001
 2.621000e-006  4.0000e-001  0.0000e+000  4.0000e-001  5.3072e-003  3.7793e-002  3.8860e-001  3.8442e-001
 2.621364e-006  4.0000e-001  0.0000e+000  4.0000e-001  5.3058e-003  4.3405e-002  3.8860e-001  3.6598e-001
 2.6215463e-006  4.0000e-001  0.0000e+000  4.0000e-001  5.3055e-003  4.7087e-002  3.8860e-001  3.5484e-001
 2.623367e-006  4.0000e-001  0.0000e+000  4.0000e-001  5.3050e-003  1.0637e-001  3.8860e-001  1.7697e-001
 2.624277e-006  4.0000e-001  0.0000e+000  4.0000e-001  5.3052e-003  1.6292e-001  3.8860e-001  9.4699e-002
 2.624733e-006  4.0000e-001  0.0000e+000  4.0000e-001  5.3051e-003  2.2137e-001  3.8860e-001  6.3216e-002
 2.625864e-006  4.0000e-001  0.0000e+000  4.0000e-001  5.3052e-003  3.5870e-001  3.8860e-001  1.9062e-002
 2.627700e-006  4.0000e-001  0.0000e+000  4.0000e-001  5.3051e-003  3.9492e-001  3.8860e-001  6.7944e-003
 2.628618e-006  4.0000e-001  0.0000e+000  4.0000e-001  5.3052e-003  3.8880e-001  3.8860e-001  7.3735e-003
 2.635670e-006  4.0000e-001  0.0000e+000  4.0000e-001  5.3051e-003  3.8860e-001  3.8860e-001  8.5108e-003
 2.640000e-006  4.0000e-001  0.0000e+000  4.0000e-001  5.3052e-003  3.8862e-001  3.8860e-001  7.5468e-003
 2.641000e-006  0.0000e+000  4.0000e-001  4.0000e-001  6.1771e-003  3.8716e-001  3.8738e-001  6.8157e-003
 2.641500e-006  0.0000e+000  4.0000e-001  4.0000e-001  8.6016e-003  3.8814e-001  3.8832e-001  8.8681e-003
 2.645196e-006  0.0000e+000  4.0000e-001  4.0000e-001  9.8733e-003  3.8825e-001  3.8828e-001  9.8973e-003
 2.680000e-006  1.0588e-014  4.0000e-001  4.0000e-001  1.0112e-002  3.8818e-001  3.8814e-001  1.0077e-002
 2.681000e-006  4.0000e-001  4.0000e-001  4.0000e-001  4.6649e-002  3.8967e-001  3.4711e-001  1.0723e-002
 2.681500e-006  4.0000e-001  4.0000e-001  4.0000e-001  6.1305e-002  3.8877e-001  3.2148e-001  8.9011e-003
 2.683509e-006  4.0000e-001  4.0000e-001  4.0000e-001  2.9912e-001  3.8861e-001  6.0379e-002  8.0953e-003
 2.684513e-006  4.0000e-001  4.0000e-001  4.0000e-001  3.7276e-001  3.8862e-001  1.5652e-002  7.9587e-003
 2.685015e-006  4.0000e-001  4.0000e-001  4.0000e-001  3.8281e-001  3.8865e-001  1.0630e-002  7.9885e-003
 2.686359e-006  4.0000e-001  4.0000e-001  4.0000e-001  3.8917e-001  3.8865e-001  7.5697e-003  7.9848e-003
 2.691437e-006  4.0000e-001  4.0000e-001  4.0000e-001  3.8834e-001  3.8865e-001  8.3123e-003  7.9868e-003
 2.693976e-006  4.0000e-001  4.0000e-001  4.0000e-001  3.8873e-001  3.8865e-001  7.7726e-003  7.9853e-003
 2.700000e-006  4.0000e-001  4.0000e-001  4.0000e-001  3.8861e-001  3.8865e-001  8.1734e-003  7.9864e-003
 2.700288e-006  4.0000e-001  4.0000e-001  2.8475e-001  3.8859e-001  3.8822e-001  8.0418e-003  6.5273e-003
 2.701000e-006  4.0000e-001  4.0000e-001  0.0000e+000  3.8862e-001  2.9580e-001  8.0011e-003  4.3666e-002
 2.701355e-006  4.0000e-001  4.0000e-001  0.0000e+000  3.8863e-001  2.1653e-001  7.9940e-003  6.5348e-002
 2.7015338e-006  4.0000e-001  4.0000e-001  0.0000e+000  3.8864e-001  1.7469e-001  7.9918e-003  7.5830e-002
 2.703313e-006  4.0000e-001  4.0000e-001  0.0000e+000  3.8865e-001  1.3768e-002  7.9843e-003  3.1242e-001
 2.704203e-006  4.0000e-001  4.0000e-001  0.0000e+000  3.8865e-001  7.8474e-003  7.9859e-003  3.8568e-001
 2.704648e-006  4.0000e-001  4.0000e-001  0.0000e+000  3.8865e-001  5.2157e-003  7.9858e-003  3.8685e-001
 2.705833e-006  4.0000e-001  4.0000e-001  0.0000e+000  3.8865e-001  5.5216e-003  7.9859e-003  3.8889e-001
 2.707686e-006  4.0000e-001  4.0000e-001  0.0000e+000  3.8865e-001  5.1333e-003  7.9859e-003  3.8845e-001
 2.708613e-006  4.0000e-001  4.0000e-001  0.0000e+000  3.8865e-001  5.4024e-003  7.9859e-003  3.8867e-001
 2.715107e-006  4.0000e-001  4.0000e-001  0.0000e+000  3.8865e-001  5.2160e-003  7.9859e-003  3.8855e-001
 2.720000e-006  4.0000e-001  4.0000e-001  0.0000e+000  3.8865e-001  5.3844e-003  7.9859e-003  3.8866e-001
 2.721000e-006  0.0000e+000  0.0000e+000  0.0000e+000  3.8713e-001  6.1914e-003  6.9367e-003  3.8739e-001
 2.721500e-006  0.0000e+000  0.0000e+000  0.0000e+000  3.8810e-001  8.6034e-003  8.9215e-003  3.8832e-001
 2.725196e-006  0.0000e+000  0.0000e+000  0.0000e+000  3.8824e-001  9.8679e-003  9.9083e-003  3.8828e-001
 2.760000e-006  5.0293e-014  0.0000e+000  0.0000e+000  3.8817e-001  1.0105e-002  1.0078e-002  3.8815e-001
 2.761000e-006  4.0000e-001  0.0000e+000  0.0000e+000  2.2160e-001  7.3552e-003  6.5256e-002  3.8915e-001
 2.761500e-006  4.0000e-001  0.0000e+000  0.0000e+000  1.0966e-001  5.7835e-003  9.9724e-002  3.8853e-001
 2.763508e-006  4.0000e-001  0.0000e+000  0.0000e+000  1.5397e-002  5.3449e-003  3.4467e-001  3.8856e-001
 2.764513e-006  4.0000e-001  0.0000e+000  0.0000e+000  5.1354e-003  5.2901e-003  3.8795e-001  3.8860e-001
 2.765015e-006  4.0000e-001  0.0000e+000  0.0000e+000  5.4152e-003  5.3095e-003  3.8849e-001  3.8861e-001
 2.766358e-006  4.0000e-001  0.0000e+000  0.0000e+000  5.2495e-003  5.3023e-003  3.8860e-001  3.8860e-001
 2.771430e-006  4.0000e-001  0.0000e+000  0.0000e+000  5.3540e-003  5.3077e-003  3.8862e-001  3.8861e-001
 2.773966e-006  4.0000e-001  0.0000e+000  0.0000e+000  5.2671e-003  5.3031e-003  3.8859e-001  3.8860e-001
 2.780000e-006  4.0000e-001  0.0000e+000  0.0000e+000  5.3396e-003  5.3070e-003  3.8862e-001  3.8861e-001
 2.781000e-006  4.0000e-001  0.0000e+000  4.0000e-001  5.3096e-003  3.6232e-002  3.8861e-001  3.7790e-001
 2.781500e-006  4.0000e-001  0.0000e+000  4.0000e-001  5.3062e-003  4.7041e-002  3.8860e-001  3.5406e-001
 2.7817500e-006  4.0000e-001  0.0000e+000  4.0000e-001  5.3056e-003  5.3320e-002  3.8860e-001  3.4020e-001
 2.784250e-006  4.0000e-001  0.0000e+000  4.0000e-001  5.3049e-003  1.9539e-001  3.8860e-001  9.1506e-002
 2.785500e-006  4.0000e-001  0.0000e+000  4.0000e-001  5.3053e-003  3.4112e-001  3.8860e-001  2.2964e-002
 2.786125e-006  4.0000e-001  0.0000e+000  4.0000e-001  5.3051e-003  3.7828e-001  3.8860e-001  1.3943e-002
 2.788073e-006  4.0000e-001  0.0000e+000  4.0000e-001  5.3052e-003  3.9099e-001  3.8860e-001  6.0544e-003
 2.798462e-006  4.0000e-001  0.0000e+000  4.0000e-001  5.3051e-003  3.8676e-001  3.8860e-001  9.7607e-003
 2.800000e-006  4.0000e-001  6.3527e-014  4.0000e-001  5.3052e-003  3.8872e-001  3.8860e-001  7.2879e-003
 2.801000e-006  7.4107e-014  4.0000e-001  4.0000e-001  6.1771e-003  3.8722e-001  3.8738e-001  6.7373e-003
 2.801500e-006  0.0000e+000  4.0000e-001  4.0000e-001  8.6016e-003  3.8817e-001  3.8832e-001  8.8319e-003
 2.805196e-006  0.0000e+000  4.0000e-001  4.0000e-001  9.8733e-003  3.8826e-001  3.8828e-001  9.8929e-003
 2.840000e-006  7.4115e-014  4.0000e-001  4.0000e-001  1.0112e-002  3.8817e-001  3.8814e-001  1.0081e-002
 2.841000e-006  4.0000e-001  4.0000e-001  4.0000e-001  4.6649e-002  3.8967e-001  3.4711e-001  1.0724e-002
 2.841500e-006  4.0000e-001  4.0000e-001  4.0000e-001  6.1305e-002  3.8877e-001  3.2148e-001  8.9015e-003
 2.843509e-006  4.0000e-001  4.0000e-001  4.0000e-001  2.9914e-001  3.8861e-001  6.0369e-002  8.0954e-003
 2.844513e-006  4.0000e-001  4.0000e-001  4.0000e-001  3.7277e-001  3.8862e-001  1.5648e-002  7.9587e-003
 2.845016e-006  4.0000e-001  4.0000e-001  4.0000e-001  3.8281e-001  3.8865e-001  1.0628e-002  7.9885e-003
 2.846360e-006  4.0000e-001  4.0000e-001  4.0000e-001  3.8917e-001  3.8865e-001  7.5695e-003  7.9848e-003
 2.851442e-006  4.0000e-001  4.0000e-001  4.0000e-001  3.8834e-001  3.8865e-001  8.3125e-003  7.9868e-003
 2.853983e-006  4.0000e-001  4.0000e-001  4.0000e-001  3.8874e-001  3.8865e-001  7.7725e-003  7.9853e-003
 2.860000e-006  4.0000e-001  4.0000e-001  4.0000e-001  3.8861e-001  3.8865e-001  8.1735e-003  7.9864e-003
 2.861000e-006  4.0000e-001  4.0000e-001  0.0000e+000  3.8862e-001  2.3045e-001  8.0107e-003  5.8785e-002
 2.861500e-006  4.0000e-001  4.0000e-001  0.0000e+000  3.8863e-001  1.1809e-001  7.9953e-003  9.2729e-002
 2.8617500e-006  4.0000e-001  4.0000e-001  0.0000e+000  3.8864e-001  7.9539e-002  7.9918e-003  1.1606e-001
 2.864250e-006  4.0000e-001  4.0000e-001  0.0000e+000  3.8866e-001 -1.2041e-003  7.9834e-003  3.7146e-001
 2.865500e-006  4.0000e-001  4.0000e-001  0.0000e+000  3.8865e-001  1.0361e-002  7.9863e-003  3.9353e-001
 2.866125e-006  4.0000e-001  4.0000e-001  0.0000e+000  3.8865e-001  3.1469e-003  7.9858e-003  3.8769e-001
 2.868073e-006  4.0000e-001  4.0000e-001  0.0000e+000  3.8865e-001  6.9123e-003  7.9860e-003  3.8948e-001
 2.878462e-006  4.0000e-001  4.0000e-001  0.0000e+000  3.8865e-001  3.7987e-003  7.9858e-003  3.8777e-001
 2.880000e-006  4.0000e-001  4.0000e-001  0.0000e+000  3.8865e-001  6.3494e-003  7.9860e-003  3.8925e-001
 2.895373e-006  0.0000e+000  0.0000e+000  0.0000e+000  3.8814e-001  9.6860e-003  9.7419e-003  3.8819e-001
 2.903060e-006  0.0000e+000  0.0000e+000  0.0000e+000  3.8821e-001  9.9762e-003  9.9855e-003  3.8822e-001
 2.920000e-006  0.0000e+000  0.0000e+000  0.0000e+000  3.8820e-001  1.0001e-002  1.0004e-002  3.8821e-001
 2.921484e-006  4.0000e-001  0.0000e+000  0.0000e+000  8.6568e-002  6.7354e-003  1.2100e-001  3.8897e-001
 2.922226e-006  4.0000e-001  0.0000e+000  0.0000e+000  2.8911e-002  5.5518e-003  2.7558e-001  3.8854e-001
 2.922597e-006  4.0000e-001  0.0000e+000  0.0000e+000  1.3059e-002  5.2925e-003  3.4031e-001  3.8850e-001
 2.923473e-006  4.0000e-001  0.0000e+000  0.0000e+000  6.5755e-003  5.3222e-003  3.8625e-001  3.8861e-001
 2.925236e-006  4.0000e-001  0.0000e+000  0.0000e+000  4.6500e-003  5.2932e-003  3.8905e-001  3.8860e-001
 2.927710e-006  4.0000e-001  0.0000e+000  0.0000e+000  5.7759e-003  5.3146e-003  3.8854e-001  3.8861e-001
 2.928947e-006  4.0000e-001  0.0000e+000  0.0000e+000  5.0424e-003  5.2993e-003  3.8848e-001  3.8860e-001
 2.934875e-006  4.0000e-001  0.0000e+000  0.0000e+000  5.5435e-003  5.3105e-003  3.8873e-001  3.8861e-001
 2.937840e-006  4.0000e-001  0.0000e+000  0.0000e+000  5.1094e-003  5.3007e-003  3.8849e-001  3.8860e-001
 2.940000e-006  4.0000e-001  0.0000e+000  6.3527e-014  5.4557e-003  5.3086e-003  3.8870e-001  3.8861e-001
 2.941000e-006  4.0000e-001  0.0000e+000  4.0000e-001  5.3236e-003  3.6233e-002  3.8861e-001  3.7790e-001
 2.941499e-006  4.0000e-001  0.0000e+000  4.0000e-001  5.3092e-003  4.7041e-002  3.8861e-001  3.5406e-001
 2.9417499e-006  4.0000e-001  0.0000e+000  4.0000e-001  5.3066e-003  5.3320e-002  3.8861e-001  3.4020e-001
 2.944249e-006  4.0000e-001  0.0000e+000  4.0000e-001  5.3040e-003  1.9539e-001  3.8860e-001  9.1506e-002
 2.945499e-006  4.0000e-001  0.0000e+000  4.0000e-001  5.3059e-003  3.4112e-001  3.8861e-001  2.2964e-002
 2.946124e-006  4.0000e-001  0.0000e+000  4.0000e-001  5.3049e-003  3.7828e-001  3.8860e-001  1.3943e-002
 2.948073e-006  4.0000e-001  0.0000e+000  4.0000e-001  5.3054e-003  3.9099e-001  3.8860e-001  6.0545e-003
 2.958461e-006  4.0000e-001  0.0000e+000  4.0000e-001  5.3050e-003  3.8676e-001  3.8860e-001  9.7606e-003
 2.960000e-006  4.0000e-001  0.0000e+000  4.0000e-001  5.3053e-003  3.8872e-001  3.8860e-001  7.2875e-003
 2.975383e-006  0.0000e+000  4.0000e-001  4.0000e-001  9.6703e-003  3.8816e-001  3.8818e-001  9.7181e-003
 2.983075e-006  0.0000e+000  4.0000e-001  4.0000e-001  9.9813e-003  3.8822e-001  3.8821e-001  9.9785e-003
 3.000000e-006  0.0000e+000  4.0000e-001  4.0000e-001  1.0008e-002  3.8821e-001  3.8820e-001  9.9992e-003

* BEGIN NON-GRAPHICAL DATA

Power Results
VVDD from time 0 to 3e-006
Average power consumed -> 1.060756e-005 watts
Max power 3.078846e-005 at time 2.701e-006 
Min power 1.624464e-006 at time 1.90029e-006 


* END NON-GRAPHICAL DATA


* BEGIN NON-GRAPHICAL DATA

MEASUREMENT RESULTS

DELAY = 5.2688e-007   
   Trigger = 8.1000e-008   
   Target  = 6.0788e-007   

* END NON-GRAPHICAL DATA
*

* Parsing                      0.00 seconds
* Setup                        0.03 seconds
* DC operating point           0.01 seconds
* Transient Analysis           1.51 seconds
* Overhead                     0.76 seconds
* -----------------------------------------
* Total                        2.32 seconds

* Simulation completed

* End of T-Spice output file
