* T-Spice 13.00 Simulation	Fri Sep 06 19:03:46 2019	C:\Users\ARJUN\AppData\Local\Temp\TB_SRAM_6T.sp
* Command line: tspice -o C:\Users\ARJUN\AppData\Local\Temp\TB_SRAM_6T.out C:\Users\ARJUN\AppData\Local\Temp\TB_SRAM_6T.sp 
* T-Spice Win32 13.00.20080321.01:01:33

*SEDIT: Alter blocks = 0

* Accuracy and Convergence options:
* numndset|dchold = 100
* 
* Timestep and Integration options:
*  relq|relchgtol = 0.0005
* 
* Model Evaluation options:
*            dcap = 2                    defnrb = 0 [sq]               defnrd = 0 [sq]
*          defnrs = 0 [sq]                 tnom = 25 [deg C]
* 
* General options:
*            temp = 25 [deg C]          threads = 4
* 
* Output options:
*           acout = 1                    ingold = 0
* 


*  Device and node counts:
*             MOSFETs - 8                 MOSFET geometries - 4       
*                BJTs - 0                             JFETs - 0       
*             MESFETs - 0                            Diodes - 0       
*          Capacitors - 0                         Resistors - 0       
*           Inductors - 0                  Mutual inductors - 0       
*  Transmission lines - 0        Coupled transmission lines - 0       
*     Voltage sources - 3                   Current sources - 0       
*                VCVS - 0                              VCCS - 0       
*                CCVS - 0                              CCCS - 0       
*    V-control switch - 0                  I-control switch - 0       
*       Macro devices - 0        External C model instances - 0       
*         HDL devices - 0       
*         Subcircuits - 0              Subcircuit instances - 2       
*   Independent nodes - 35                   Boundary nodes - 4       
*         Total nodes - 39      


*SEDIT: Alter=0
*SEDIT: Analysis types DCOP 0 ACMODEL 0 AC 0 TRANSIENT 1 TRANSFER 0 NOISE 0 

*WEDIT: .tran   2e-009   3e-006
TRANSIENT ANALYSIS
Time<s>           v(WL)<V>     v(BL)<V>     v(QB)<V>      v(Q)<V>
 0.000000e+000  0.0000e+000  0.0000e+000  2.1667e-001  2.1676e-001
 1.250000e-010  0.0000e+000  0.0000e+000  2.1667e-001  2.1676e-001
 1.000000e-009  0.0000e+000  0.0000e+000  2.1667e-001  2.1676e-001
 1.500000e-009  0.0000e+000  0.0000e+000  2.1667e-001  2.1676e-001
 5.500000e-009  0.0000e+000  0.0000e+000  2.1667e-001  2.1676e-001
 9.500000e-009  0.0000e+000  0.0000e+000  2.1667e-001  2.1676e-001
 1.350000e-008  0.0000e+000  0.0000e+000  2.1667e-001  2.1676e-001
 1.750000e-008  0.0000e+000  0.0000e+000  2.1667e-001  2.1676e-001
 2.000000e-008  0.0000e+000  0.0000e+000  2.1667e-001  2.1676e-001
 2.050000e-008  2.0000e-001  0.0000e+000  2.2033e-001  2.1696e-001
 2.100000e-008  4.0000e-001  0.0000e+000  2.6686e-001  8.1279e-002
 2.125000e-008  4.0000e-001  0.0000e+000  3.0150e-001  4.4262e-002
 2.374999e-008  4.0000e-001  0.0000e+000  3.7724e-001  8.3823e-003
 2.499999e-008  4.0000e-001  0.0000e+000  3.8957e-001  4.6948e-003
 2.899999e-008  4.0000e-001  0.0000e+000  3.8809e-001  5.7784e-003
 3.299999e-008  4.0000e-001  0.0000e+000  3.8886e-001  4.9364e-003
 3.699999e-008  4.0000e-001  0.0000e+000  3.8850e-001  5.6045e-003
 4.000000e-008  4.0000e-001  0.0000e+000  3.8861e-001  5.0661e-003
 4.050000e-008  2.0000e-001  2.0000e-001  3.8771e-001  4.8579e-003
 4.075000e-008  1.0000e-001  3.0000e-001  3.8795e-001  6.7047e-003
 4.100000e-008  0.0000e+000  4.0000e-001  3.8790e-001  8.0070e-003
 4.147516e-008  0.0000e+000  4.0000e-001  3.8832e-001  9.2360e-003
 4.171274e-008  0.0000e+000  4.0000e-001  3.8837e-001  9.5589e-003
 4.397269e-008  0.0000e+000  4.0000e-001  3.8821e-001  1.0211e-002
 4.510266e-008  0.0000e+000  4.0000e-001  3.8815e-001  9.9329e-003
 4.910266e-008  0.0000e+000  4.0000e-001  3.8825e-001  1.0046e-002
 5.110266e-008  0.0000e+000  4.0000e-001  3.8818e-001  9.9623e-003
 5.510266e-008  0.0000e+000  4.0000e-001  3.8823e-001  1.0022e-002
 5.910266e-008  0.0000e+000  4.0000e-001  3.8819e-001  9.9738e-003
 6.000000e-008  0.0000e+000  4.0000e-001  3.8821e-001  1.0003e-002
 6.050000e-008  2.0000e-001  4.0000e-001  3.8874e-001  1.1047e-002
 6.100000e-008  4.0000e-001  4.0000e-001  3.6341e-001  3.6277e-002
 6.125000e-008  4.0000e-001  4.0000e-001  3.4845e-001  4.4788e-002
 6.375000e-008  4.0000e-001  4.0000e-001  4.6436e-002  3.2391e-001
 6.500000e-008  4.0000e-001  4.0000e-001  9.5009e-003  3.8508e-001
 6.562500e-008  4.0000e-001  4.0000e-001  8.5255e-003  3.8773e-001
 6.962500e-008  4.0000e-001  4.0000e-001  7.6121e-003  3.8915e-001
 7.362500e-008  4.0000e-001  4.0000e-001  8.2699e-003  3.8839e-001
 7.762500e-008  4.0000e-001  4.0000e-001  7.7587e-003  3.8877e-001
 8.000000e-008  4.0000e-001  4.0000e-001  8.1561e-003  3.8865e-001
 8.050000e-008  2.0000e-001  2.0000e-001  4.5883e-003  3.8701e-001
 8.100000e-008  0.0000e+000  0.0000e+000  7.2874e-003  3.8740e-001
 8.150000e-008  0.0000e+000  0.0000e+000  9.0297e-003  3.8818e-001
 8.175000e-008  0.0000e+000  0.0000e+000  9.4684e-003  3.8831e-001
 8.425000e-008  0.0000e+000  0.0000e+000  1.0288e-002  3.8825e-001
 8.825000e-008  0.0000e+000  0.0000e+000  9.7817e-003  3.8814e-001
 9.225000e-008  0.0000e+000  0.0000e+000  1.0155e-002  3.8828e-001
 9.625000e-008  0.0000e+000  0.0000e+000  9.8731e-003  3.8814e-001
 1.000000e-007  0.0000e+000  0.0000e+000  1.0088e-002  3.8826e-001
 1.005000e-007  2.0000e-001  0.0000e+000  1.1070e-002  3.8871e-001
 1.010000e-007  4.0000e-001  0.0000e+000  4.0556e-002  3.2400e-001
 1.012500e-007  4.0000e-001  0.0000e+000  5.5387e-002  2.7358e-001
 1.034812e-007  4.0000e-001  0.0000e+000  3.3304e-001  2.3569e-002
 1.045968e-007  4.0000e-001  0.0000e+000  3.8777e-001  3.1668e-003
 1.051547e-007  4.0000e-001  0.0000e+000  3.8919e-001  5.9731e-003
 1.091547e-007  4.0000e-001  0.0000e+000  3.8813e-001  4.7051e-003
 1.131547e-007  4.0000e-001  0.0000e+000  3.8900e-001  5.8331e-003
 1.171547e-007  4.0000e-001  0.0000e+000  3.8827e-001  4.8340e-003
 1.200000e-007  4.0000e-001  0.0000e+000  3.8887e-001  5.6894e-003
 1.205000e-007  2.0000e-001  0.0000e+000  3.8764e-001  4.5713e-003
 1.210000e-007  0.0000e+000  0.0000e+000  3.8770e-001  7.2520e-003
 1.215000e-007  0.0000e+000  0.0000e+000  3.8833e-001  8.9827e-003
 1.255000e-007  0.0000e+000  0.0000e+000  3.8827e-001  9.9000e-003
 1.295000e-007  0.0000e+000  0.0000e+000  3.8819e-001  1.0043e-002
 1.335000e-007  0.0000e+000  0.0000e+000  3.8822e-001  9.9524e-003
 1.375000e-007  0.0000e+000  0.0000e+000  3.8821e-001  1.0014e-002
 1.399999e-007  0.0000e+000  0.0000e+000  3.8821e-001  9.9742e-003
 1.405000e-007  0.0000e+000  2.0000e-001  3.8821e-001  9.9872e-003
 1.409999e-007  0.0000e+000  4.0000e-001  3.8821e-001  9.9916e-003
 1.412499e-007  0.0000e+000  4.0000e-001  3.8821e-001  9.9926e-003
 1.413749e-007  0.0000e+000  4.0000e-001  3.8821e-001  9.9929e-003
 1.426249e-007  0.0000e+000  4.0000e-001  3.8820e-001  9.9946e-003
 1.432499e-007  0.0000e+000  4.0000e-001  3.8820e-001  9.9953e-003
 1.464506e-007  0.0000e+000  4.0000e-001  3.8821e-001  9.9954e-003
 1.480510e-007  0.0000e+000  4.0000e-001  3.8820e-001  9.9951e-003
 1.520510e-007  0.0000e+000  4.0000e-001  3.8821e-001  9.9954e-003
 1.560510e-007  0.0000e+000  4.0000e-001  3.8820e-001  9.9951e-003
 1.600510e-007  0.0000e+000  4.0000e-001  3.8820e-001  9.9954e-003
 1.640510e-007  0.0000e+000  4.0000e-001  3.8820e-001  9.9952e-003
 1.680510e-007  0.0000e+000  4.0000e-001  3.8820e-001  9.9954e-003
 1.720510e-007  0.0000e+000  4.0000e-001  3.8820e-001  9.9952e-003
 1.760510e-007  0.0000e+000  4.0000e-001  3.8820e-001  9.9954e-003
 1.800000e-007  0.0000e+000  4.0000e-001  3.8820e-001  9.9952e-003
 1.805000e-007  2.0000e-001  4.0000e-001  3.8875e-001  1.1046e-002
 1.810000e-007  4.0000e-001  4.0000e-001  3.6351e-001  3.6264e-002
 1.812500e-007  4.0000e-001  4.0000e-001  3.4855e-001  4.4761e-002
 1.837499e-007  4.0000e-001  4.0000e-001  4.6463e-002  3.2387e-001
 1.849999e-007  4.0000e-001  4.0000e-001  9.5046e-003  3.8507e-001
 1.856249e-007  4.0000e-001  4.0000e-001  8.5264e-003  3.8773e-001
 1.896249e-007  4.0000e-001  4.0000e-001  7.6117e-003  3.8915e-001
 1.936249e-007  4.0000e-001  4.0000e-001  8.2702e-003  3.8839e-001
 1.976249e-007  4.0000e-001  4.0000e-001  7.7585e-003  3.8877e-001
 1.999999e-007  4.0000e-001  4.0000e-001  8.1562e-003  3.8865e-001
 2.005000e-007  2.0000e-001  2.0000e-001  4.5883e-003  3.8701e-001
 2.009999e-007  1.0603e-014  0.0000e+000  7.2874e-003  3.8740e-001
 2.015000e-007  0.0000e+000  0.0000e+000  9.0297e-003  3.8818e-001
 2.017500e-007  0.0000e+000  0.0000e+000  9.4685e-003  3.8831e-001
 2.042500e-007  0.0000e+000  0.0000e+000  1.0288e-002  3.8825e-001
 2.082500e-007  0.0000e+000  0.0000e+000  9.7817e-003  3.8814e-001
 2.122500e-007  0.0000e+000  0.0000e+000  1.0155e-002  3.8828e-001
 2.162500e-007  0.0000e+000  0.0000e+000  9.8731e-003  3.8814e-001
 2.200000e-007  0.0000e+000  0.0000e+000  1.0088e-002  3.8826e-001
 2.205000e-007  2.0000e-001  0.0000e+000  1.1070e-002  3.8871e-001
 2.210000e-007  4.0000e-001  0.0000e+000  4.0556e-002  3.2400e-001
 2.212500e-007  4.0000e-001  0.0000e+000  5.5387e-002  2.7358e-001
 2.234812e-007  4.0000e-001  0.0000e+000  3.3304e-001  2.3569e-002
 2.245968e-007  4.0000e-001  0.0000e+000  3.8777e-001  3.1668e-003
 2.251547e-007  4.0000e-001  0.0000e+000  3.8919e-001  5.9731e-003
 2.291547e-007  4.0000e-001  0.0000e+000  3.8813e-001  4.7051e-003
 2.331547e-007  4.0000e-001  0.0000e+000  3.8900e-001  5.8331e-003
 2.371547e-007  4.0000e-001  0.0000e+000  3.8827e-001  4.8340e-003
 2.399999e-007  4.0000e-001  0.0000e+000  3.8887e-001  5.6894e-003
 2.404999e-007  2.0000e-001  2.0000e-001  3.8776e-001  5.0983e-003
 2.407499e-007  1.0000e-001  3.0000e-001  3.8795e-001  6.8320e-003
 2.410000e-007  1.5876e-014  4.0000e-001  3.8787e-001  8.0583e-003
 2.414751e-007  0.0000e+000  4.0000e-001  3.8830e-001  9.2594e-003
 2.417127e-007  0.0000e+000  4.0000e-001  3.8835e-001  9.5741e-003
 2.439726e-007  0.0000e+000  4.0000e-001  3.8822e-001  1.0205e-002
 2.451025e-007  0.0000e+000  4.0000e-001  3.8815e-001  9.9337e-003
 2.491025e-007  0.0000e+000  4.0000e-001  3.8825e-001  1.0045e-002
 2.511025e-007  0.0000e+000  4.0000e-001  3.8818e-001  9.9628e-003
 2.551025e-007  0.0000e+000  4.0000e-001  3.8823e-001  1.0022e-002
 2.591025e-007  0.0000e+000  4.0000e-001  3.8819e-001  9.9741e-003
 2.600000e-007  2.6470e-015  4.0000e-001  3.8821e-001  1.0003e-002
 2.605000e-007  2.0000e-001  4.0000e-001  3.8874e-001  1.1047e-002
 2.610000e-007  4.0000e-001  4.0000e-001  3.6341e-001  3.6277e-002
 2.612500e-007  4.0000e-001  4.0000e-001  3.4845e-001  4.4788e-002
 2.637500e-007  4.0000e-001  4.0000e-001  4.6436e-002  3.2391e-001
 2.650000e-007  4.0000e-001  4.0000e-001  9.5009e-003  3.8508e-001
 2.656250e-007  4.0000e-001  4.0000e-001  8.5255e-003  3.8773e-001
 2.696250e-007  4.0000e-001  4.0000e-001  7.6121e-003  3.8915e-001
 2.736250e-007  4.0000e-001  4.0000e-001  8.2699e-003  3.8839e-001
 2.776250e-007  4.0000e-001  4.0000e-001  7.7587e-003  3.8877e-001
 2.800000e-007  4.0000e-001  4.0000e-001  8.1561e-003  3.8865e-001
 2.805000e-007  2.0000e-001  2.0000e-001  4.5883e-003  3.8701e-001
 2.810000e-007  0.0000e+000  0.0000e+000  7.2874e-003  3.8740e-001
 2.815000e-007  0.0000e+000  0.0000e+000  9.0297e-003  3.8818e-001
 2.817500e-007  0.0000e+000  0.0000e+000  9.4684e-003  3.8831e-001
 2.842500e-007  0.0000e+000  0.0000e+000  1.0288e-002  3.8825e-001
 2.882500e-007  0.0000e+000  0.0000e+000  9.7817e-003  3.8814e-001
 2.922500e-007  0.0000e+000  0.0000e+000  1.0155e-002  3.8828e-001
 2.962499e-007  0.0000e+000  0.0000e+000  9.8731e-003  3.8814e-001
 3.000000e-007  0.0000e+000  0.0000e+000  1.0088e-002  3.8826e-001
 3.005000e-007  2.0000e-001  0.0000e+000  1.1070e-002  3.8871e-001
 3.010000e-007  4.0000e-001  0.0000e+000  4.0556e-002  3.2400e-001
 3.012500e-007  4.0000e-001  0.0000e+000  5.5387e-002  2.7358e-001
 3.034812e-007  4.0000e-001  0.0000e+000  3.3304e-001  2.3569e-002
 3.045968e-007  4.0000e-001  0.0000e+000  3.8777e-001  3.1668e-003
 3.051547e-007  4.0000e-001  0.0000e+000  3.8919e-001  5.9731e-003
 3.091547e-007  4.0000e-001  0.0000e+000  3.8813e-001  4.7051e-003
 3.131547e-007  4.0000e-001  0.0000e+000  3.8900e-001  5.8331e-003
 3.171547e-007  4.0000e-001  0.0000e+000  3.8827e-001  4.8340e-003
 3.200000e-007  4.0000e-001  0.0000e+000  3.8887e-001  5.6894e-003
 3.205000e-007  2.0000e-001  0.0000e+000  3.8764e-001  4.5713e-003
 3.210000e-007  0.0000e+000  0.0000e+000  3.8770e-001  7.2520e-003
 3.215000e-007  0.0000e+000  0.0000e+000  3.8833e-001  8.9827e-003
 3.255000e-007  0.0000e+000  0.0000e+000  3.8827e-001  9.9000e-003
 3.295000e-007  0.0000e+000  0.0000e+000  3.8819e-001  1.0043e-002
 3.335000e-007  0.0000e+000  0.0000e+000  3.8822e-001  9.9524e-003
 3.375000e-007  0.0000e+000  0.0000e+000  3.8821e-001  1.0014e-002
 3.400000e-007  0.0000e+000  1.0588e-014  3.8821e-001  9.9742e-003
 3.405000e-007  0.0000e+000  2.0000e-001  3.8821e-001  9.9872e-003
 3.410000e-007  0.0000e+000  4.0000e-001  3.8821e-001  9.9916e-003
 3.412500e-007  0.0000e+000  4.0000e-001  3.8821e-001  9.9926e-003
 3.413750e-007  0.0000e+000  4.0000e-001  3.8821e-001  9.9929e-003
 3.426249e-007  0.0000e+000  4.0000e-001  3.8820e-001  9.9946e-003
 3.432499e-007  0.0000e+000  4.0000e-001  3.8820e-001  9.9953e-003
 3.464506e-007  0.0000e+000  4.0000e-001  3.8821e-001  9.9954e-003
 3.480510e-007  0.0000e+000  4.0000e-001  3.8820e-001  9.9951e-003
 3.520510e-007  0.0000e+000  4.0000e-001  3.8821e-001  9.9954e-003
 3.560510e-007  0.0000e+000  4.0000e-001  3.8820e-001  9.9951e-003
 3.600510e-007  0.0000e+000  4.0000e-001  3.8820e-001  9.9954e-003
 3.640510e-007  0.0000e+000  4.0000e-001  3.8820e-001  9.9952e-003
 3.680510e-007  0.0000e+000  4.0000e-001  3.8820e-001  9.9954e-003
 3.720510e-007  0.0000e+000  4.0000e-001  3.8820e-001  9.9952e-003
 3.760510e-007  0.0000e+000  4.0000e-001  3.8820e-001  9.9954e-003
 3.800000e-007  0.0000e+000  4.0000e-001  3.8820e-001  9.9952e-003
 3.805000e-007  2.0000e-001  4.0000e-001  3.8875e-001  1.1046e-002
 3.810000e-007  4.0000e-001  4.0000e-001  3.6351e-001  3.6264e-002
 3.812500e-007  4.0000e-001  4.0000e-001  3.4855e-001  4.4761e-002
 3.837500e-007  4.0000e-001  4.0000e-001  4.6463e-002  3.2387e-001
 3.850000e-007  4.0000e-001  4.0000e-001  9.5046e-003  3.8507e-001
 3.856250e-007  4.0000e-001  4.0000e-001  8.5264e-003  3.8773e-001
 3.896250e-007  4.0000e-001  4.0000e-001  7.6117e-003  3.8915e-001
 3.936250e-007  4.0000e-001  4.0000e-001  8.2702e-003  3.8839e-001
 3.976250e-007  4.0000e-001  4.0000e-001  7.7585e-003  3.8877e-001
 3.999999e-007  4.0000e-001  4.0000e-001  8.1562e-003  3.8865e-001
 4.004999e-007  2.0000e-001  2.0000e-001  4.5883e-003  3.8701e-001
 4.010000e-007  2.1205e-014  0.0000e+000  7.2874e-003  3.8740e-001
 4.014999e-007  0.0000e+000  0.0000e+000  9.0297e-003  3.8818e-001
 4.017500e-007  0.0000e+000  0.0000e+000  9.4685e-003  3.8831e-001
 4.042499e-007  0.0000e+000  0.0000e+000  1.0288e-002  3.8825e-001
 4.082499e-007  0.0000e+000  0.0000e+000  9.7817e-003  3.8814e-001
 4.122499e-007  0.0000e+000  0.0000e+000  1.0155e-002  3.8828e-001
 4.162499e-007  0.0000e+000  0.0000e+000  9.8731e-003  3.8814e-001
 4.200000e-007  0.0000e+000  0.0000e+000  1.0088e-002  3.8826e-001
 4.205000e-007  2.0000e-001  0.0000e+000  1.1070e-002  3.8871e-001
 4.210000e-007  4.0000e-001  0.0000e+000  4.0556e-002  3.2400e-001
 4.212500e-007  4.0000e-001  0.0000e+000  5.5387e-002  2.7358e-001
 4.234812e-007  4.0000e-001  0.0000e+000  3.3304e-001  2.3569e-002
 4.245968e-007  4.0000e-001  0.0000e+000  3.8777e-001  3.1668e-003
 4.251547e-007  4.0000e-001  0.0000e+000  3.8919e-001  5.9731e-003
 4.291547e-007  4.0000e-001  0.0000e+000  3.8813e-001  4.7051e-003
 4.331547e-007  4.0000e-001  0.0000e+000  3.8900e-001  5.8331e-003
 4.371547e-007  4.0000e-001  0.0000e+000  3.8827e-001  4.8340e-003
 4.400000e-007  4.0000e-001  7.9409e-015  3.8887e-001  5.6894e-003
 4.405000e-007  2.0000e-001  2.0000e-001  3.8776e-001  5.0983e-003
 4.407500e-007  1.0000e-001  3.0000e-001  3.8795e-001  6.8320e-003
 4.410000e-007  2.6479e-014  4.0000e-001  3.8787e-001  8.0583e-003
 4.414751e-007  0.0000e+000  4.0000e-001  3.8830e-001  9.2594e-003
 4.417127e-007  0.0000e+000  4.0000e-001  3.8835e-001  9.5741e-003
 4.439726e-007  0.0000e+000  4.0000e-001  3.8822e-001  1.0205e-002
 4.451025e-007  0.0000e+000  4.0000e-001  3.8815e-001  9.9337e-003
 4.491025e-007  0.0000e+000  4.0000e-001  3.8825e-001  1.0045e-002
 4.511025e-007  0.0000e+000  4.0000e-001  3.8818e-001  9.9628e-003
 4.551025e-007  0.0000e+000  4.0000e-001  3.8823e-001  1.0022e-002
 4.591025e-007  0.0000e+000  4.0000e-001  3.8819e-001  9.9741e-003
 4.600000e-007  0.0000e+000  4.0000e-001  3.8821e-001  1.0003e-002
 4.605000e-007  2.0000e-001  4.0000e-001  3.8874e-001  1.1047e-002
 4.610000e-007  4.0000e-001  4.0000e-001  3.6341e-001  3.6277e-002
 4.612500e-007  4.0000e-001  4.0000e-001  3.4845e-001  4.4788e-002
 4.637500e-007  4.0000e-001  4.0000e-001  4.6436e-002  3.2391e-001
 4.650000e-007  4.0000e-001  4.0000e-001  9.5009e-003  3.8508e-001
 4.656250e-007  4.0000e-001  4.0000e-001  8.5255e-003  3.8773e-001
 4.696250e-007  4.0000e-001  4.0000e-001  7.6121e-003  3.8915e-001
 4.736250e-007  4.0000e-001  4.0000e-001  8.2699e-003  3.8839e-001
 4.776250e-007  4.0000e-001  4.0000e-001  7.7587e-003  3.8877e-001
 4.800000e-007  4.0000e-001  4.0000e-001  8.1561e-003  3.8865e-001
 4.805000e-007  2.0000e-001  2.0000e-001  4.5883e-003  3.8701e-001
 4.809999e-007  3.1752e-014  1.0603e-014  7.2874e-003  3.8740e-001
 4.814999e-007  0.0000e+000  0.0000e+000  9.0297e-003  3.8818e-001
 4.817500e-007  0.0000e+000  0.0000e+000  9.4684e-003  3.8831e-001
 4.842500e-007  0.0000e+000  0.0000e+000  1.0288e-002  3.8825e-001
 4.882500e-007  0.0000e+000  0.0000e+000  9.7817e-003  3.8814e-001
 4.922500e-007  0.0000e+000  0.0000e+000  1.0155e-002  3.8828e-001
 4.962500e-007  0.0000e+000  0.0000e+000  9.8731e-003  3.8814e-001
 5.000000e-007  0.0000e+000  0.0000e+000  1.0088e-002  3.8826e-001
 5.005000e-007  2.0000e-001  0.0000e+000  1.1070e-002  3.8871e-001
 5.010000e-007  4.0000e-001  0.0000e+000  4.0556e-002  3.2400e-001
 5.012500e-007  4.0000e-001  0.0000e+000  5.5387e-002  2.7358e-001
 5.034812e-007  4.0000e-001  0.0000e+000  3.3304e-001  2.3569e-002
 5.045968e-007  4.0000e-001  0.0000e+000  3.8777e-001  3.1668e-003
 5.051547e-007  4.0000e-001  0.0000e+000  3.8919e-001  5.9731e-003
 5.091547e-007  4.0000e-001  0.0000e+000  3.8813e-001  4.7051e-003
 5.131547e-007  4.0000e-001  0.0000e+000  3.8900e-001  5.8331e-003
 5.171547e-007  4.0000e-001  0.0000e+000  3.8827e-001  4.8340e-003
 5.200000e-007  4.0000e-001  0.0000e+000  3.8887e-001  5.6894e-003
 5.205000e-007  2.0000e-001  0.0000e+000  3.8764e-001  4.5713e-003
 5.209999e-007  2.1205e-014  0.0000e+000  3.8770e-001  7.2520e-003
 5.215000e-007  0.0000e+000  0.0000e+000  3.8833e-001  8.9827e-003
 5.255000e-007  0.0000e+000  0.0000e+000  3.8827e-001  9.9000e-003
 5.295000e-007  0.0000e+000  0.0000e+000  3.8819e-001  1.0043e-002
 5.334999e-007  0.0000e+000  0.0000e+000  3.8822e-001  9.9524e-003
 5.374999e-007  0.0000e+000  0.0000e+000  3.8821e-001  1.0014e-002
 5.399999e-007  0.0000e+000  0.0000e+000  3.8821e-001  9.9742e-003
 5.404999e-007  0.0000e+000  2.0000e-001  3.8821e-001  9.9872e-003
 5.410000e-007  0.0000e+000  4.0000e-001  3.8821e-001  9.9916e-003
 5.412500e-007  0.0000e+000  4.0000e-001  3.8821e-001  9.9926e-003
 5.413749e-007  0.0000e+000  4.0000e-001  3.8821e-001  9.9929e-003
 5.426249e-007  0.0000e+000  4.0000e-001  3.8820e-001  9.9946e-003
 5.432499e-007  0.0000e+000  4.0000e-001  3.8820e-001  9.9953e-003
 5.464506e-007  0.0000e+000  4.0000e-001  3.8821e-001  9.9954e-003
 5.480510e-007  0.0000e+000  4.0000e-001  3.8820e-001  9.9951e-003
 5.520510e-007  0.0000e+000  4.0000e-001  3.8821e-001  9.9954e-003
 5.560510e-007  0.0000e+000  4.0000e-001  3.8820e-001  9.9951e-003
 5.600510e-007  0.0000e+000  4.0000e-001  3.8820e-001  9.9954e-003
 5.640510e-007  0.0000e+000  4.0000e-001  3.8820e-001  9.9952e-003
 5.680510e-007  0.0000e+000  4.0000e-001  3.8820e-001  9.9954e-003
 5.720510e-007  0.0000e+000  4.0000e-001  3.8820e-001  9.9952e-003
 5.760510e-007  0.0000e+000  4.0000e-001  3.8820e-001  9.9954e-003
 5.800000e-007  1.0588e-014  4.0000e-001  3.8820e-001  9.9952e-003
 5.805000e-007  2.0000e-001  4.0000e-001  3.8875e-001  1.1046e-002
 5.810000e-007  4.0000e-001  4.0000e-001  3.6351e-001  3.6264e-002
 5.812499e-007  4.0000e-001  4.0000e-001  3.4855e-001  4.4761e-002
 5.837499e-007  4.0000e-001  4.0000e-001  4.6463e-002  3.2387e-001
 5.849999e-007  4.0000e-001  4.0000e-001  9.5046e-003  3.8507e-001
 5.856249e-007  4.0000e-001  4.0000e-001  8.5264e-003  3.8773e-001
 5.896249e-007  4.0000e-001  4.0000e-001  7.6117e-003  3.8915e-001
 5.936249e-007  4.0000e-001  4.0000e-001  8.2702e-003  3.8839e-001
 5.976249e-007  4.0000e-001  4.0000e-001  7.7585e-003  3.8877e-001
 6.000000e-007  4.0000e-001  4.0000e-001  8.1562e-003  3.8865e-001
 6.005000e-007  2.0000e-001  2.0000e-001  4.5883e-003  3.8701e-001
 6.009999e-007  3.1752e-014  0.0000e+000  7.2874e-003  3.8740e-001
 6.015000e-007  0.0000e+000  0.0000e+000  9.0297e-003  3.8818e-001
 6.017500e-007  0.0000e+000  0.0000e+000  9.4685e-003  3.8831e-001
 6.042500e-007  0.0000e+000  0.0000e+000  1.0288e-002  3.8825e-001
 6.082500e-007  0.0000e+000  0.0000e+000  9.7817e-003  3.8814e-001
 6.122500e-007  0.0000e+000  0.0000e+000  1.0155e-002  3.8828e-001
 6.162500e-007  0.0000e+000  0.0000e+000  9.8731e-003  3.8814e-001
 6.200000e-007  0.0000e+000  0.0000e+000  1.0088e-002  3.8826e-001
 6.205000e-007  2.0000e-001  0.0000e+000  1.1070e-002  3.8871e-001
 6.210000e-007  4.0000e-001  0.0000e+000  4.0556e-002  3.2400e-001
 6.212500e-007  4.0000e-001  0.0000e+000  5.5387e-002  2.7358e-001
 6.234812e-007  4.0000e-001  0.0000e+000  3.3304e-001  2.3569e-002
 6.245968e-007  4.0000e-001  0.0000e+000  3.8777e-001  3.1668e-003
 6.251547e-007  4.0000e-001  0.0000e+000  3.8919e-001  5.9731e-003
 6.291547e-007  4.0000e-001  0.0000e+000  3.8813e-001  4.7051e-003
 6.331547e-007  4.0000e-001  0.0000e+000  3.8900e-001  5.8331e-003
 6.371547e-007  4.0000e-001  0.0000e+000  3.8827e-001  4.8340e-003
 6.399999e-007  4.0000e-001  0.0000e+000  3.8887e-001  5.6894e-003
 6.404999e-007  2.0000e-001  2.0000e-001  3.8776e-001  5.0983e-003
 6.407499e-007  1.0000e-001  3.0000e-001  3.8795e-001  6.8320e-003
 6.410000e-007  1.5876e-014  4.0000e-001  3.8787e-001  8.0583e-003
 6.414751e-007  0.0000e+000  4.0000e-001  3.8830e-001  9.2594e-003
 6.417127e-007  0.0000e+000  4.0000e-001  3.8835e-001  9.5741e-003
 6.439726e-007  0.0000e+000  4.0000e-001  3.8822e-001  1.0205e-002
 6.451025e-007  0.0000e+000  4.0000e-001  3.8815e-001  9.9337e-003
 6.491025e-007  0.0000e+000  4.0000e-001  3.8825e-001  1.0045e-002
 6.511025e-007  0.0000e+000  4.0000e-001  3.8818e-001  9.9628e-003
 6.551025e-007  0.0000e+000  4.0000e-001  3.8823e-001  1.0022e-002
 6.591025e-007  0.0000e+000  4.0000e-001  3.8819e-001  9.9741e-003
 6.600000e-007  2.6470e-015  4.0000e-001  3.8821e-001  1.0003e-002
 6.605000e-007  2.0000e-001  4.0000e-001  3.8874e-001  1.1047e-002
 6.610000e-007  4.0000e-001  4.0000e-001  3.6341e-001  3.6277e-002
 6.612500e-007  4.0000e-001  4.0000e-001  3.4845e-001  4.4788e-002
 6.637500e-007  4.0000e-001  4.0000e-001  4.6436e-002  3.2391e-001
 6.650000e-007  4.0000e-001  4.0000e-001  9.5009e-003  3.8508e-001
 6.656250e-007  4.0000e-001  4.0000e-001  8.5255e-003  3.8773e-001
 6.696250e-007  4.0000e-001  4.0000e-001  7.6121e-003  3.8915e-001
 6.736250e-007  4.0000e-001  4.0000e-001  8.2699e-003  3.8839e-001
 6.776250e-007  4.0000e-001  4.0000e-001  7.7587e-003  3.8877e-001
 6.799999e-007  4.0000e-001  4.0000e-001  8.1561e-003  3.8865e-001
 6.805000e-007  2.0000e-001  2.0000e-001  4.5883e-003  3.8701e-001
 6.809999e-007  4.2355e-014  1.0603e-014  7.2874e-003  3.8740e-001
 6.814999e-007  0.0000e+000  0.0000e+000  9.0297e-003  3.8818e-001
 6.817499e-007  0.0000e+000  0.0000e+000  9.4684e-003  3.8831e-001
 6.842500e-007  0.0000e+000  0.0000e+000  1.0288e-002  3.8825e-001
 6.882500e-007  0.0000e+000  0.0000e+000  9.7817e-003  3.8814e-001
 6.922500e-007  0.0000e+000  0.0000e+000  1.0155e-002  3.8828e-001
 6.962500e-007  0.0000e+000  0.0000e+000  9.8731e-003  3.8814e-001
 7.000000e-007  1.5882e-014  0.0000e+000  1.0088e-002  3.8826e-001
 7.005000e-007  2.0000e-001  0.0000e+000  1.1070e-002  3.8871e-001
 7.010000e-007  4.0000e-001  0.0000e+000  4.0556e-002  3.2400e-001
 7.012499e-007  4.0000e-001  0.0000e+000  5.5387e-002  2.7358e-001
 7.034812e-007  4.0000e-001  0.0000e+000  3.3304e-001  2.3569e-002
 7.045968e-007  4.0000e-001  0.0000e+000  3.8777e-001  3.1668e-003
 7.051547e-007  4.0000e-001  0.0000e+000  3.8919e-001  5.9731e-003
 7.091547e-007  4.0000e-001  0.0000e+000  3.8813e-001  4.7051e-003
 7.131547e-007  4.0000e-001  0.0000e+000  3.8900e-001  5.8331e-003
 7.171547e-007  4.0000e-001  0.0000e+000  3.8827e-001  4.8340e-003
 7.200000e-007  4.0000e-001  0.0000e+000  3.8887e-001  5.6894e-003
 7.205000e-007  2.0000e-001  0.0000e+000  3.8764e-001  4.5713e-003
 7.210000e-007  0.0000e+000  0.0000e+000  3.8770e-001  7.2520e-003
 7.215000e-007  0.0000e+000  0.0000e+000  3.8833e-001  8.9827e-003
 7.255000e-007  0.0000e+000  0.0000e+000  3.8827e-001  9.9000e-003
 7.295000e-007  0.0000e+000  0.0000e+000  3.8819e-001  1.0043e-002
 7.335000e-007  0.0000e+000  0.0000e+000  3.8822e-001  9.9524e-003
 7.375000e-007  0.0000e+000  0.0000e+000  3.8821e-001  1.0014e-002
 7.399999e-007  0.0000e+000  0.0000e+000  3.8821e-001  9.9742e-003
 7.404999e-007  0.0000e+000  2.0000e-001  3.8821e-001  9.9872e-003
 7.410000e-007  0.0000e+000  4.0000e-001  3.8821e-001  9.9916e-003
 7.412500e-007  0.0000e+000  4.0000e-001  3.8821e-001  9.9926e-003
 7.413749e-007  0.0000e+000  4.0000e-001  3.8821e-001  9.9929e-003
 7.426249e-007  0.0000e+000  4.0000e-001  3.8820e-001  9.9946e-003
 7.432499e-007  0.0000e+000  4.0000e-001  3.8820e-001  9.9953e-003
 7.464506e-007  0.0000e+000  4.0000e-001  3.8821e-001  9.9954e-003
 7.480510e-007  0.0000e+000  4.0000e-001  3.8820e-001  9.9951e-003
 7.520510e-007  0.0000e+000  4.0000e-001  3.8821e-001  9.9954e-003
 7.560510e-007  0.0000e+000  4.0000e-001  3.8820e-001  9.9951e-003
 7.600510e-007  0.0000e+000  4.0000e-001  3.8820e-001  9.9954e-003
 7.640510e-007  0.0000e+000  4.0000e-001  3.8820e-001  9.9952e-003
 7.680510e-007  0.0000e+000  4.0000e-001  3.8820e-001  9.9954e-003
 7.720510e-007  0.0000e+000  4.0000e-001  3.8820e-001  9.9952e-003
 7.760510e-007  0.0000e+000  4.0000e-001  3.8820e-001  9.9954e-003
 7.800000e-007  0.0000e+000  4.0000e-001  3.8820e-001  9.9952e-003
 7.805000e-007  2.0000e-001  4.0000e-001  3.8875e-001  1.1046e-002
 7.810000e-007  4.0000e-001  4.0000e-001  3.6351e-001  3.6264e-002
 7.812500e-007  4.0000e-001  4.0000e-001  3.4855e-001  4.4761e-002
 7.837500e-007  4.0000e-001  4.0000e-001  4.6463e-002  3.2387e-001
 7.850000e-007  4.0000e-001  4.0000e-001  9.5046e-003  3.8507e-001
 7.856250e-007  4.0000e-001  4.0000e-001  8.5264e-003  3.8773e-001
 7.896250e-007  4.0000e-001  4.0000e-001  7.6117e-003  3.8915e-001
 7.936250e-007  4.0000e-001  4.0000e-001  8.2702e-003  3.8839e-001
 7.976250e-007  4.0000e-001  4.0000e-001  7.7585e-003  3.8877e-001
 7.999999e-007  4.0000e-001  4.0000e-001  8.1562e-003  3.8865e-001
 8.005000e-007  2.0000e-001  2.0000e-001  4.5883e-003  3.8701e-001
 8.009999e-007  4.2355e-014  0.0000e+000  7.2874e-003  3.8740e-001
 8.014999e-007  0.0000e+000  0.0000e+000  9.0297e-003  3.8818e-001
 8.017500e-007  0.0000e+000  0.0000e+000  9.4685e-003  3.8831e-001
 8.042500e-007  0.0000e+000  0.0000e+000  1.0288e-002  3.8825e-001
 8.082500e-007  0.0000e+000  0.0000e+000  9.7817e-003  3.8814e-001
 8.122500e-007  0.0000e+000  0.0000e+000  1.0155e-002  3.8828e-001
 8.162500e-007  0.0000e+000  0.0000e+000  9.8731e-003  3.8814e-001
 8.200000e-007  1.9852e-014  0.0000e+000  1.0088e-002  3.8826e-001
 8.205000e-007  2.0000e-001  0.0000e+000  1.1070e-002  3.8871e-001
 8.210000e-007  4.0000e-001  0.0000e+000  4.0556e-002  3.2400e-001
 8.212499e-007  4.0000e-001  0.0000e+000  5.5387e-002  2.7358e-001
 8.234812e-007  4.0000e-001  0.0000e+000  3.3304e-001  2.3569e-002
 8.245968e-007  4.0000e-001  0.0000e+000  3.8777e-001  3.1668e-003
 8.251547e-007  4.0000e-001  0.0000e+000  3.8919e-001  5.9731e-003
 8.291547e-007  4.0000e-001  0.0000e+000  3.8813e-001  4.7051e-003
 8.331547e-007  4.0000e-001  0.0000e+000  3.8900e-001  5.8331e-003
 8.371547e-007  4.0000e-001  0.0000e+000  3.8827e-001  4.8340e-003
 8.399999e-007  4.0000e-001  0.0000e+000  3.8887e-001  5.6894e-003
 8.405000e-007  2.0000e-001  2.0000e-001  3.8776e-001  5.0983e-003
 8.407500e-007  1.0000e-001  3.0000e-001  3.8795e-001  6.8320e-003
 8.410000e-007  2.6479e-014  4.0000e-001  3.8787e-001  8.0583e-003
 8.414751e-007  0.0000e+000  4.0000e-001  3.8830e-001  9.2594e-003
 8.417127e-007  0.0000e+000  4.0000e-001  3.8835e-001  9.5741e-003
 8.439726e-007  0.0000e+000  4.0000e-001  3.8822e-001  1.0205e-002
 8.451025e-007  0.0000e+000  4.0000e-001  3.8815e-001  9.9337e-003
 8.491025e-007  0.0000e+000  4.0000e-001  3.8825e-001  1.0045e-002
 8.511025e-007  0.0000e+000  4.0000e-001  3.8818e-001  9.9628e-003
 8.551025e-007  0.0000e+000  4.0000e-001  3.8823e-001  1.0022e-002
 8.591025e-007  0.0000e+000  4.0000e-001  3.8819e-001  9.9741e-003
 8.600000e-007  0.0000e+000  4.0000e-001  3.8821e-001  1.0003e-002
 8.605000e-007  2.0000e-001  4.0000e-001  3.8874e-001  1.1047e-002
 8.610000e-007  4.0000e-001  4.0000e-001  3.6341e-001  3.6277e-002
 8.612500e-007  4.0000e-001  4.0000e-001  3.4845e-001  4.4788e-002
 8.637500e-007  4.0000e-001  4.0000e-001  4.6436e-002  3.2391e-001
 8.650000e-007  4.0000e-001  4.0000e-001  9.5009e-003  3.8508e-001
 8.656250e-007  4.0000e-001  4.0000e-001  8.5255e-003  3.8773e-001
 8.696250e-007  4.0000e-001  4.0000e-001  7.6121e-003  3.8915e-001
 8.736250e-007  4.0000e-001  4.0000e-001  8.2699e-003  3.8839e-001
 8.776249e-007  4.0000e-001  4.0000e-001  7.7587e-003  3.8877e-001
 8.800000e-007  4.0000e-001  4.0000e-001  8.1561e-003  3.8865e-001
 8.805000e-007  2.0000e-001  2.0000e-001  4.5883e-003  3.8701e-001
 8.809999e-007  5.2958e-014  1.0603e-014  7.2874e-003  3.8740e-001
 8.815000e-007  0.0000e+000  0.0000e+000  9.0297e-003  3.8818e-001
 8.817500e-007  0.0000e+000  0.0000e+000  9.4684e-003  3.8831e-001
 8.842500e-007  0.0000e+000  0.0000e+000  1.0288e-002  3.8825e-001
 8.882500e-007  0.0000e+000  0.0000e+000  9.7817e-003  3.8814e-001
 8.922500e-007  0.0000e+000  0.0000e+000  1.0155e-002  3.8828e-001
 8.962500e-007  0.0000e+000  0.0000e+000  9.8731e-003  3.8814e-001
 9.000000e-007  5.2940e-015  0.0000e+000  1.0088e-002  3.8826e-001
 9.005000e-007  2.0000e-001  0.0000e+000  1.1070e-002  3.8871e-001
 9.010000e-007  4.0000e-001  0.0000e+000  4.0556e-002  3.2400e-001
 9.012500e-007  4.0000e-001  0.0000e+000  5.5387e-002  2.7358e-001
 9.034812e-007  4.0000e-001  0.0000e+000  3.3304e-001  2.3569e-002
 9.045968e-007  4.0000e-001  0.0000e+000  3.8777e-001  3.1668e-003
 9.051547e-007  4.0000e-001  0.0000e+000  3.8919e-001  5.9731e-003
 9.091547e-007  4.0000e-001  0.0000e+000  3.8813e-001  4.7051e-003
 9.131547e-007  4.0000e-001  0.0000e+000  3.8900e-001  5.8331e-003
 9.171547e-007  4.0000e-001  0.0000e+000  3.8827e-001  4.8340e-003
 9.200000e-007  4.0000e-001  0.0000e+000  3.8887e-001  5.6894e-003
 9.205000e-007  2.0000e-001  0.0000e+000  3.8764e-001  4.5713e-003
 9.210000e-007  0.0000e+000  0.0000e+000  3.8770e-001  7.2520e-003
 9.215000e-007  0.0000e+000  0.0000e+000  3.8833e-001  8.9827e-003
 9.255000e-007  0.0000e+000  0.0000e+000  3.8827e-001  9.9000e-003
 9.295000e-007  0.0000e+000  0.0000e+000  3.8819e-001  1.0043e-002
 9.335000e-007  0.0000e+000  0.0000e+000  3.8822e-001  9.9524e-003
 9.375000e-007  0.0000e+000  0.0000e+000  3.8821e-001  1.0014e-002
 9.399999e-007  0.0000e+000  0.0000e+000  3.8821e-001  9.9742e-003
 9.404999e-007  0.0000e+000  2.0000e-001  3.8821e-001  9.9872e-003
 9.410000e-007  0.0000e+000  4.0000e-001  3.8821e-001  9.9916e-003
 9.412500e-007  0.0000e+000  4.0000e-001  3.8821e-001  9.9926e-003
 9.413750e-007  0.0000e+000  4.0000e-001  3.8821e-001  9.9929e-003
 9.426249e-007  0.0000e+000  4.0000e-001  3.8820e-001  9.9946e-003
 9.432499e-007  0.0000e+000  4.0000e-001  3.8820e-001  9.9953e-003
 9.464506e-007  0.0000e+000  4.0000e-001  3.8821e-001  9.9954e-003
 9.480510e-007  0.0000e+000  4.0000e-001  3.8820e-001  9.9951e-003
 9.520510e-007  0.0000e+000  4.0000e-001  3.8821e-001  9.9954e-003
 9.560510e-007  0.0000e+000  4.0000e-001  3.8820e-001  9.9951e-003
 9.600510e-007  0.0000e+000  4.0000e-001  3.8820e-001  9.9954e-003
 9.640510e-007  0.0000e+000  4.0000e-001  3.8820e-001  9.9952e-003
 9.680510e-007  0.0000e+000  4.0000e-001  3.8820e-001  9.9954e-003
 9.720510e-007  0.0000e+000  4.0000e-001  3.8820e-001  9.9952e-003
 9.760510e-007  0.0000e+000  4.0000e-001  3.8820e-001  9.9954e-003
 9.800000e-007  0.0000e+000  4.0000e-001  3.8820e-001  9.9952e-003
 9.805000e-007  2.0000e-001  4.0000e-001  3.8875e-001  1.1046e-002
 9.810000e-007  4.0000e-001  4.0000e-001  3.6351e-001  3.6264e-002
 9.812500e-007  4.0000e-001  4.0000e-001  3.4855e-001  4.4761e-002
 9.837500e-007  4.0000e-001  4.0000e-001  4.6463e-002  3.2387e-001
 9.850000e-007  4.0000e-001  4.0000e-001  9.5046e-003  3.8507e-001
 9.856250e-007  4.0000e-001  4.0000e-001  8.5264e-003  3.8773e-001
 9.896250e-007  4.0000e-001  4.0000e-001  7.6117e-003  3.8915e-001
 9.936250e-007  4.0000e-001  4.0000e-001  8.2702e-003  3.8839e-001
 9.976250e-007  4.0000e-001  4.0000e-001  7.7585e-003  3.8877e-001
 1.000000e-006  4.0000e-001  4.0000e-001  8.1562e-003  3.8865e-001
 1.000500e-006  2.0000e-001  2.0000e-001  4.5883e-003  3.8701e-001
 1.001000e-006  5.2958e-014  0.0000e+000  7.2874e-003  3.8740e-001
 1.001500e-006  0.0000e+000  0.0000e+000  9.0297e-003  3.8818e-001
 1.001750e-006  0.0000e+000  0.0000e+000  9.4685e-003  3.8831e-001
 1.004250e-006  0.0000e+000  0.0000e+000  1.0288e-002  3.8825e-001
 1.008250e-006  0.0000e+000  0.0000e+000  9.7817e-003  3.8814e-001
 1.012250e-006  0.0000e+000  0.0000e+000  1.0155e-002  3.8828e-001
 1.016250e-006  0.0000e+000  0.0000e+000  9.8731e-003  3.8814e-001
 1.020000e-006  9.2644e-015  0.0000e+000  1.0088e-002  3.8826e-001
 1.020500e-006  2.0000e-001  0.0000e+000  1.1070e-002  3.8871e-001
 1.021000e-006  4.0000e-001  0.0000e+000  4.0556e-002  3.2400e-001
 1.021250e-006  4.0000e-001  0.0000e+000  5.5387e-002  2.7358e-001
 1.023481e-006  4.0000e-001  0.0000e+000  3.3304e-001  2.3569e-002
 1.024596e-006  4.0000e-001  0.0000e+000  3.8777e-001  3.1668e-003
 1.025154e-006  4.0000e-001  0.0000e+000  3.8919e-001  5.9731e-003
 1.029154e-006  4.0000e-001  0.0000e+000  3.8813e-001  4.7051e-003
 1.033154e-006  4.0000e-001  0.0000e+000  3.8900e-001  5.8331e-003
 1.037154e-006  4.0000e-001  0.0000e+000  3.8827e-001  4.8340e-003
 1.040000e-006  4.0000e-001  0.0000e+000  3.8887e-001  5.6894e-003
 1.040500e-006  2.0000e-001  2.0000e-001  3.8776e-001  5.0983e-003
 1.040750e-006  1.0000e-001  3.0000e-001  3.8795e-001  6.8320e-003
 1.041000e-006  3.7026e-014  4.0000e-001  3.8787e-001  8.0583e-003
 1.041475e-006  0.0000e+000  4.0000e-001  3.8830e-001  9.2594e-003
 1.041712e-006  0.0000e+000  4.0000e-001  3.8835e-001  9.5741e-003
 1.043972e-006  0.0000e+000  4.0000e-001  3.8822e-001  1.0205e-002
 1.045102e-006  0.0000e+000  4.0000e-001  3.8815e-001  9.9337e-003
 1.049102e-006  0.0000e+000  4.0000e-001  3.8825e-001  1.0045e-002
 1.051102e-006  0.0000e+000  4.0000e-001  3.8818e-001  9.9628e-003
 1.055102e-006  0.0000e+000  4.0000e-001  3.8823e-001  1.0022e-002
 1.059102e-006  0.0000e+000  4.0000e-001  3.8819e-001  9.9741e-003
 1.060000e-006  2.3823e-014  4.0000e-001  3.8821e-001  1.0003e-002
 1.060500e-006  2.0000e-001  4.0000e-001  3.8874e-001  1.1047e-002
 1.061000e-006  4.0000e-001  4.0000e-001  3.6341e-001  3.6277e-002
 1.061250e-006  4.0000e-001  4.0000e-001  3.4845e-001  4.4788e-002
 1.063749e-006  4.0000e-001  4.0000e-001  4.6436e-002  3.2391e-001
 1.064999e-006  4.0000e-001  4.0000e-001  9.5009e-003  3.8508e-001
 1.065624e-006  4.0000e-001  4.0000e-001  8.5255e-003  3.8773e-001
 1.069624e-006  4.0000e-001  4.0000e-001  7.6121e-003  3.8915e-001
 1.073624e-006  4.0000e-001  4.0000e-001  8.2699e-003  3.8839e-001
 1.077624e-006  4.0000e-001  4.0000e-001  7.7587e-003  3.8877e-001
 1.080000e-006  4.0000e-001  4.0000e-001  8.1561e-003  3.8865e-001
 1.080500e-006  2.0000e-001  2.0000e-001  4.5883e-003  3.8701e-001
 1.081000e-006  2.1205e-014  0.0000e+000  7.2874e-003  3.8740e-001
 1.081500e-006  0.0000e+000  0.0000e+000  9.0297e-003  3.8818e-001
 1.081750e-006  0.0000e+000  0.0000e+000  9.4684e-003  3.8831e-001
 1.084250e-006  0.0000e+000  0.0000e+000  1.0288e-002  3.8825e-001
 1.088250e-006  0.0000e+000  0.0000e+000  9.7817e-003  3.8814e-001
 1.092250e-006  0.0000e+000  0.0000e+000  1.0155e-002  3.8828e-001
 1.096250e-006  0.0000e+000  0.0000e+000  9.8731e-003  3.8814e-001
 1.100000e-006  3.7058e-014  0.0000e+000  1.0088e-002  3.8826e-001
 1.100500e-006  2.0000e-001  0.0000e+000  1.1070e-002  3.8871e-001
 1.101000e-006  4.0000e-001  0.0000e+000  4.0556e-002  3.2400e-001
 1.101250e-006  4.0000e-001  0.0000e+000  5.5387e-002  2.7358e-001
 1.103481e-006  4.0000e-001  0.0000e+000  3.3304e-001  2.3569e-002
 1.104596e-006  4.0000e-001  0.0000e+000  3.8777e-001  3.1668e-003
 1.105154e-006  4.0000e-001  0.0000e+000  3.8919e-001  5.9731e-003
 1.109154e-006  4.0000e-001  0.0000e+000  3.8813e-001  4.7051e-003
 1.113154e-006  4.0000e-001  0.0000e+000  3.8900e-001  5.8331e-003
 1.117154e-006  4.0000e-001  0.0000e+000  3.8827e-001  4.8340e-003
 1.120000e-006  4.0000e-001  0.0000e+000  3.8887e-001  5.6894e-003
 1.120500e-006  2.0000e-001  0.0000e+000  3.8764e-001  4.5713e-003
 1.121000e-006  1.0603e-014  0.0000e+000  3.8770e-001  7.2520e-003
 1.121500e-006  0.0000e+000  0.0000e+000  3.8833e-001  8.9827e-003
 1.125500e-006  0.0000e+000  0.0000e+000  3.8827e-001  9.9000e-003
 1.129500e-006  0.0000e+000  0.0000e+000  3.8819e-001  1.0043e-002
 1.133500e-006  0.0000e+000  0.0000e+000  3.8822e-001  9.9524e-003
 1.137500e-006  0.0000e+000  0.0000e+000  3.8821e-001  1.0014e-002
 1.140000e-006  0.0000e+000  3.1764e-014  3.8821e-001  9.9742e-003
 1.140500e-006  0.0000e+000  2.0000e-001  3.8821e-001  9.9872e-003
 1.141000e-006  0.0000e+000  4.0000e-001  3.8821e-001  9.9916e-003
 1.141250e-006  0.0000e+000  4.0000e-001  3.8821e-001  9.9926e-003
 1.141374e-006  0.0000e+000  4.0000e-001  3.8821e-001  9.9929e-003
 1.142624e-006  0.0000e+000  4.0000e-001  3.8820e-001  9.9946e-003
 1.143249e-006  0.0000e+000  4.0000e-001  3.8820e-001  9.9953e-003
 1.146450e-006  0.0000e+000  4.0000e-001  3.8821e-001  9.9954e-003
 1.148051e-006  0.0000e+000  4.0000e-001  3.8820e-001  9.9951e-003
 1.152051e-006  0.0000e+000  4.0000e-001  3.8821e-001  9.9954e-003
 1.156051e-006  0.0000e+000  4.0000e-001  3.8820e-001  9.9951e-003
 1.160051e-006  0.0000e+000  4.0000e-001  3.8820e-001  9.9954e-003
 1.164051e-006  0.0000e+000  4.0000e-001  3.8820e-001  9.9952e-003
 1.168051e-006  0.0000e+000  4.0000e-001  3.8820e-001  9.9954e-003
 1.172051e-006  0.0000e+000  4.0000e-001  3.8820e-001  9.9952e-003
 1.176051e-006  0.0000e+000  4.0000e-001  3.8820e-001  9.9954e-003
 1.180000e-006  0.0000e+000  4.0000e-001  3.8820e-001  9.9952e-003
 1.180500e-006  2.0000e-001  4.0000e-001  3.8875e-001  1.1046e-002
 1.181000e-006  4.0000e-001  4.0000e-001  3.6351e-001  3.6264e-002
 1.181250e-006  4.0000e-001  4.0000e-001  3.4855e-001  4.4761e-002
 1.183750e-006  4.0000e-001  4.0000e-001  4.6463e-002  3.2387e-001
 1.185000e-006  4.0000e-001  4.0000e-001  9.5046e-003  3.8507e-001
 1.185625e-006  4.0000e-001  4.0000e-001  8.5264e-003  3.8773e-001
 1.189625e-006  4.0000e-001  4.0000e-001  7.6117e-003  3.8915e-001
 1.193625e-006  4.0000e-001  4.0000e-001  8.2702e-003  3.8839e-001
 1.197625e-006  4.0000e-001  4.0000e-001  7.7585e-003  3.8877e-001
 1.200000e-006  4.0000e-001  4.0000e-001  8.1562e-003  3.8865e-001
 1.200500e-006  2.0000e-001  2.0000e-001  4.5883e-003  3.8701e-001
 1.201000e-006  6.3560e-014  0.0000e+000  7.2874e-003  3.8740e-001
 1.201500e-006  0.0000e+000  0.0000e+000  9.0297e-003  3.8818e-001
 1.201750e-006  0.0000e+000  0.0000e+000  9.4685e-003  3.8831e-001
 1.204250e-006  0.0000e+000  0.0000e+000  1.0288e-002  3.8825e-001
 1.208250e-006  0.0000e+000  0.0000e+000  9.7817e-003  3.8814e-001
 1.212250e-006  0.0000e+000  0.0000e+000  1.0155e-002  3.8828e-001
 1.216250e-006  0.0000e+000  0.0000e+000  9.8731e-003  3.8814e-001
 1.220000e-006  0.0000e+000  0.0000e+000  1.0088e-002  3.8826e-001
 1.220500e-006  2.0000e-001  0.0000e+000  1.1070e-002  3.8871e-001
 1.221000e-006  4.0000e-001  0.0000e+000  4.0556e-002  3.2400e-001
 1.221250e-006  4.0000e-001  0.0000e+000  5.5387e-002  2.7358e-001
 1.223481e-006  4.0000e-001  0.0000e+000  3.3304e-001  2.3569e-002
 1.224596e-006  4.0000e-001  0.0000e+000  3.8777e-001  3.1668e-003
 1.225154e-006  4.0000e-001  0.0000e+000  3.8919e-001  5.9731e-003
 1.229154e-006  4.0000e-001  0.0000e+000  3.8813e-001  4.7051e-003
 1.233154e-006  4.0000e-001  0.0000e+000  3.8900e-001  5.8331e-003
 1.237154e-006  4.0000e-001  0.0000e+000  3.8827e-001  4.8340e-003
 1.240000e-006  4.0000e-001  0.0000e+000  3.8887e-001  5.6894e-003
 1.240500e-006  2.0000e-001  2.0000e-001  3.8776e-001  5.0983e-003
 1.240750e-006  1.0000e-001  3.0000e-001  3.8795e-001  6.8320e-003
 1.241000e-006  4.7629e-014  4.0000e-001  3.8787e-001  8.0583e-003
 1.241475e-006  0.0000e+000  4.0000e-001  3.8830e-001  9.2594e-003
 1.241712e-006  0.0000e+000  4.0000e-001  3.8835e-001  9.5741e-003
 1.243972e-006  0.0000e+000  4.0000e-001  3.8822e-001  1.0205e-002
 1.245102e-006  0.0000e+000  4.0000e-001  3.8815e-001  9.9337e-003
 1.249102e-006  0.0000e+000  4.0000e-001  3.8825e-001  1.0045e-002
 1.251102e-006  0.0000e+000  4.0000e-001  3.8818e-001  9.9628e-003
 1.255102e-006  0.0000e+000  4.0000e-001  3.8823e-001  1.0022e-002
 1.259102e-006  0.0000e+000  4.0000e-001  3.8819e-001  9.9741e-003
 1.260000e-006  1.3235e-014  4.0000e-001  3.8821e-001  1.0003e-002
 1.260500e-006  2.0000e-001  4.0000e-001  3.8874e-001  1.1047e-002
 1.261000e-006  4.0000e-001  4.0000e-001  3.6341e-001  3.6277e-002
 1.261250e-006  4.0000e-001  4.0000e-001  3.4845e-001  4.4788e-002
 1.263750e-006  4.0000e-001  4.0000e-001  4.6436e-002  3.2391e-001
 1.264999e-006  4.0000e-001  4.0000e-001  9.5009e-003  3.8508e-001
 1.265624e-006  4.0000e-001  4.0000e-001  8.5255e-003  3.8773e-001
 1.269624e-006  4.0000e-001  4.0000e-001  7.6121e-003  3.8915e-001
 1.273624e-006  4.0000e-001  4.0000e-001  8.2699e-003  3.8839e-001
 1.277625e-006  4.0000e-001  4.0000e-001  7.7587e-003  3.8877e-001
 1.280000e-006  4.0000e-001  4.0000e-001  8.1561e-003  3.8865e-001
 1.280500e-006  2.0000e-001  2.0000e-001  4.5883e-003  3.8701e-001
 1.281000e-006  3.1752e-014  0.0000e+000  7.2874e-003  3.8740e-001
 1.281500e-006  0.0000e+000  0.0000e+000  9.0297e-003  3.8818e-001
 1.281750e-006  0.0000e+000  0.0000e+000  9.4684e-003  3.8831e-001
 1.284250e-006  0.0000e+000  0.0000e+000  1.0288e-002  3.8825e-001
 1.288250e-006  0.0000e+000  0.0000e+000  9.7817e-003  3.8814e-001
 1.292250e-006  0.0000e+000  0.0000e+000  1.0155e-002  3.8828e-001
 1.296250e-006  0.0000e+000  0.0000e+000  9.8731e-003  3.8814e-001
 1.300000e-006  2.6470e-014  0.0000e+000  1.0088e-002  3.8826e-001
 1.300500e-006  2.0000e-001  0.0000e+000  1.1070e-002  3.8871e-001
 1.301000e-006  4.0000e-001  0.0000e+000  4.0556e-002  3.2400e-001
 1.301250e-006  4.0000e-001  0.0000e+000  5.5387e-002  2.7358e-001
 1.303481e-006  4.0000e-001  0.0000e+000  3.3304e-001  2.3569e-002
 1.304596e-006  4.0000e-001  0.0000e+000  3.8777e-001  3.1668e-003
 1.305154e-006  4.0000e-001  0.0000e+000  3.8919e-001  5.9731e-003
 1.309154e-006  4.0000e-001  0.0000e+000  3.8813e-001  4.7051e-003
 1.313154e-006  4.0000e-001  0.0000e+000  3.8900e-001  5.8331e-003
 1.317154e-006  4.0000e-001  0.0000e+000  3.8827e-001  4.8340e-003
 1.320000e-006  4.0000e-001  0.0000e+000  3.8887e-001  5.6894e-003
 1.320500e-006  2.0000e-001  0.0000e+000  3.8764e-001  4.5713e-003
 1.321000e-006  2.1205e-014  0.0000e+000  3.8770e-001  7.2520e-003
 1.321500e-006  0.0000e+000  0.0000e+000  3.8833e-001  8.9827e-003
 1.325500e-006  0.0000e+000  0.0000e+000  3.8827e-001  9.9000e-003
 1.329500e-006  0.0000e+000  0.0000e+000  3.8819e-001  1.0043e-002
 1.333500e-006  0.0000e+000  0.0000e+000  3.8822e-001  9.9524e-003
 1.337500e-006  0.0000e+000  0.0000e+000  3.8821e-001  1.0014e-002
 1.340000e-006  0.0000e+000  3.1764e-014  3.8821e-001  9.9742e-003
 1.340500e-006  0.0000e+000  2.0000e-001  3.8821e-001  9.9872e-003
 1.341000e-006  0.0000e+000  4.0000e-001  3.8821e-001  9.9916e-003
 1.341250e-006  0.0000e+000  4.0000e-001  3.8821e-001  9.9926e-003
 1.3413749e-006  0.0000e+000  4.0000e-001  3.8821e-001  9.9929e-003
 1.342624e-006  0.0000e+000  4.0000e-001  3.8820e-001  9.9946e-003
 1.343249e-006  0.0000e+000  4.0000e-001  3.8820e-001  9.9953e-003
 1.346450e-006  0.0000e+000  4.0000e-001  3.8821e-001  9.9954e-003
 1.348051e-006  0.0000e+000  4.0000e-001  3.8820e-001  9.9951e-003
 1.352051e-006  0.0000e+000  4.0000e-001  3.8821e-001  9.9954e-003
 1.356051e-006  0.0000e+000  4.0000e-001  3.8820e-001  9.9951e-003
 1.360051e-006  0.0000e+000  4.0000e-001  3.8820e-001  9.9954e-003
 1.364051e-006  0.0000e+000  4.0000e-001  3.8820e-001  9.9952e-003
 1.368051e-006  0.0000e+000  4.0000e-001  3.8820e-001  9.9954e-003
 1.372051e-006  0.0000e+000  4.0000e-001  3.8820e-001  9.9952e-003
 1.376051e-006  0.0000e+000  4.0000e-001  3.8820e-001  9.9954e-003
 1.380000e-006  0.0000e+000  4.0000e-001  3.8820e-001  9.9952e-003
 1.380500e-006  2.0000e-001  4.0000e-001  3.8875e-001  1.1046e-002
 1.381000e-006  4.0000e-001  4.0000e-001  3.6351e-001  3.6264e-002
 1.381250e-006  4.0000e-001  4.0000e-001  3.4855e-001  4.4761e-002
 1.383750e-006  4.0000e-001  4.0000e-001  4.6463e-002  3.2387e-001
 1.385000e-006  4.0000e-001  4.0000e-001  9.5046e-003  3.8507e-001
 1.385625e-006  4.0000e-001  4.0000e-001  8.5264e-003  3.8773e-001
 1.389625e-006  4.0000e-001  4.0000e-001  7.6117e-003  3.8915e-001
 1.393625e-006  4.0000e-001  4.0000e-001  8.2702e-003  3.8839e-001
 1.397625e-006  4.0000e-001  4.0000e-001  7.7585e-003  3.8877e-001
 1.400000e-006  4.0000e-001  4.0000e-001  8.1562e-003  3.8865e-001
 1.400500e-006  2.0000e-001  2.0000e-001  4.5883e-003  3.8701e-001
 1.401000e-006  7.4107e-014  0.0000e+000  7.2874e-003  3.8740e-001
 1.401500e-006  0.0000e+000  0.0000e+000  9.0297e-003  3.8818e-001
 1.401750e-006  0.0000e+000  0.0000e+000  9.4685e-003  3.8831e-001
 1.404250e-006  0.0000e+000  0.0000e+000  1.0288e-002  3.8825e-001
 1.408250e-006  0.0000e+000  0.0000e+000  9.7817e-003  3.8814e-001
 1.412250e-006  0.0000e+000  0.0000e+000  1.0155e-002  3.8828e-001
 1.416250e-006  0.0000e+000  0.0000e+000  9.8731e-003  3.8814e-001
 1.420000e-006  0.0000e+000  0.0000e+000  1.0088e-002  3.8826e-001
 1.420500e-006  2.0000e-001  0.0000e+000  1.1070e-002  3.8871e-001
 1.421000e-006  4.0000e-001  0.0000e+000  4.0556e-002  3.2400e-001
 1.421250e-006  4.0000e-001  0.0000e+000  5.5387e-002  2.7358e-001
 1.423481e-006  4.0000e-001  0.0000e+000  3.3304e-001  2.3569e-002
 1.424596e-006  4.0000e-001  0.0000e+000  3.8777e-001  3.1668e-003
 1.425154e-006  4.0000e-001  0.0000e+000  3.8919e-001  5.9731e-003
 1.429154e-006  4.0000e-001  0.0000e+000  3.8813e-001  4.7051e-003
 1.433154e-006  4.0000e-001  0.0000e+000  3.8900e-001  5.8331e-003
 1.437154e-006  4.0000e-001  0.0000e+000  3.8827e-001  4.8340e-003
 1.440000e-006  4.0000e-001  0.0000e+000  3.8887e-001  5.6894e-003
 1.440500e-006  2.0000e-001  2.0000e-001  3.8776e-001  5.0983e-003
 1.440750e-006  1.0000e-001  3.0000e-001  3.8795e-001  6.8320e-003
 1.441000e-006  5.8231e-014  4.0000e-001  3.8787e-001  8.0583e-003
 1.441475e-006  0.0000e+000  4.0000e-001  3.8830e-001  9.2594e-003
 1.441712e-006  0.0000e+000  4.0000e-001  3.8835e-001  9.5741e-003
 1.443972e-006  0.0000e+000  4.0000e-001  3.8822e-001  1.0205e-002
 1.445102e-006  0.0000e+000  4.0000e-001  3.8815e-001  9.9337e-003
 1.449102e-006  0.0000e+000  4.0000e-001  3.8825e-001  1.0045e-002
 1.451102e-006  0.0000e+000  4.0000e-001  3.8818e-001  9.9628e-003
 1.455102e-006  0.0000e+000  4.0000e-001  3.8823e-001  1.0022e-002
 1.459102e-006  0.0000e+000  4.0000e-001  3.8819e-001  9.9741e-003
 1.460000e-006  2.6470e-015  4.0000e-001  3.8821e-001  1.0003e-002
 1.460500e-006  2.0000e-001  4.0000e-001  3.8874e-001  1.1047e-002
 1.461000e-006  4.0000e-001  4.0000e-001  3.6341e-001  3.6277e-002
 1.461250e-006  4.0000e-001  4.0000e-001  3.4845e-001  4.4788e-002
 1.463750e-006  4.0000e-001  4.0000e-001  4.6436e-002  3.2391e-001
 1.465000e-006  4.0000e-001  4.0000e-001  9.5009e-003  3.8508e-001
 1.465624e-006  4.0000e-001  4.0000e-001  8.5255e-003  3.8773e-001
 1.469625e-006  4.0000e-001  4.0000e-001  7.6121e-003  3.8915e-001
 1.473625e-006  4.0000e-001  4.0000e-001  8.2699e-003  3.8839e-001
 1.477625e-006  4.0000e-001  4.0000e-001  7.7587e-003  3.8877e-001
 1.480000e-006  4.0000e-001  4.0000e-001  8.1561e-003  3.8865e-001
 1.480500e-006  2.0000e-001  2.0000e-001  4.5883e-003  3.8701e-001
 1.481000e-006  4.2355e-014  0.0000e+000  7.2874e-003  3.8740e-001
 1.481500e-006  0.0000e+000  0.0000e+000  9.0297e-003  3.8818e-001
 1.481750e-006  0.0000e+000  0.0000e+000  9.4684e-003  3.8831e-001
 1.484250e-006  0.0000e+000  0.0000e+000  1.0288e-002  3.8825e-001
 1.488250e-006  0.0000e+000  0.0000e+000  9.7817e-003  3.8814e-001
 1.492250e-006  0.0000e+000  0.0000e+000  1.0155e-002  3.8828e-001
 1.496250e-006  0.0000e+000  0.0000e+000  9.8731e-003  3.8814e-001
 1.500000e-006  1.5882e-014  0.0000e+000  1.0088e-002  3.8826e-001
 1.500500e-006  2.0000e-001  0.0000e+000  1.1070e-002  3.8871e-001
 1.501000e-006  4.0000e-001  0.0000e+000  4.0556e-002  3.2400e-001
 1.501250e-006  4.0000e-001  0.0000e+000  5.5387e-002  2.7358e-001
 1.503481e-006  4.0000e-001  0.0000e+000  3.3304e-001  2.3569e-002
 1.504596e-006  4.0000e-001  0.0000e+000  3.8777e-001  3.1668e-003
 1.505154e-006  4.0000e-001  0.0000e+000  3.8919e-001  5.9731e-003
 1.509154e-006  4.0000e-001  0.0000e+000  3.8813e-001  4.7051e-003
 1.513154e-006  4.0000e-001  0.0000e+000  3.8900e-001  5.8331e-003
 1.517154e-006  4.0000e-001  0.0000e+000  3.8827e-001  4.8340e-003
 1.520000e-006  4.0000e-001  0.0000e+000  3.8887e-001  5.6894e-003
 1.520500e-006  2.0000e-001  0.0000e+000  3.8764e-001  4.5713e-003
 1.521000e-006  3.1752e-014  0.0000e+000  3.8770e-001  7.2520e-003
 1.521500e-006  0.0000e+000  0.0000e+000  3.8833e-001  8.9827e-003
 1.525500e-006  0.0000e+000  0.0000e+000  3.8827e-001  9.9000e-003
 1.529500e-006  0.0000e+000  0.0000e+000  3.8819e-001  1.0043e-002
 1.533500e-006  0.0000e+000  0.0000e+000  3.8822e-001  9.9524e-003
 1.537500e-006  0.0000e+000  0.0000e+000  3.8821e-001  1.0014e-002
 1.540000e-006  0.0000e+000  3.1764e-014  3.8821e-001  9.9742e-003
 1.540500e-006  0.0000e+000  2.0000e-001  3.8821e-001  9.9872e-003
 1.541000e-006  0.0000e+000  4.0000e-001  3.8821e-001  9.9916e-003
 1.541250e-006  0.0000e+000  4.0000e-001  3.8821e-001  9.9926e-003
 1.5413749e-006  0.0000e+000  4.0000e-001  3.8821e-001  9.9929e-003
 1.542624e-006  0.0000e+000  4.0000e-001  3.8820e-001  9.9946e-003
 1.543249e-006  0.0000e+000  4.0000e-001  3.8820e-001  9.9953e-003
 1.546450e-006  0.0000e+000  4.0000e-001  3.8821e-001  9.9954e-003
 1.548051e-006  0.0000e+000  4.0000e-001  3.8820e-001  9.9951e-003
 1.552051e-006  0.0000e+000  4.0000e-001  3.8821e-001  9.9954e-003
 1.556051e-006  0.0000e+000  4.0000e-001  3.8820e-001  9.9951e-003
 1.560051e-006  0.0000e+000  4.0000e-001  3.8820e-001  9.9954e-003
 1.564051e-006  0.0000e+000  4.0000e-001  3.8820e-001  9.9952e-003
 1.568051e-006  0.0000e+000  4.0000e-001  3.8820e-001  9.9954e-003
 1.572051e-006  0.0000e+000  4.0000e-001  3.8820e-001  9.9952e-003
 1.576051e-006  0.0000e+000  4.0000e-001  3.8820e-001  9.9954e-003
 1.580000e-006  0.0000e+000  4.0000e-001  3.8820e-001  9.9952e-003
 1.580500e-006  2.0000e-001  4.0000e-001  3.8875e-001  1.1046e-002
 1.581000e-006  4.0000e-001  4.0000e-001  3.6351e-001  3.6264e-002
 1.581250e-006  4.0000e-001  4.0000e-001  3.4855e-001  4.4761e-002
 1.583750e-006  4.0000e-001  4.0000e-001  4.6463e-002  3.2387e-001
 1.585000e-006  4.0000e-001  4.0000e-001  9.5046e-003  3.8507e-001
 1.585625e-006  4.0000e-001  4.0000e-001  8.5264e-003  3.8773e-001
 1.589625e-006  4.0000e-001  4.0000e-001  7.6117e-003  3.8915e-001
 1.593625e-006  4.0000e-001  4.0000e-001  8.2702e-003  3.8839e-001
 1.597625e-006  4.0000e-001  4.0000e-001  7.7585e-003  3.8877e-001
 1.600000e-006  4.0000e-001  4.0000e-001  8.1562e-003  3.8865e-001
 1.600500e-006  2.0000e-001  2.0000e-001  4.5883e-003  3.8701e-001
 1.601000e-006  8.4710e-014  0.0000e+000  7.2874e-003  3.8740e-001
 1.601500e-006  0.0000e+000  0.0000e+000  9.0297e-003  3.8818e-001
 1.601750e-006  0.0000e+000  0.0000e+000  9.4685e-003  3.8831e-001
 1.604250e-006  0.0000e+000  0.0000e+000  1.0288e-002  3.8825e-001
 1.608250e-006  0.0000e+000  0.0000e+000  9.7817e-003  3.8814e-001
 1.612250e-006  0.0000e+000  0.0000e+000  1.0155e-002  3.8828e-001
 1.616250e-006  0.0000e+000  0.0000e+000  9.8731e-003  3.8814e-001
 1.620000e-006  0.0000e+000  0.0000e+000  1.0088e-002  3.8826e-001
 1.620500e-006  2.0000e-001  0.0000e+000  1.1070e-002  3.8871e-001
 1.621000e-006  4.0000e-001  0.0000e+000  4.0556e-002  3.2400e-001
 1.621250e-006  4.0000e-001  0.0000e+000  5.5387e-002  2.7358e-001
 1.623481e-006  4.0000e-001  0.0000e+000  3.3304e-001  2.3569e-002
 1.624596e-006  4.0000e-001  0.0000e+000  3.8777e-001  3.1668e-003
 1.625154e-006  4.0000e-001  0.0000e+000  3.8919e-001  5.9731e-003
 1.629154e-006  4.0000e-001  0.0000e+000  3.8813e-001  4.7051e-003
 1.633154e-006  4.0000e-001  0.0000e+000  3.8900e-001  5.8331e-003
 1.637154e-006  4.0000e-001  0.0000e+000  3.8827e-001  4.8340e-003
 1.640000e-006  4.0000e-001  0.0000e+000  3.8887e-001  5.6894e-003
 1.640500e-006  2.0000e-001  2.0000e-001  3.8776e-001  5.0983e-003
 1.640750e-006  1.0000e-001  3.0000e-001  3.8795e-001  6.8320e-003
 1.641000e-006  6.8778e-014  4.0000e-001  3.8787e-001  8.0583e-003
 1.641475e-006  0.0000e+000  4.0000e-001  3.8830e-001  9.2594e-003
 1.641712e-006  0.0000e+000  4.0000e-001  3.8835e-001  9.5741e-003
 1.643972e-006  0.0000e+000  4.0000e-001  3.8822e-001  1.0205e-002
 1.645102e-006  0.0000e+000  4.0000e-001  3.8815e-001  9.9337e-003
 1.649102e-006  0.0000e+000  4.0000e-001  3.8825e-001  1.0045e-002
 1.651102e-006  0.0000e+000  4.0000e-001  3.8818e-001  9.9628e-003
 1.655102e-006  0.0000e+000  4.0000e-001  3.8823e-001  1.0022e-002
 1.659102e-006  0.0000e+000  4.0000e-001  3.8819e-001  9.9741e-003
 1.660000e-006  0.0000e+000  4.0000e-001  3.8821e-001  1.0003e-002
 1.660500e-006  2.0000e-001  4.0000e-001  3.8874e-001  1.1047e-002
 1.661000e-006  4.0000e-001  4.0000e-001  3.6341e-001  3.6277e-002
 1.661250e-006  4.0000e-001  4.0000e-001  3.4845e-001  4.4788e-002
 1.663750e-006  4.0000e-001  4.0000e-001  4.6436e-002  3.2391e-001
 1.665000e-006  4.0000e-001  4.0000e-001  9.5009e-003  3.8508e-001
 1.665625e-006  4.0000e-001  4.0000e-001  8.5255e-003  3.8773e-001
 1.669625e-006  4.0000e-001  4.0000e-001  7.6121e-003  3.8915e-001
 1.673625e-006  4.0000e-001  4.0000e-001  8.2699e-003  3.8839e-001
 1.677625e-006  4.0000e-001  4.0000e-001  7.7587e-003  3.8877e-001
 1.680000e-006  4.0000e-001  4.0000e-001  8.1561e-003  3.8865e-001
 1.680500e-006  2.0000e-001  2.0000e-001  4.5883e-003  3.8701e-001
 1.681000e-006  5.2958e-014  0.0000e+000  7.2874e-003  3.8740e-001
 1.681500e-006  0.0000e+000  0.0000e+000  9.0297e-003  3.8818e-001
 1.681750e-006  0.0000e+000  0.0000e+000  9.4684e-003  3.8831e-001
 1.684250e-006  0.0000e+000  0.0000e+000  1.0288e-002  3.8825e-001
 1.688250e-006  0.0000e+000  0.0000e+000  9.7817e-003  3.8814e-001
 1.692250e-006  0.0000e+000  0.0000e+000  1.0155e-002  3.8828e-001
 1.696250e-006  0.0000e+000  0.0000e+000  9.8731e-003  3.8814e-001
 1.700000e-006  5.2940e-015  0.0000e+000  1.0088e-002  3.8826e-001
 1.700500e-006  2.0000e-001  0.0000e+000  1.1070e-002  3.8871e-001
 1.701000e-006  4.0000e-001  0.0000e+000  4.0556e-002  3.2400e-001
 1.701250e-006  4.0000e-001  0.0000e+000  5.5387e-002  2.7358e-001
 1.703481e-006  4.0000e-001  0.0000e+000  3.3304e-001  2.3569e-002
 1.704596e-006  4.0000e-001  0.0000e+000  3.8777e-001  3.1668e-003
 1.705154e-006  4.0000e-001  0.0000e+000  3.8919e-001  5.9731e-003
 1.709154e-006  4.0000e-001  0.0000e+000  3.8813e-001  4.7051e-003
 1.713154e-006  4.0000e-001  0.0000e+000  3.8900e-001  5.8331e-003
 1.717154e-006  4.0000e-001  0.0000e+000  3.8827e-001  4.8340e-003
 1.720000e-006  4.0000e-001  0.0000e+000  3.8887e-001  5.6894e-003
 1.720500e-006  2.0000e-001  0.0000e+000  3.8764e-001  4.5713e-003
 1.721000e-006  4.2355e-014  0.0000e+000  3.8770e-001  7.2520e-003
 1.721500e-006  0.0000e+000  0.0000e+000  3.8833e-001  8.9827e-003
 1.725500e-006  0.0000e+000  0.0000e+000  3.8827e-001  9.9000e-003
 1.729500e-006  0.0000e+000  0.0000e+000  3.8819e-001  1.0043e-002
 1.733500e-006  0.0000e+000  0.0000e+000  3.8822e-001  9.9524e-003
 1.737500e-006  0.0000e+000  0.0000e+000  3.8821e-001  1.0014e-002
 1.740000e-006  0.0000e+000  3.1764e-014  3.8821e-001  9.9742e-003
 1.740500e-006  0.0000e+000  2.0000e-001  3.8821e-001  9.9872e-003
 1.741000e-006  0.0000e+000  4.0000e-001  3.8821e-001  9.9916e-003
 1.741249e-006  0.0000e+000  4.0000e-001  3.8821e-001  9.9926e-003
 1.7413750e-006  0.0000e+000  4.0000e-001  3.8821e-001  9.9929e-003
 1.742624e-006  0.0000e+000  4.0000e-001  3.8820e-001  9.9946e-003
 1.743249e-006  0.0000e+000  4.0000e-001  3.8820e-001  9.9953e-003
 1.746450e-006  0.0000e+000  4.0000e-001  3.8821e-001  9.9954e-003
 1.748051e-006  0.0000e+000  4.0000e-001  3.8820e-001  9.9951e-003
 1.752051e-006  0.0000e+000  4.0000e-001  3.8821e-001  9.9954e-003
 1.756051e-006  0.0000e+000  4.0000e-001  3.8820e-001  9.9951e-003
 1.760051e-006  0.0000e+000  4.0000e-001  3.8820e-001  9.9954e-003
 1.764051e-006  0.0000e+000  4.0000e-001  3.8820e-001  9.9952e-003
 1.768051e-006  0.0000e+000  4.0000e-001  3.8820e-001  9.9954e-003
 1.772051e-006  0.0000e+000  4.0000e-001  3.8820e-001  9.9952e-003
 1.776051e-006  0.0000e+000  4.0000e-001  3.8820e-001  9.9954e-003
 1.780000e-006  3.1764e-014  4.0000e-001  3.8820e-001  9.9952e-003
 1.780500e-006  2.0000e-001  4.0000e-001  3.8875e-001  1.1046e-002
 1.781000e-006  4.0000e-001  4.0000e-001  3.6351e-001  3.6264e-002
 1.781250e-006  4.0000e-001  4.0000e-001  3.4855e-001  4.4761e-002
 1.783749e-006  4.0000e-001  4.0000e-001  4.6463e-002  3.2387e-001
 1.784999e-006  4.0000e-001  4.0000e-001  9.5046e-003  3.8507e-001
 1.785624e-006  4.0000e-001  4.0000e-001  8.5264e-003  3.8773e-001
 1.789624e-006  4.0000e-001  4.0000e-001  7.6117e-003  3.8915e-001
 1.793624e-006  4.0000e-001  4.0000e-001  8.2702e-003  3.8839e-001
 1.797624e-006  4.0000e-001  4.0000e-001  7.7585e-003  3.8877e-001
 1.800000e-006  4.0000e-001  4.0000e-001  8.1562e-003  3.8865e-001
 1.800500e-006  2.0000e-001  2.0000e-001  4.5883e-003  3.8701e-001
 1.801000e-006  9.5313e-014  0.0000e+000  7.2874e-003  3.8740e-001
 1.801500e-006  0.0000e+000  0.0000e+000  9.0297e-003  3.8818e-001
 1.801750e-006  0.0000e+000  0.0000e+000  9.4685e-003  3.8831e-001
 1.804250e-006  0.0000e+000  0.0000e+000  1.0288e-002  3.8825e-001
 1.808250e-006  0.0000e+000  0.0000e+000  9.7817e-003  3.8814e-001
 1.812250e-006  0.0000e+000  0.0000e+000  1.0155e-002  3.8828e-001
 1.816250e-006  0.0000e+000  0.0000e+000  9.8731e-003  3.8814e-001
 1.820000e-006  0.0000e+000  0.0000e+000  1.0088e-002  3.8826e-001
 1.820500e-006  2.0000e-001  0.0000e+000  1.1070e-002  3.8871e-001
 1.821000e-006  4.0000e-001  0.0000e+000  4.0556e-002  3.2400e-001
 1.821250e-006  4.0000e-001  0.0000e+000  5.5387e-002  2.7358e-001
 1.823481e-006  4.0000e-001  0.0000e+000  3.3304e-001  2.3569e-002
 1.824596e-006  4.0000e-001  0.0000e+000  3.8777e-001  3.1668e-003
 1.825154e-006  4.0000e-001  0.0000e+000  3.8919e-001  5.9731e-003
 1.829154e-006  4.0000e-001  0.0000e+000  3.8813e-001  4.7051e-003
 1.833154e-006  4.0000e-001  0.0000e+000  3.8900e-001  5.8331e-003
 1.837154e-006  4.0000e-001  0.0000e+000  3.8827e-001  4.8340e-003
 1.840000e-006  4.0000e-001  0.0000e+000  3.8887e-001  5.6894e-003
 1.840500e-006  2.0000e-001  2.0000e-001  3.8776e-001  5.0983e-003
 1.840750e-006  1.0000e-001  3.0000e-001  3.8795e-001  6.8320e-003
 1.841000e-006  7.9381e-014  4.0000e-001  3.8787e-001  8.0583e-003
 1.841475e-006  0.0000e+000  4.0000e-001  3.8830e-001  9.2594e-003
 1.841712e-006  0.0000e+000  4.0000e-001  3.8835e-001  9.5741e-003
 1.843972e-006  0.0000e+000  4.0000e-001  3.8822e-001  1.0205e-002
 1.845102e-006  0.0000e+000  4.0000e-001  3.8815e-001  9.9337e-003
 1.849102e-006  0.0000e+000  4.0000e-001  3.8825e-001  1.0045e-002
 1.851102e-006  0.0000e+000  4.0000e-001  3.8818e-001  9.9628e-003
 1.855102e-006  0.0000e+000  4.0000e-001  3.8823e-001  1.0022e-002
 1.859102e-006  0.0000e+000  4.0000e-001  3.8819e-001  9.9741e-003
 1.860000e-006  0.0000e+000  4.0000e-001  3.8821e-001  1.0003e-002
 1.860500e-006  2.0000e-001  4.0000e-001  3.8874e-001  1.1047e-002
 1.861000e-006  4.0000e-001  4.0000e-001  3.6341e-001  3.6277e-002
 1.861250e-006  4.0000e-001  4.0000e-001  3.4845e-001  4.4788e-002
 1.863750e-006  4.0000e-001  4.0000e-001  4.6436e-002  3.2391e-001
 1.865000e-006  4.0000e-001  4.0000e-001  9.5009e-003  3.8508e-001
 1.865625e-006  4.0000e-001  4.0000e-001  8.5255e-003  3.8773e-001
 1.869625e-006  4.0000e-001  4.0000e-001  7.6121e-003  3.8915e-001
 1.873625e-006  4.0000e-001  4.0000e-001  8.2699e-003  3.8839e-001
 1.877625e-006  4.0000e-001  4.0000e-001  7.7587e-003  3.8877e-001
 1.880000e-006  4.0000e-001  4.0000e-001  8.1561e-003  3.8865e-001
 1.880500e-006  2.0000e-001  2.0000e-001  4.5883e-003  3.8701e-001
 1.881000e-006  6.3560e-014  0.0000e+000  7.2874e-003  3.8740e-001
 1.881500e-006  0.0000e+000  0.0000e+000  9.0297e-003  3.8818e-001
 1.881750e-006  0.0000e+000  0.0000e+000  9.4684e-003  3.8831e-001
 1.884250e-006  0.0000e+000  0.0000e+000  1.0288e-002  3.8825e-001
 1.888250e-006  0.0000e+000  0.0000e+000  9.7817e-003  3.8814e-001
 1.892250e-006  0.0000e+000  0.0000e+000  1.0155e-002  3.8828e-001
 1.896250e-006  0.0000e+000  0.0000e+000  9.8731e-003  3.8814e-001
 1.900000e-006  0.0000e+000  0.0000e+000  1.0088e-002  3.8826e-001
 1.900500e-006  2.0000e-001  0.0000e+000  1.1070e-002  3.8871e-001
 1.901000e-006  4.0000e-001  0.0000e+000  4.0556e-002  3.2400e-001
 1.901250e-006  4.0000e-001  0.0000e+000  5.5387e-002  2.7358e-001
 1.903481e-006  4.0000e-001  0.0000e+000  3.3304e-001  2.3569e-002
 1.904596e-006  4.0000e-001  0.0000e+000  3.8777e-001  3.1668e-003
 1.905154e-006  4.0000e-001  0.0000e+000  3.8919e-001  5.9731e-003
 1.909154e-006  4.0000e-001  0.0000e+000  3.8813e-001  4.7051e-003
 1.913154e-006  4.0000e-001  0.0000e+000  3.8900e-001  5.8331e-003
 1.917154e-006  4.0000e-001  0.0000e+000  3.8827e-001  4.8340e-003
 1.920000e-006  4.0000e-001  0.0000e+000  3.8887e-001  5.6894e-003
 1.920500e-006  2.0000e-001  0.0000e+000  3.8764e-001  4.5713e-003
 1.921000e-006  0.0000e+000  0.0000e+000  3.8770e-001  7.2520e-003
 1.921500e-006  0.0000e+000  0.0000e+000  3.8833e-001  8.9827e-003
 1.925500e-006  0.0000e+000  0.0000e+000  3.8827e-001  9.9000e-003
 1.929500e-006  0.0000e+000  0.0000e+000  3.8819e-001  1.0043e-002
 1.933499e-006  0.0000e+000  0.0000e+000  3.8822e-001  9.9524e-003
 1.937499e-006  0.0000e+000  0.0000e+000  3.8821e-001  1.0014e-002
 1.940000e-006  0.0000e+000  3.1764e-014  3.8821e-001  9.9742e-003
 1.940500e-006  0.0000e+000  2.0000e-001  3.8821e-001  9.9872e-003
 1.941000e-006  0.0000e+000  4.0000e-001  3.8821e-001  9.9916e-003
 1.941250e-006  0.0000e+000  4.0000e-001  3.8821e-001  9.9926e-003
 1.9413750e-006  0.0000e+000  4.0000e-001  3.8821e-001  9.9929e-003
 1.942625e-006  0.0000e+000  4.0000e-001  3.8820e-001  9.9946e-003
 1.943250e-006  0.0000e+000  4.0000e-001  3.8820e-001  9.9953e-003
 1.946450e-006  0.0000e+000  4.0000e-001  3.8821e-001  9.9954e-003
 1.948051e-006  0.0000e+000  4.0000e-001  3.8820e-001  9.9951e-003
 1.952051e-006  0.0000e+000  4.0000e-001  3.8821e-001  9.9954e-003
 1.956051e-006  0.0000e+000  4.0000e-001  3.8820e-001  9.9951e-003
 1.960051e-006  0.0000e+000  4.0000e-001  3.8820e-001  9.9954e-003
 1.964051e-006  0.0000e+000  4.0000e-001  3.8820e-001  9.9952e-003
 1.968051e-006  0.0000e+000  4.0000e-001  3.8820e-001  9.9954e-003
 1.972051e-006  0.0000e+000  4.0000e-001  3.8820e-001  9.9952e-003
 1.976051e-006  0.0000e+000  4.0000e-001  3.8820e-001  9.9954e-003
 1.980000e-006  0.0000e+000  4.0000e-001  3.8820e-001  9.9952e-003
 1.980500e-006  2.0000e-001  4.0000e-001  3.8875e-001  1.1046e-002
 1.981000e-006  4.0000e-001  4.0000e-001  3.6351e-001  3.6264e-002
 1.981250e-006  4.0000e-001  4.0000e-001  3.4855e-001  4.4761e-002
 1.983750e-006  4.0000e-001  4.0000e-001  4.6463e-002  3.2387e-001
 1.985000e-006  4.0000e-001  4.0000e-001  9.5046e-003  3.8507e-001
 1.985625e-006  4.0000e-001  4.0000e-001  8.5264e-003  3.8773e-001
 1.989625e-006  4.0000e-001  4.0000e-001  7.6117e-003  3.8915e-001
 1.993625e-006  4.0000e-001  4.0000e-001  8.2702e-003  3.8839e-001
 1.997625e-006  4.0000e-001  4.0000e-001  7.7585e-003  3.8877e-001
 2.000000e-006  4.0000e-001  4.0000e-001  8.1562e-003  3.8865e-001
 2.000499e-006  2.0000e-001  2.0000e-001  4.5883e-003  3.8701e-001
 2.001000e-006  1.0586e-013  0.0000e+000  7.2874e-003  3.8740e-001
 2.001499e-006  0.0000e+000  0.0000e+000  9.0297e-003  3.8818e-001
 2.001750e-006  0.0000e+000  0.0000e+000  9.4685e-003  3.8831e-001
 2.004249e-006  0.0000e+000  0.0000e+000  1.0288e-002  3.8825e-001
 2.008249e-006  0.0000e+000  0.0000e+000  9.7817e-003  3.8814e-001
 2.012249e-006  0.0000e+000  0.0000e+000  1.0155e-002  3.8828e-001
 2.016249e-006  0.0000e+000  0.0000e+000  9.8731e-003  3.8814e-001
 2.020000e-006  0.0000e+000  0.0000e+000  1.0088e-002  3.8826e-001
 2.020500e-006  2.0000e-001  0.0000e+000  1.1070e-002  3.8871e-001
 2.021000e-006  4.0000e-001  0.0000e+000  4.0556e-002  3.2400e-001
 2.021250e-006  4.0000e-001  0.0000e+000  5.5387e-002  2.7358e-001
 2.023481e-006  4.0000e-001  0.0000e+000  3.3304e-001  2.3569e-002
 2.024596e-006  4.0000e-001  0.0000e+000  3.8777e-001  3.1668e-003
 2.025154e-006  4.0000e-001  0.0000e+000  3.8919e-001  5.9731e-003
 2.029154e-006  4.0000e-001  0.0000e+000  3.8813e-001  4.7051e-003
 2.033154e-006  4.0000e-001  0.0000e+000  3.8900e-001  5.8331e-003
 2.037154e-006  4.0000e-001  0.0000e+000  3.8827e-001  4.8340e-003
 2.040000e-006  4.0000e-001  0.0000e+000  3.8887e-001  5.6894e-003
 2.040499e-006  2.0000e-001  2.0000e-001  3.8776e-001  5.0983e-003
 2.040750e-006  1.0000e-001  3.0000e-001  3.8795e-001  6.8320e-003
 2.041000e-006  8.9984e-014  4.0000e-001  3.8787e-001  8.0583e-003
 2.041475e-006  0.0000e+000  4.0000e-001  3.8830e-001  9.2594e-003
 2.041712e-006  0.0000e+000  4.0000e-001  3.8835e-001  9.5741e-003
 2.043972e-006  0.0000e+000  4.0000e-001  3.8822e-001  1.0205e-002
 2.045102e-006  0.0000e+000  4.0000e-001  3.8815e-001  9.9337e-003
 2.049102e-006  0.0000e+000  4.0000e-001  3.8825e-001  1.0045e-002
 2.051102e-006  0.0000e+000  4.0000e-001  3.8818e-001  9.9628e-003
 2.055102e-006  0.0000e+000  4.0000e-001  3.8823e-001  1.0022e-002
 2.059102e-006  0.0000e+000  4.0000e-001  3.8819e-001  9.9741e-003
 2.060000e-006  0.0000e+000  4.0000e-001  3.8821e-001  1.0003e-002
 2.060500e-006  2.0000e-001  4.0000e-001  3.8874e-001  1.1047e-002
 2.061000e-006  4.0000e-001  4.0000e-001  3.6341e-001  3.6277e-002
 2.061250e-006  4.0000e-001  4.0000e-001  3.4845e-001  4.4788e-002
 2.063750e-006  4.0000e-001  4.0000e-001  4.6436e-002  3.2391e-001
 2.065000e-006  4.0000e-001  4.0000e-001  9.5009e-003  3.8508e-001
 2.065625e-006  4.0000e-001  4.0000e-001  8.5255e-003  3.8773e-001
 2.069625e-006  4.0000e-001  4.0000e-001  7.6121e-003  3.8915e-001
 2.073625e-006  4.0000e-001  4.0000e-001  8.2699e-003  3.8839e-001
 2.077625e-006  4.0000e-001  4.0000e-001  7.7587e-003  3.8877e-001
 2.080000e-006  4.0000e-001  4.0000e-001  8.1561e-003  3.8865e-001
 2.080499e-006  2.0000e-001  2.0000e-001  4.5883e-003  3.8701e-001
 2.081000e-006  7.4107e-014  0.0000e+000  7.2874e-003  3.8740e-001
 2.081500e-006  0.0000e+000  0.0000e+000  9.0297e-003  3.8818e-001
 2.081750e-006  0.0000e+000  0.0000e+000  9.4684e-003  3.8831e-001
 2.084249e-006  0.0000e+000  0.0000e+000  1.0288e-002  3.8825e-001
 2.088249e-006  0.0000e+000  0.0000e+000  9.7817e-003  3.8814e-001
 2.092249e-006  0.0000e+000  0.0000e+000  1.0155e-002  3.8828e-001
 2.096249e-006  0.0000e+000  0.0000e+000  9.8731e-003  3.8814e-001
 2.100000e-006  0.0000e+000  0.0000e+000  1.0088e-002  3.8826e-001
 2.100500e-006  2.0000e-001  0.0000e+000  1.1070e-002  3.8871e-001
 2.101000e-006  4.0000e-001  0.0000e+000  4.0556e-002  3.2400e-001
 2.101250e-006  4.0000e-001  0.0000e+000  5.5387e-002  2.7358e-001
 2.103481e-006  4.0000e-001  0.0000e+000  3.3304e-001  2.3569e-002
 2.104596e-006  4.0000e-001  0.0000e+000  3.8777e-001  3.1668e-003
 2.105154e-006  4.0000e-001  0.0000e+000  3.8919e-001  5.9731e-003
 2.109154e-006  4.0000e-001  0.0000e+000  3.8813e-001  4.7051e-003
 2.113154e-006  4.0000e-001  0.0000e+000  3.8900e-001  5.8331e-003
 2.117154e-006  4.0000e-001  0.0000e+000  3.8827e-001  4.8340e-003
 2.120000e-006  4.0000e-001  0.0000e+000  3.8887e-001  5.6894e-003
 2.120500e-006  2.0000e-001  0.0000e+000  3.8764e-001  4.5713e-003
 2.121000e-006  6.3560e-014  0.0000e+000  3.8770e-001  7.2520e-003
 2.121500e-006  0.0000e+000  0.0000e+000  3.8833e-001  8.9827e-003
 2.125500e-006  0.0000e+000  0.0000e+000  3.8827e-001  9.9000e-003
 2.129499e-006  0.0000e+000  0.0000e+000  3.8819e-001  1.0043e-002
 2.133499e-006  0.0000e+000  0.0000e+000  3.8822e-001  9.9524e-003
 2.137499e-006  0.0000e+000  0.0000e+000  3.8821e-001  1.0014e-002
 2.140000e-006  0.0000e+000  0.0000e+000  3.8821e-001  9.9742e-003
 2.140499e-006  0.0000e+000  2.0000e-001  3.8821e-001  9.9872e-003
 2.141000e-006  0.0000e+000  4.0000e-001  3.8821e-001  9.9916e-003
 2.141250e-006  0.0000e+000  4.0000e-001  3.8821e-001  9.9926e-003
 2.1413750e-006  0.0000e+000  4.0000e-001  3.8821e-001  9.9929e-003
 2.142625e-006  0.0000e+000  4.0000e-001  3.8820e-001  9.9946e-003
 2.143250e-006  0.0000e+000  4.0000e-001  3.8820e-001  9.9953e-003
 2.146450e-006  0.0000e+000  4.0000e-001  3.8821e-001  9.9954e-003
 2.148051e-006  0.0000e+000  4.0000e-001  3.8820e-001  9.9951e-003
 2.152051e-006  0.0000e+000  4.0000e-001  3.8821e-001  9.9954e-003
 2.156051e-006  0.0000e+000  4.0000e-001  3.8820e-001  9.9951e-003
 2.160051e-006  0.0000e+000  4.0000e-001  3.8820e-001  9.9954e-003
 2.164051e-006  0.0000e+000  4.0000e-001  3.8820e-001  9.9952e-003
 2.168051e-006  0.0000e+000  4.0000e-001  3.8820e-001  9.9954e-003
 2.172051e-006  0.0000e+000  4.0000e-001  3.8820e-001  9.9952e-003
 2.176051e-006  0.0000e+000  4.0000e-001  3.8820e-001  9.9954e-003
 2.180000e-006  1.0588e-014  4.0000e-001  3.8820e-001  9.9952e-003
 2.180500e-006  2.0000e-001  4.0000e-001  3.8875e-001  1.1046e-002
 2.181000e-006  4.0000e-001  4.0000e-001  3.6351e-001  3.6264e-002
 2.181250e-006  4.0000e-001  4.0000e-001  3.4855e-001  4.4761e-002
 2.183750e-006  4.0000e-001  4.0000e-001  4.6463e-002  3.2387e-001
 2.185000e-006  4.0000e-001  4.0000e-001  9.5046e-003  3.8507e-001
 2.185625e-006  4.0000e-001  4.0000e-001  8.5264e-003  3.8773e-001
 2.189625e-006  4.0000e-001  4.0000e-001  7.6117e-003  3.8915e-001
 2.193625e-006  4.0000e-001  4.0000e-001  8.2702e-003  3.8839e-001
 2.197625e-006  4.0000e-001  4.0000e-001  7.7585e-003  3.8877e-001
 2.200000e-006  4.0000e-001  4.0000e-001  8.1562e-003  3.8865e-001
 2.200500e-006  2.0000e-001  2.0000e-001  4.5883e-003  3.8701e-001
 2.201000e-006  2.0117e-013  8.4710e-014  7.2874e-003  3.8740e-001
 2.201499e-006  0.0000e+000  0.0000e+000  9.0297e-003  3.8818e-001
 2.201749e-006  0.0000e+000  0.0000e+000  9.4685e-003  3.8831e-001
 2.204249e-006  0.0000e+000  0.0000e+000  1.0288e-002  3.8825e-001
 2.208249e-006  0.0000e+000  0.0000e+000  9.7817e-003  3.8814e-001
 2.212249e-006  0.0000e+000  0.0000e+000  1.0155e-002  3.8828e-001
 2.216249e-006  0.0000e+000  0.0000e+000  9.8731e-003  3.8814e-001
 2.220000e-006  3.0440e-014  0.0000e+000  1.0088e-002  3.8826e-001
 2.220500e-006  2.0000e-001  0.0000e+000  1.1070e-002  3.8871e-001
 2.221000e-006  4.0000e-001  0.0000e+000  4.0556e-002  3.2400e-001
 2.221250e-006  4.0000e-001  0.0000e+000  5.5387e-002  2.7358e-001
 2.223481e-006  4.0000e-001  0.0000e+000  3.3304e-001  2.3569e-002
 2.224596e-006  4.0000e-001  0.0000e+000  3.8777e-001  3.1668e-003
 2.225154e-006  4.0000e-001  0.0000e+000  3.8919e-001  5.9731e-003
 2.229154e-006  4.0000e-001  0.0000e+000  3.8813e-001  4.7051e-003
 2.233154e-006  4.0000e-001  0.0000e+000  3.8900e-001  5.8331e-003
 2.237154e-006  4.0000e-001  0.0000e+000  3.8827e-001  4.8340e-003
 2.240000e-006  4.0000e-001  7.1468e-014  3.8887e-001  5.6894e-003
 2.240500e-006  2.0000e-001  2.0000e-001  3.8776e-001  5.0983e-003
 2.240749e-006  1.0000e-001  3.0000e-001  3.8795e-001  6.8320e-003
 2.241000e-006  1.8530e-013  4.0000e-001  3.8787e-001  8.0583e-003
 2.241475e-006  0.0000e+000  4.0000e-001  3.8830e-001  9.2594e-003
 2.241712e-006  0.0000e+000  4.0000e-001  3.8835e-001  9.5741e-003
 2.243972e-006  0.0000e+000  4.0000e-001  3.8822e-001  1.0205e-002
 2.245102e-006  0.0000e+000  4.0000e-001  3.8815e-001  9.9337e-003
 2.249102e-006  0.0000e+000  4.0000e-001  3.8825e-001  1.0045e-002
 2.251102e-006  0.0000e+000  4.0000e-001  3.8818e-001  9.9628e-003
 2.255102e-006  0.0000e+000  4.0000e-001  3.8823e-001  1.0022e-002
 2.259102e-006  0.0000e+000  4.0000e-001  3.8819e-001  9.9741e-003
 2.260000e-006  4.4999e-014  4.0000e-001  3.8821e-001  1.0003e-002
 2.260500e-006  2.0000e-001  4.0000e-001  3.8874e-001  1.1047e-002
 2.261000e-006  4.0000e-001  4.0000e-001  3.6341e-001  3.6277e-002
 2.261250e-006  4.0000e-001  4.0000e-001  3.4845e-001  4.4788e-002
 2.263750e-006  4.0000e-001  4.0000e-001  4.6436e-002  3.2391e-001
 2.265000e-006  4.0000e-001  4.0000e-001  9.5009e-003  3.8508e-001
 2.265625e-006  4.0000e-001  4.0000e-001  8.5255e-003  3.8773e-001
 2.269625e-006  4.0000e-001  4.0000e-001  7.6121e-003  3.8915e-001
 2.273625e-006  4.0000e-001  4.0000e-001  8.2699e-003  3.8839e-001
 2.277625e-006  4.0000e-001  4.0000e-001  7.7587e-003  3.8877e-001
 2.280000e-006  4.0000e-001  4.0000e-001  8.1561e-003  3.8865e-001
 2.280500e-006  2.0000e-001  2.0000e-001  4.5883e-003  3.8701e-001
 2.281000e-006  1.6942e-013  5.2958e-014  7.2874e-003  3.8740e-001
 2.281499e-006  0.0000e+000  0.0000e+000  9.0297e-003  3.8818e-001
 2.281750e-006  0.0000e+000  0.0000e+000  9.4684e-003  3.8831e-001
 2.284249e-006  0.0000e+000  0.0000e+000  1.0288e-002  3.8825e-001
 2.288249e-006  0.0000e+000  0.0000e+000  9.7817e-003  3.8814e-001
 2.292249e-006  0.0000e+000  0.0000e+000  1.0155e-002  3.8828e-001
 2.296249e-006  0.0000e+000  0.0000e+000  9.8731e-003  3.8814e-001
 2.300000e-006  5.8234e-014  0.0000e+000  1.0088e-002  3.8826e-001
 2.300500e-006  2.0000e-001  0.0000e+000  1.1070e-002  3.8871e-001
 2.301000e-006  4.0000e-001  0.0000e+000  4.0556e-002  3.2400e-001
 2.301250e-006  4.0000e-001  0.0000e+000  5.5387e-002  2.7358e-001
 2.303481e-006  4.0000e-001  0.0000e+000  3.3304e-001  2.3569e-002
 2.304596e-006  4.0000e-001  0.0000e+000  3.8777e-001  3.1668e-003
 2.305154e-006  4.0000e-001  0.0000e+000  3.8919e-001  5.9731e-003
 2.309154e-006  4.0000e-001  0.0000e+000  3.8813e-001  4.7051e-003
 2.313154e-006  4.0000e-001  0.0000e+000  3.8900e-001  5.8331e-003
 2.317154e-006  4.0000e-001  0.0000e+000  3.8827e-001  4.8340e-003
 2.320000e-006  4.0000e-001  0.0000e+000  3.8887e-001  5.6894e-003
 2.320500e-006  2.0000e-001  0.0000e+000  3.8764e-001  4.5713e-003
 2.321000e-006  0.0000e+000  0.0000e+000  3.8770e-001  7.2520e-003
 2.321500e-006  0.0000e+000  0.0000e+000  3.8833e-001  8.9827e-003
 2.325500e-006  0.0000e+000  0.0000e+000  3.8827e-001  9.9000e-003
 2.329500e-006  0.0000e+000  0.0000e+000  3.8819e-001  1.0043e-002
 2.333500e-006  0.0000e+000  0.0000e+000  3.8822e-001  9.9524e-003
 2.337499e-006  0.0000e+000  0.0000e+000  3.8821e-001  1.0014e-002
 2.340000e-006  0.0000e+000  3.1764e-014  3.8821e-001  9.9742e-003
 2.340500e-006  0.0000e+000  2.0000e-001  3.8821e-001  9.9872e-003
 2.341000e-006  0.0000e+000  4.0000e-001  3.8821e-001  9.9916e-003
 2.341250e-006  0.0000e+000  4.0000e-001  3.8821e-001  9.9926e-003
 2.3413750e-006  0.0000e+000  4.0000e-001  3.8821e-001  9.9929e-003
 2.342625e-006  0.0000e+000  4.0000e-001  3.8820e-001  9.9946e-003
 2.343250e-006  0.0000e+000  4.0000e-001  3.8820e-001  9.9953e-003
 2.346450e-006  0.0000e+000  4.0000e-001  3.8821e-001  9.9954e-003
 2.348051e-006  0.0000e+000  4.0000e-001  3.8820e-001  9.9951e-003
 2.352051e-006  0.0000e+000  4.0000e-001  3.8821e-001  9.9954e-003
 2.356051e-006  0.0000e+000  4.0000e-001  3.8820e-001  9.9951e-003
 2.360051e-006  0.0000e+000  4.0000e-001  3.8820e-001  9.9954e-003
 2.364051e-006  0.0000e+000  4.0000e-001  3.8820e-001  9.9952e-003
 2.368051e-006  0.0000e+000  4.0000e-001  3.8820e-001  9.9954e-003
 2.372051e-006  0.0000e+000  4.0000e-001  3.8820e-001  9.9952e-003
 2.376051e-006  0.0000e+000  4.0000e-001  3.8820e-001  9.9954e-003
 2.380000e-006  0.0000e+000  4.0000e-001  3.8820e-001  9.9952e-003
 2.380500e-006  2.0000e-001  4.0000e-001  3.8875e-001  1.1046e-002
 2.381000e-006  4.0000e-001  4.0000e-001  3.6351e-001  3.6264e-002
 2.381250e-006  4.0000e-001  4.0000e-001  3.4855e-001  4.4761e-002
 2.383750e-006  4.0000e-001  4.0000e-001  4.6463e-002  3.2387e-001
 2.385000e-006  4.0000e-001  4.0000e-001  9.5046e-003  3.8507e-001
 2.385625e-006  4.0000e-001  4.0000e-001  8.5264e-003  3.8773e-001
 2.389625e-006  4.0000e-001  4.0000e-001  7.6117e-003  3.8915e-001
 2.393625e-006  4.0000e-001  4.0000e-001  8.2702e-003  3.8839e-001
 2.397625e-006  4.0000e-001  4.0000e-001  7.7585e-003  3.8877e-001
 2.400000e-006  4.0000e-001  4.0000e-001  8.1562e-003  3.8865e-001
 2.400499e-006  2.0000e-001  2.0000e-001  4.5883e-003  3.8701e-001
 2.401000e-006  1.2707e-013  0.0000e+000  7.2874e-003  3.8740e-001
 2.401500e-006  0.0000e+000  0.0000e+000  9.0297e-003  3.8818e-001
 2.401749e-006  0.0000e+000  0.0000e+000  9.4685e-003  3.8831e-001
 2.404249e-006  0.0000e+000  0.0000e+000  1.0288e-002  3.8825e-001
 2.408249e-006  0.0000e+000  0.0000e+000  9.7817e-003  3.8814e-001
 2.412249e-006  0.0000e+000  0.0000e+000  1.0155e-002  3.8828e-001
 2.416249e-006  0.0000e+000  0.0000e+000  9.8731e-003  3.8814e-001
 2.420000e-006  0.0000e+000  0.0000e+000  1.0088e-002  3.8826e-001
 2.420500e-006  2.0000e-001  0.0000e+000  1.1070e-002  3.8871e-001
 2.421000e-006  4.0000e-001  0.0000e+000  4.0556e-002  3.2400e-001
 2.421250e-006  4.0000e-001  0.0000e+000  5.5387e-002  2.7358e-001
 2.423481e-006  4.0000e-001  0.0000e+000  3.3304e-001  2.3569e-002
 2.424596e-006  4.0000e-001  0.0000e+000  3.8777e-001  3.1668e-003
 2.425154e-006  4.0000e-001  0.0000e+000  3.8919e-001  5.9731e-003
 2.429154e-006  4.0000e-001  0.0000e+000  3.8813e-001  4.7051e-003
 2.433154e-006  4.0000e-001  0.0000e+000  3.8900e-001  5.8331e-003
 2.437154e-006  4.0000e-001  0.0000e+000  3.8827e-001  4.8340e-003
 2.440000e-006  4.0000e-001  0.0000e+000  3.8887e-001  5.6894e-003
 2.440500e-006  2.0000e-001  2.0000e-001  3.8776e-001  5.0983e-003
 2.440749e-006  1.0000e-001  3.0000e-001  3.8795e-001  6.8320e-003
 2.441000e-006  1.1113e-013  4.0000e-001  3.8787e-001  8.0583e-003
 2.441475e-006  0.0000e+000  4.0000e-001  3.8830e-001  9.2594e-003
 2.4417127e-006  0.0000e+000  4.0000e-001  3.8835e-001  9.5741e-003
 2.443972e-006  0.0000e+000  4.0000e-001  3.8822e-001  1.0205e-002
 2.445102e-006  0.0000e+000  4.0000e-001  3.8815e-001  9.9337e-003
 2.449102e-006  0.0000e+000  4.0000e-001  3.8825e-001  1.0045e-002
 2.451102e-006  0.0000e+000  4.0000e-001  3.8818e-001  9.9628e-003
 2.455102e-006  0.0000e+000  4.0000e-001  3.8823e-001  1.0022e-002
 2.459102e-006  0.0000e+000  4.0000e-001  3.8819e-001  9.9741e-003
 2.460000e-006  0.0000e+000  4.0000e-001  3.8821e-001  1.0003e-002
 2.460500e-006  2.0000e-001  4.0000e-001  3.8874e-001  1.1047e-002
 2.461000e-006  4.0000e-001  4.0000e-001  3.6341e-001  3.6277e-002
 2.461250e-006  4.0000e-001  4.0000e-001  3.4845e-001  4.4788e-002
 2.463750e-006  4.0000e-001  4.0000e-001  4.6436e-002  3.2391e-001
 2.465000e-006  4.0000e-001  4.0000e-001  9.5009e-003  3.8508e-001
 2.465625e-006  4.0000e-001  4.0000e-001  8.5255e-003  3.8773e-001
 2.469625e-006  4.0000e-001  4.0000e-001  7.6121e-003  3.8915e-001
 2.473625e-006  4.0000e-001  4.0000e-001  8.2699e-003  3.8839e-001
 2.477625e-006  4.0000e-001  4.0000e-001  7.7587e-003  3.8877e-001
 2.480000e-006  4.0000e-001  4.0000e-001  8.1561e-003  3.8865e-001
 2.480500e-006  2.0000e-001  2.0000e-001  4.5883e-003  3.8701e-001
 2.481000e-006  9.5313e-014  0.0000e+000  7.2874e-003  3.8740e-001
 2.481500e-006  0.0000e+000  0.0000e+000  9.0297e-003  3.8818e-001
 2.481749e-006  0.0000e+000  0.0000e+000  9.4684e-003  3.8831e-001
 2.484249e-006  0.0000e+000  0.0000e+000  1.0288e-002  3.8825e-001
 2.488249e-006  0.0000e+000  0.0000e+000  9.7817e-003  3.8814e-001
 2.492249e-006  0.0000e+000  0.0000e+000  1.0155e-002  3.8828e-001
 2.496249e-006  0.0000e+000  0.0000e+000  9.8731e-003  3.8814e-001
 2.500000e-006  0.0000e+000  0.0000e+000  1.0088e-002  3.8826e-001
 2.500500e-006  2.0000e-001  0.0000e+000  1.1070e-002  3.8871e-001
 2.501000e-006  4.0000e-001  0.0000e+000  4.0556e-002  3.2400e-001
 2.5012500e-006  4.0000e-001  0.0000e+000  5.5387e-002  2.7358e-001
 2.503481e-006  4.0000e-001  0.0000e+000  3.3304e-001  2.3569e-002
 2.504596e-006  4.0000e-001  0.0000e+000  3.8777e-001  3.1668e-003
 2.505154e-006  4.0000e-001  0.0000e+000  3.8919e-001  5.9731e-003
 2.509154e-006  4.0000e-001  0.0000e+000  3.8813e-001  4.7051e-003
 2.513154e-006  4.0000e-001  0.0000e+000  3.8900e-001  5.8331e-003
 2.517154e-006  4.0000e-001  0.0000e+000  3.8827e-001  4.8340e-003
 2.520000e-006  4.0000e-001  0.0000e+000  3.8887e-001  5.6894e-003
 2.520500e-006  2.0000e-001  0.0000e+000  3.8764e-001  4.5713e-003
 2.521000e-006  8.4710e-014  0.0000e+000  3.8770e-001  7.2520e-003
 2.521500e-006  0.0000e+000  0.0000e+000  3.8833e-001  8.9827e-003
 2.525500e-006  0.0000e+000  0.0000e+000  3.8827e-001  9.9000e-003
 2.529499e-006  0.0000e+000  0.0000e+000  3.8819e-001  1.0043e-002
 2.533499e-006  0.0000e+000  0.0000e+000  3.8822e-001  9.9524e-003
 2.537499e-006  0.0000e+000  0.0000e+000  3.8821e-001  1.0014e-002
 2.540000e-006  0.0000e+000  0.0000e+000  3.8821e-001  9.9742e-003
 2.540499e-006  0.0000e+000  2.0000e-001  3.8821e-001  9.9872e-003
 2.541000e-006  0.0000e+000  4.0000e-001  3.8821e-001  9.9916e-003
 2.5412500e-006  0.0000e+000  4.0000e-001  3.8821e-001  9.9926e-003
 2.5413749e-006  0.0000e+000  4.0000e-001  3.8821e-001  9.9929e-003
 2.542625e-006  0.0000e+000  4.0000e-001  3.8820e-001  9.9946e-003
 2.543250e-006  0.0000e+000  4.0000e-001  3.8820e-001  9.9953e-003
 2.546450e-006  0.0000e+000  4.0000e-001  3.8821e-001  9.9954e-003
 2.548051e-006  0.0000e+000  4.0000e-001  3.8820e-001  9.9951e-003
 2.552051e-006  0.0000e+000  4.0000e-001  3.8821e-001  9.9954e-003
 2.556051e-006  0.0000e+000  4.0000e-001  3.8820e-001  9.9951e-003
 2.560051e-006  0.0000e+000  4.0000e-001  3.8820e-001  9.9954e-003
 2.564051e-006  0.0000e+000  4.0000e-001  3.8820e-001  9.9952e-003
 2.568051e-006  0.0000e+000  4.0000e-001  3.8820e-001  9.9954e-003
 2.572051e-006  0.0000e+000  4.0000e-001  3.8820e-001  9.9952e-003
 2.576051e-006  0.0000e+000  4.0000e-001  3.8820e-001  9.9954e-003
 2.580000e-006  0.0000e+000  4.0000e-001  3.8820e-001  9.9952e-003
 2.580500e-006  2.0000e-001  4.0000e-001  3.8875e-001  1.1046e-002
 2.581000e-006  4.0000e-001  4.0000e-001  3.6351e-001  3.6264e-002
 2.5812500e-006  4.0000e-001  4.0000e-001  3.4855e-001  4.4761e-002
 2.583750e-006  4.0000e-001  4.0000e-001  4.6463e-002  3.2387e-001
 2.585000e-006  4.0000e-001  4.0000e-001  9.5046e-003  3.8507e-001
 2.585625e-006  4.0000e-001  4.0000e-001  8.5264e-003  3.8773e-001
 2.589625e-006  4.0000e-001  4.0000e-001  7.6117e-003  3.8915e-001
 2.593625e-006  4.0000e-001  4.0000e-001  8.2702e-003  3.8839e-001
 2.597625e-006  4.0000e-001  4.0000e-001  7.7585e-003  3.8877e-001
 2.600000e-006  4.0000e-001  4.0000e-001  8.1562e-003  3.8865e-001
 2.600500e-006  2.0000e-001  2.0000e-001  4.5883e-003  3.8701e-001
 2.601000e-006  5.2958e-014  0.0000e+000  7.2874e-003  3.8740e-001
 2.601500e-006  0.0000e+000  0.0000e+000  9.0297e-003  3.8818e-001
 2.6017500e-006  0.0000e+000  0.0000e+000  9.4685e-003  3.8831e-001
 2.604249e-006  0.0000e+000  0.0000e+000  1.0288e-002  3.8825e-001
 2.608249e-006  0.0000e+000  0.0000e+000  9.7817e-003  3.8814e-001
 2.612249e-006  0.0000e+000  0.0000e+000  1.0155e-002  3.8828e-001
 2.616249e-006  0.0000e+000  0.0000e+000  9.8731e-003  3.8814e-001
 2.620000e-006  9.2644e-015  0.0000e+000  1.0088e-002  3.8826e-001
 2.620500e-006  2.0000e-001  0.0000e+000  1.1070e-002  3.8871e-001
 2.621000e-006  4.0000e-001  0.0000e+000  4.0556e-002  3.2400e-001
 2.6212500e-006  4.0000e-001  0.0000e+000  5.5387e-002  2.7358e-001
 2.623481e-006  4.0000e-001  0.0000e+000  3.3304e-001  2.3569e-002
 2.624596e-006  4.0000e-001  0.0000e+000  3.8777e-001  3.1668e-003
 2.625154e-006  4.0000e-001  0.0000e+000  3.8919e-001  5.9731e-003
 2.629154e-006  4.0000e-001  0.0000e+000  3.8813e-001  4.7051e-003
 2.633154e-006  4.0000e-001  0.0000e+000  3.8900e-001  5.8331e-003
 2.637154e-006  4.0000e-001  0.0000e+000  3.8827e-001  4.8340e-003
 2.640000e-006  4.0000e-001  7.1468e-014  3.8887e-001  5.6894e-003
 2.640500e-006  2.0000e-001  2.0000e-001  3.8776e-001  5.0983e-003
 2.6407500e-006  1.0000e-001  3.0000e-001  3.8795e-001  6.8320e-003
 2.6409999e-006  2.0645e-013  4.0000e-001  3.8787e-001  8.0583e-003
 2.641475e-006  0.0000e+000  4.0000e-001  3.8830e-001  9.2594e-003
 2.6417127e-006  0.0000e+000  4.0000e-001  3.8835e-001  9.5741e-003
 2.643972e-006  0.0000e+000  4.0000e-001  3.8822e-001  1.0205e-002
 2.645102e-006  0.0000e+000  4.0000e-001  3.8815e-001  9.9337e-003
 2.649102e-006  0.0000e+000  4.0000e-001  3.8825e-001  1.0045e-002
 2.651102e-006  0.0000e+000  4.0000e-001  3.8818e-001  9.9628e-003
 2.655102e-006  0.0000e+000  4.0000e-001  3.8823e-001  1.0022e-002
 2.659102e-006  0.0000e+000  4.0000e-001  3.8819e-001  9.9741e-003
 2.660000e-006  2.3823e-014  4.0000e-001  3.8821e-001  1.0003e-002
 2.660500e-006  2.0000e-001  4.0000e-001  3.8874e-001  1.1047e-002
 2.661000e-006  4.0000e-001  4.0000e-001  3.6341e-001  3.6277e-002
 2.6612500e-006  4.0000e-001  4.0000e-001  3.4845e-001  4.4788e-002
 2.663750e-006  4.0000e-001  4.0000e-001  4.6436e-002  3.2391e-001
 2.665000e-006  4.0000e-001  4.0000e-001  9.5009e-003  3.8508e-001
 2.665625e-006  4.0000e-001  4.0000e-001  8.5255e-003  3.8773e-001
 2.669625e-006  4.0000e-001  4.0000e-001  7.6121e-003  3.8915e-001
 2.673625e-006  4.0000e-001  4.0000e-001  8.2699e-003  3.8839e-001
 2.677625e-006  4.0000e-001  4.0000e-001  7.7587e-003  3.8877e-001
 2.680000e-006  4.0000e-001  4.0000e-001  8.1561e-003  3.8865e-001
 2.680499e-006  2.0000e-001  2.0000e-001  4.5883e-003  3.8701e-001
 2.681000e-006  1.9057e-013  5.2958e-014  7.2874e-003  3.8740e-001
 2.681499e-006  0.0000e+000  0.0000e+000  9.0297e-003  3.8818e-001
 2.6817499e-006  0.0000e+000  0.0000e+000  9.4684e-003  3.8831e-001
 2.684249e-006  0.0000e+000  0.0000e+000  1.0288e-002  3.8825e-001
 2.688249e-006  0.0000e+000  0.0000e+000  9.7817e-003  3.8814e-001
 2.692249e-006  0.0000e+000  0.0000e+000  1.0155e-002  3.8828e-001
 2.696249e-006  0.0000e+000  0.0000e+000  9.8731e-003  3.8814e-001
 2.700000e-006  3.7058e-014  0.0000e+000  1.0088e-002  3.8826e-001
 2.700500e-006  2.0000e-001  0.0000e+000  1.1070e-002  3.8871e-001
 2.701000e-006  4.0000e-001  0.0000e+000  4.0556e-002  3.2400e-001
 2.7012500e-006  4.0000e-001  0.0000e+000  5.5387e-002  2.7358e-001
 2.703481e-006  4.0000e-001  0.0000e+000  3.3304e-001  2.3569e-002
 2.704596e-006  4.0000e-001  0.0000e+000  3.8777e-001  3.1668e-003
 2.705154e-006  4.0000e-001  0.0000e+000  3.8919e-001  5.9731e-003
 2.709154e-006  4.0000e-001  0.0000e+000  3.8813e-001  4.7051e-003
 2.713154e-006  4.0000e-001  0.0000e+000  3.8900e-001  5.8331e-003
 2.717154e-006  4.0000e-001  0.0000e+000  3.8827e-001  4.8340e-003
 2.720000e-006  4.0000e-001  0.0000e+000  3.8887e-001  5.6894e-003
 2.720500e-006  2.0000e-001  0.0000e+000  3.8764e-001  4.5713e-003
 2.721000e-006  1.0603e-014  0.0000e+000  3.8770e-001  7.2520e-003
 2.721500e-006  0.0000e+000  0.0000e+000  3.8833e-001  8.9827e-003
 2.725500e-006  0.0000e+000  0.0000e+000  3.8827e-001  9.9000e-003
 2.729500e-006  0.0000e+000  0.0000e+000  3.8819e-001  1.0043e-002
 2.733500e-006  0.0000e+000  0.0000e+000  3.8822e-001  9.9524e-003
 2.737499e-006  0.0000e+000  0.0000e+000  3.8821e-001  1.0014e-002
 2.740000e-006  0.0000e+000  3.1764e-014  3.8821e-001  9.9742e-003
 2.740500e-006  0.0000e+000  2.0000e-001  3.8821e-001  9.9872e-003
 2.741000e-006  0.0000e+000  4.0000e-001  3.8821e-001  9.9916e-003
 2.7412500e-006  0.0000e+000  4.0000e-001  3.8821e-001  9.9926e-003
 2.7413750e-006  0.0000e+000  4.0000e-001  3.8821e-001  9.9929e-003
 2.742625e-006  0.0000e+000  4.0000e-001  3.8820e-001  9.9946e-003
 2.743250e-006  0.0000e+000  4.0000e-001  3.8820e-001  9.9953e-003
 2.746450e-006  0.0000e+000  4.0000e-001  3.8821e-001  9.9954e-003
 2.748051e-006  0.0000e+000  4.0000e-001  3.8820e-001  9.9951e-003
 2.752051e-006  0.0000e+000  4.0000e-001  3.8821e-001  9.9954e-003
 2.756051e-006  0.0000e+000  4.0000e-001  3.8820e-001  9.9951e-003
 2.760051e-006  0.0000e+000  4.0000e-001  3.8820e-001  9.9954e-003
 2.764051e-006  0.0000e+000  4.0000e-001  3.8820e-001  9.9952e-003
 2.768051e-006  0.0000e+000  4.0000e-001  3.8820e-001  9.9954e-003
 2.772051e-006  0.0000e+000  4.0000e-001  3.8820e-001  9.9952e-003
 2.776051e-006  0.0000e+000  4.0000e-001  3.8820e-001  9.9954e-003
 2.780000e-006  6.3527e-014  4.0000e-001  3.8820e-001  9.9952e-003
 2.780500e-006  2.0000e-001  4.0000e-001  3.8875e-001  1.1046e-002
 2.781000e-006  4.0000e-001  4.0000e-001  3.6351e-001  3.6264e-002
 2.7812500e-006  4.0000e-001  4.0000e-001  3.4855e-001  4.4761e-002
 2.783750e-006  4.0000e-001  4.0000e-001  4.6463e-002  3.2387e-001
 2.785000e-006  4.0000e-001  4.0000e-001  9.5046e-003  3.8507e-001
 2.785625e-006  4.0000e-001  4.0000e-001  8.5264e-003  3.8773e-001
 2.789625e-006  4.0000e-001  4.0000e-001  7.6117e-003  3.8915e-001
 2.793625e-006  4.0000e-001  4.0000e-001  8.2702e-003  3.8839e-001
 2.797625e-006  4.0000e-001  4.0000e-001  7.7585e-003  3.8877e-001
 2.800000e-006  4.0000e-001  4.0000e-001  8.1562e-003  3.8865e-001
 2.800499e-006  2.0000e-001  2.0000e-001  4.5883e-003  3.8701e-001
 2.801000e-006  1.4821e-013  0.0000e+000  7.2874e-003  3.8740e-001
 2.801500e-006  0.0000e+000  0.0000e+000  9.0297e-003  3.8818e-001
 2.8017500e-006  0.0000e+000  0.0000e+000  9.4685e-003  3.8831e-001
 2.804249e-006  0.0000e+000  0.0000e+000  1.0288e-002  3.8825e-001
 2.808249e-006  0.0000e+000  0.0000e+000  9.7817e-003  3.8814e-001
 2.812249e-006  0.0000e+000  0.0000e+000  1.0155e-002  3.8828e-001
 2.816249e-006  0.0000e+000  0.0000e+000  9.8731e-003  3.8814e-001
 2.820000e-006  8.3380e-014  0.0000e+000  1.0088e-002  3.8826e-001
 2.820500e-006  2.0000e-001  0.0000e+000  1.1070e-002  3.8871e-001
 2.821000e-006  4.0000e-001  0.0000e+000  4.0556e-002  3.2400e-001
 2.8212500e-006  4.0000e-001  0.0000e+000  5.5387e-002  2.7358e-001
 2.823481e-006  4.0000e-001  0.0000e+000  3.3304e-001  2.3569e-002
 2.824596e-006  4.0000e-001  0.0000e+000  3.8777e-001  3.1668e-003
 2.825154e-006  4.0000e-001  0.0000e+000  3.8919e-001  5.9731e-003
 2.829154e-006  4.0000e-001  0.0000e+000  3.8813e-001  4.7051e-003
 2.833154e-006  4.0000e-001  0.0000e+000  3.8900e-001  5.8331e-003
 2.837154e-006  4.0000e-001  0.0000e+000  3.8827e-001  4.8340e-003
 2.840000e-006  4.0000e-001  0.0000e+000  3.8887e-001  5.6894e-003
 2.840500e-006  2.0000e-001  2.0000e-001  3.8776e-001  5.0983e-003
 2.8407499e-006  1.0000e-001  3.0000e-001  3.8795e-001  6.8320e-003
 2.8410000e-006  1.3234e-013  4.0000e-001  3.8787e-001  8.0583e-003
 2.841475e-006  0.0000e+000  4.0000e-001  3.8830e-001  9.2594e-003
 2.8417127e-006  0.0000e+000  4.0000e-001  3.8835e-001  9.5741e-003
 2.843972e-006  0.0000e+000  4.0000e-001  3.8822e-001  1.0205e-002
 2.845102e-006  0.0000e+000  4.0000e-001  3.8815e-001  9.9337e-003
 2.849102e-006  0.0000e+000  4.0000e-001  3.8825e-001  1.0045e-002
 2.851102e-006  0.0000e+000  4.0000e-001  3.8818e-001  9.9628e-003
 2.855102e-006  0.0000e+000  4.0000e-001  3.8823e-001  1.0022e-002
 2.859102e-006  0.0000e+000  4.0000e-001  3.8819e-001  9.9741e-003
 2.860000e-006  0.0000e+000  4.0000e-001  3.8821e-001  1.0003e-002
 2.860500e-006  2.0000e-001  4.0000e-001  3.8874e-001  1.1047e-002
 2.861000e-006  4.0000e-001  4.0000e-001  3.6341e-001  3.6277e-002
 2.8612500e-006  4.0000e-001  4.0000e-001  3.4845e-001  4.4788e-002
 2.863750e-006  4.0000e-001  4.0000e-001  4.6436e-002  3.2391e-001
 2.865000e-006  4.0000e-001  4.0000e-001  9.5009e-003  3.8508e-001
 2.865625e-006  4.0000e-001  4.0000e-001  8.5255e-003  3.8773e-001
 2.869625e-006  4.0000e-001  4.0000e-001  7.6121e-003  3.8915e-001
 2.873625e-006  4.0000e-001  4.0000e-001  8.2699e-003  3.8839e-001
 2.877625e-006  4.0000e-001  4.0000e-001  7.7587e-003  3.8877e-001
 2.880000e-006  4.0000e-001  4.0000e-001  8.1561e-003  3.8865e-001
 2.880500e-006  2.0000e-001  2.0000e-001  4.5883e-003  3.8701e-001
 2.881000e-006  1.1646e-013  0.0000e+000  7.2874e-003  3.8740e-001
 2.881500e-006  0.0000e+000  0.0000e+000  9.0297e-003  3.8818e-001
 2.8817500e-006  0.0000e+000  0.0000e+000  9.4684e-003  3.8831e-001
 2.884249e-006  0.0000e+000  0.0000e+000  1.0288e-002  3.8825e-001
 2.888249e-006  0.0000e+000  0.0000e+000  9.7817e-003  3.8814e-001
 2.892249e-006  0.0000e+000  0.0000e+000  1.0155e-002  3.8828e-001
 2.896249e-006  0.0000e+000  0.0000e+000  9.8731e-003  3.8814e-001
 2.900000e-006  0.0000e+000  0.0000e+000  1.0088e-002  3.8826e-001
 2.900500e-006  2.0000e-001  0.0000e+000  1.1070e-002  3.8871e-001
 2.901000e-006  4.0000e-001  0.0000e+000  4.0556e-002  3.2400e-001
 2.9012500e-006  4.0000e-001  0.0000e+000  5.5387e-002  2.7358e-001
 2.903481e-006  4.0000e-001  0.0000e+000  3.3304e-001  2.3569e-002
 2.904596e-006  4.0000e-001  0.0000e+000  3.8777e-001  3.1668e-003
 2.905154e-006  4.0000e-001  0.0000e+000  3.8919e-001  5.9731e-003
 2.909154e-006  4.0000e-001  0.0000e+000  3.8813e-001  4.7051e-003
 2.913154e-006  4.0000e-001  0.0000e+000  3.8900e-001  5.8331e-003
 2.917154e-006  4.0000e-001  0.0000e+000  3.8827e-001  4.8340e-003
 2.920000e-006  4.0000e-001  0.0000e+000  3.8887e-001  5.6894e-003
 2.920500e-006  2.0000e-001  0.0000e+000  3.8764e-001  4.5713e-003
 2.921000e-006  0.0000e+000  0.0000e+000  3.8770e-001  7.2520e-003
 2.921500e-006  0.0000e+000  0.0000e+000  3.8833e-001  8.9827e-003
 2.925500e-006  0.0000e+000  0.0000e+000  3.8827e-001  9.9000e-003
 2.929500e-006  0.0000e+000  0.0000e+000  3.8819e-001  1.0043e-002
 2.933500e-006  0.0000e+000  0.0000e+000  3.8822e-001  9.9524e-003
 2.937500e-006  0.0000e+000  0.0000e+000  3.8821e-001  1.0014e-002
 2.940000e-006  0.0000e+000  0.0000e+000  3.8821e-001  9.9742e-003
 2.940499e-006  0.0000e+000  2.0000e-001  3.8821e-001  9.9872e-003
 2.941000e-006  0.0000e+000  4.0000e-001  3.8821e-001  9.9916e-003
 2.9412500e-006  0.0000e+000  4.0000e-001  3.8821e-001  9.9926e-003
 2.9413750e-006  0.0000e+000  4.0000e-001  3.8821e-001  9.9929e-003
 2.942625e-006  0.0000e+000  4.0000e-001  3.8820e-001  9.9946e-003
 2.943250e-006  0.0000e+000  4.0000e-001  3.8820e-001  9.9953e-003
 2.946450e-006  0.0000e+000  4.0000e-001  3.8821e-001  9.9954e-003
 2.948051e-006  0.0000e+000  4.0000e-001  3.8820e-001  9.9951e-003
 2.952051e-006  0.0000e+000  4.0000e-001  3.8821e-001  9.9954e-003
 2.956051e-006  0.0000e+000  4.0000e-001  3.8820e-001  9.9951e-003
 2.960051e-006  0.0000e+000  4.0000e-001  3.8820e-001  9.9954e-003
 2.964051e-006  0.0000e+000  4.0000e-001  3.8820e-001  9.9952e-003
 2.968051e-006  0.0000e+000  4.0000e-001  3.8820e-001  9.9954e-003
 2.972051e-006  0.0000e+000  4.0000e-001  3.8820e-001  9.9952e-003
 2.976051e-006  0.0000e+000  4.0000e-001  3.8820e-001  9.9954e-003
 2.980000e-006  0.0000e+000  4.0000e-001  3.8820e-001  9.9952e-003
 2.980500e-006  2.0000e-001  4.0000e-001  3.8875e-001  1.1046e-002
 2.981000e-006  4.0000e-001  4.0000e-001  3.6351e-001  3.6264e-002
 2.9812500e-006  4.0000e-001  4.0000e-001  3.4855e-001  4.4761e-002
 2.983750e-006  4.0000e-001  4.0000e-001  4.6463e-002  3.2387e-001
 2.985000e-006  4.0000e-001  4.0000e-001  9.5046e-003  3.8507e-001
 2.985625e-006  4.0000e-001  4.0000e-001  8.5264e-003  3.8773e-001
 2.989625e-006  4.0000e-001  4.0000e-001  7.6117e-003  3.8915e-001
 2.993625e-006  4.0000e-001  4.0000e-001  8.2702e-003  3.8839e-001
 2.997625e-006  4.0000e-001  4.0000e-001  7.7585e-003  3.8877e-001
 3.000000e-006  4.0000e-001  4.0000e-001  8.1562e-003  3.8865e-001

* BEGIN NON-GRAPHICAL DATA

Power Results
VVDD from time 0 to 3e-006
Average power consumed -> 1.334930e-006 watts
Max power 6.990923e-006 at time 1.201e-006 
Min power 1.716289e-007 at time 2.24075e-006 


* END NON-GRAPHICAL DATA


* BEGIN NON-GRAPHICAL DATA

MEASUREMENT RESULTS

DELAY = not found
   Trigger = 2.1000e-008   
   Target  = not found

* END NON-GRAPHICAL DATA
*

* Parsing                      0.00 seconds
* Setup                        0.01 seconds
* DC operating point           0.00 seconds
* Transient Analysis           0.27 seconds
* Overhead                     1.33 seconds
* -----------------------------------------
* Total                        1.61 seconds

* Simulation completed

* End of T-Spice output file
